[21/11/2014 09:07:42 PM] : Game Initialized.
[21/11/2014 09:07:46 PM] : Play button clicked.
[21/11/2014 09:07:46 PM] : MapChooser Screen open
[21/11/2014 09:07:46 PM] : Listed all mapfiles from MapFiel folder
[21/11/2014 09:07:49 PM] : Let's Play clicked.
[21/11/2014 09:07:49 PM] : User's map file:chital.team7
[21/11/2014 09:07:49 PM] : Game Play Started.
[21/11/2014 09:07:49 PM] : Game Play Screen intialized.
[21/11/2014 09:07:50 PM] : Basic Images are loaded successfully.
[21/11/2014 09:07:50 PM] : First Level get started
[21/11/2014 09:07:50 PM] : 5 New Creatures Created.
[21/11/2014 09:07:50 PM] : Game Play Start
[21/11/2014 09:07:51 PM] : Mob Id:0 get started moving.
[21/11/2014 09:07:52 PM] : Tower Id:3 placed at (1,2)
[21/11/2014 09:07:52 PM] : Tower Inspection window opend for Tower:3 at (1,2)
[21/11/2014 09:07:53 PM] : Mob Id:1 get started moving.
[21/11/2014 09:07:54 PM] : Mob Id:2 get started moving.
[21/11/2014 09:07:55 PM] : Tower Id:4 placed at (3,4)
[21/11/2014 09:07:55 PM] : Tower Inspection window opend for Tower:4 at (3,4)
[21/11/2014 09:07:55 PM] : Mob Id:3 get started moving.
[21/11/2014 09:07:57 PM] : Mob Id:4 get started moving.
[21/11/2014 09:07:57 PM] : Tower Id:5 placed at (5,2)
[21/11/2014 09:07:57 PM] : Tower Inspection window opend for Tower:5 at (5,2)
[21/11/2014 09:07:57 PM] : Mob Killed, Mob Id :0
[21/11/2014 09:07:57 PM] : Mob killing reward added to main amount.
[21/11/2014 09:07:59 PM] : Tower Id:6 placed at (3,2)
[21/11/2014 09:07:59 PM] : Tower Inspection window opend for Tower:6 at (3,2)
[21/11/2014 09:08:00 PM] : Mob Killed, Mob Id :4
[21/11/2014 09:08:00 PM] : Mob killing reward added to main amount.
[21/11/2014 09:08:00 PM] : Mob Killed, Mob Id :3
[21/11/2014 09:08:00 PM] : Mob killing reward added to main amount.
[21/11/2014 09:08:01 PM] : Tower Inspection window opend for Tower:3 at (1,2)
[21/11/2014 09:08:02 PM] : Tower Upgrade to Level:2 Range:64 Rate:2
[21/11/2014 09:08:02 PM] : Tower Upgrade cost deducted from total money.
[21/11/2014 09:08:02 PM] : Tower Inspection window opend for Tower:4 at (3,4)
[21/11/2014 09:08:03 PM] : Tower Upgrade to Level:2 Range:88 Rate:3
[21/11/2014 09:08:03 PM] : Tower Upgrade cost deducted from total money.
[21/11/2014 09:08:03 PM] : Mob Killed, Mob Id :1
[21/11/2014 09:08:03 PM] : Mob killing reward added to main amount.
[21/11/2014 09:08:04 PM] : Tower Inspection window opend for Tower:6 at (3,2)
[21/11/2014 09:08:04 PM] : Mob Killed, Mob Id :2
[21/11/2014 09:08:04 PM] : Mob killing reward added to main amount.
[21/11/2014 09:08:04 PM] : Game Level Upgraded to : 2
[21/11/2014 09:08:04 PM] : new Cretures : 10
[21/11/2014 09:08:05 PM] : Tower Upgrade to Level:2 Range:128 Rate:6
[21/11/2014 09:08:05 PM] : Tower Upgrade cost deducted from total money.
[21/11/2014 09:08:05 PM] : Mob Id:0 get started moving.
[21/11/2014 09:08:06 PM] : Tower Inspection window opend for Tower:5 at (5,2)
[21/11/2014 09:08:06 PM] : Mob Id:1 get started moving.
[21/11/2014 09:08:06 PM] : Mob Killed, Mob Id :0
[21/11/2014 09:08:06 PM] : Mob killing reward added to main amount.
[21/11/2014 09:08:07 PM] : Tower Upgrade to Level:2 Range:108 Rate:10
[21/11/2014 09:08:07 PM] : Tower Upgrade cost deducted from total money.
[21/11/2014 09:08:07 PM] : Mob Id:2 get started moving.
[21/11/2014 09:08:08 PM] : Mob Killed, Mob Id :1
[21/11/2014 09:08:08 PM] : Mob killing reward added to main amount.
[21/11/2014 09:08:08 PM] : Mob Id:3 get started moving.
[21/11/2014 09:08:09 PM] : Mob Killed, Mob Id :2
[21/11/2014 09:08:09 PM] : Mob killing reward added to main amount.
[21/11/2014 09:08:10 PM] : Tower Id:6 removed from (1,2)
[21/11/2014 09:08:10 PM] : Tower Sell reward done.
[21/11/2014 09:08:10 PM] : Mob Id:4 get started moving.
[21/11/2014 09:08:11 PM] : Tower Id:6 removed from (3,2)
[21/11/2014 09:08:11 PM] : Tower Sell reward done.
[21/11/2014 09:08:11 PM] : Mob Id:5 get started moving.
[21/11/2014 09:08:11 PM] : Mob Killed, Mob Id :3
[21/11/2014 09:08:11 PM] : Mob killing reward added to main amount.
[21/11/2014 09:08:12 PM] : Tower Id:6 removed from (3,4)
[21/11/2014 09:08:12 PM] : Tower Sell reward done.
[21/11/2014 09:08:12 PM] : Mob Id:6 get started moving.
[21/11/2014 09:08:13 PM] : Mob Id:7 get started moving.
[21/11/2014 09:08:14 PM] : Tower Id:6 removed from (5,2)
[21/11/2014 09:08:14 PM] : Tower Sell reward done.
[21/11/2014 09:08:15 PM] : Mob Id:8 get started moving.
[21/11/2014 09:08:16 PM] : Mob Id:9 get started moving.
[21/11/2014 09:08:21 PM] : Tower Upgrade to Level:3 Range:128 Rate:15
[21/11/2014 09:08:21 PM] : Tower Upgrade cost deducted from total money.
[21/11/2014 09:08:21 PM] : Tower Upgrade to Level:4 Range:148 Rate:20
[21/11/2014 09:08:21 PM] : Tower Upgrade cost deducted from total money.
[21/11/2014 09:08:22 PM] : Tower Upgrade to Level:5 Range:168 Rate:25
[21/11/2014 09:08:22 PM] : Tower Upgrade cost deducted from total money.
[21/11/2014 09:08:25 PM] : Tower Id:3 placed at (7,3)
[21/11/2014 09:08:25 PM] : Tower Inspection window opend for Tower:3 at (7,3)
[21/11/2014 09:08:29 PM] : Tower Id:3 placed at (7,2)
[21/11/2014 09:08:29 PM] : Tower Inspection window opend for Tower:3 at (7,2)
[21/11/2014 09:08:31 PM] : Tower Id:3 removed from (7,2)
[21/11/2014 09:08:31 PM] : Tower Sell reward done.
[21/11/2014 09:08:32 PM] : Tower Id:3 removed from (7,3)
[21/11/2014 09:08:32 PM] : Tower Sell reward done.
[21/11/2014 09:08:34 PM] : Tower Id:4 placed at (8,4)
[21/11/2014 09:08:34 PM] : Tower Inspection window opend for Tower:4 at (8,4)
[21/11/2014 09:08:36 PM] : Mob Killed, Mob Id :4
[21/11/2014 09:08:36 PM] : Mob killing reward added to main amount.
[21/11/2014 09:08:39 PM] : Mob Killed, Mob Id :6
[21/11/2014 09:08:39 PM] : Mob killing reward added to main amount.
[21/11/2014 09:08:42 PM] : Mob Killed, Mob Id :9
[21/11/2014 09:08:42 PM] : Mob killing reward added to main amount.
[21/11/2014 09:08:44 PM] : User lost game.
[21/11/2014 09:08:44 PM] : User lost game.
[21/11/2014 09:08:44 PM] : User lost game.
[21/11/2014 09:08:44 PM] : User lost game.
[21/11/2014 09:08:44 PM] : User lost game.
[21/11/2014 09:08:44 PM] : User lost game.
[21/11/2014 09:08:44 PM] : User lost game.
[21/11/2014 09:08:44 PM] : User lost game.
[21/11/2014 09:08:44 PM] : User lost game.
[21/11/2014 09:08:44 PM] : User lost game.
[21/11/2014 09:08:44 PM] : User lost game.
[21/11/2014 09:08:44 PM] : User lost game.
[21/11/2014 09:08:44 PM] : User lost game.
[21/11/2014 09:08:44 PM] : User lost game.
[21/11/2014 09:08:44 PM] : User lost game.
[21/11/2014 09:08:44 PM] : User lost game.
[21/11/2014 09:08:44 PM] : User lost game.
[21/11/2014 09:08:44 PM] : User lost game.
[21/11/2014 09:08:44 PM] : User lost game.
[21/11/2014 09:08:44 PM] : User lost game.
[21/11/2014 09:08:44 PM] : User lost game.
[21/11/2014 09:08:44 PM] : User lost game.
[21/11/2014 09:08:44 PM] : User lost game.
[21/11/2014 09:08:44 PM] : User lost game.
[21/11/2014 09:08:44 PM] : User lost game.
[21/11/2014 09:08:44 PM] : User lost game.
[21/11/2014 09:08:44 PM] : User lost game.
[21/11/2014 09:08:44 PM] : User lost game.
[21/11/2014 09:08:44 PM] : User lost game.
[21/11/2014 09:08:44 PM] : User lost game.
[21/11/2014 09:08:44 PM] : User lost game.
[21/11/2014 09:08:44 PM] : User lost game.
[21/11/2014 09:08:44 PM] : User lost game.
[21/11/2014 09:08:44 PM] : User lost game.
[21/11/2014 09:08:44 PM] : User lost game.
[21/11/2014 09:08:44 PM] : User lost game.
[21/11/2014 09:08:44 PM] : User lost game.
[21/11/2014 09:08:44 PM] : User lost game.
[21/11/2014 09:08:44 PM] : User lost game.
[21/11/2014 09:08:44 PM] : User lost game.
[21/11/2014 09:08:44 PM] : User lost game.
[21/11/2014 09:08:44 PM] : User lost game.
[21/11/2014 09:08:44 PM] : User lost game.
[21/11/2014 09:08:44 PM] : User lost game.
[21/11/2014 09:08:44 PM] : User lost game.
[21/11/2014 09:08:44 PM] : User lost game.
[21/11/2014 09:08:44 PM] : User lost game.
[21/11/2014 09:08:44 PM] : User lost game.
[21/11/2014 09:08:44 PM] : User lost game.
[21/11/2014 09:08:44 PM] : User lost game.
[21/11/2014 09:08:44 PM] : User lost game.
[21/11/2014 09:08:44 PM] : User lost game.
[21/11/2014 09:08:44 PM] : User lost game.
[21/11/2014 09:08:44 PM] : User lost game.
[21/11/2014 09:08:44 PM] : User lost game.
[21/11/2014 09:08:44 PM] : User lost game.
[21/11/2014 09:08:44 PM] : User lost game.
[21/11/2014 09:08:44 PM] : User lost game.
[21/11/2014 09:08:44 PM] : User lost game.
[21/11/2014 09:08:44 PM] : User lost game.
[21/11/2014 09:08:44 PM] : User lost game.
[21/11/2014 09:08:44 PM] : User lost game.
[21/11/2014 09:08:44 PM] : User lost game.
[21/11/2014 09:08:44 PM] : User lost game.
[21/11/2014 09:08:44 PM] : User lost game.
[21/11/2014 09:08:44 PM] : User lost game.
[21/11/2014 09:08:44 PM] : User lost game.
[21/11/2014 09:08:44 PM] : User lost game.
[21/11/2014 09:08:44 PM] : User lost game.
[21/11/2014 09:08:44 PM] : User lost game.
[21/11/2014 09:08:44 PM] : User lost game.
[21/11/2014 09:08:44 PM] : User lost game.
[21/11/2014 09:08:44 PM] : User lost game.
[21/11/2014 09:08:44 PM] : User lost game.
[21/11/2014 09:08:44 PM] : User lost game.
[21/11/2014 09:08:44 PM] : User lost game.
[21/11/2014 09:08:44 PM] : User lost game.
[21/11/2014 09:08:44 PM] : User lost game.
[21/11/2014 09:08:44 PM] : User lost game.
[21/11/2014 09:08:44 PM] : User lost game.
[21/11/2014 09:08:44 PM] : User lost game.
[21/11/2014 09:08:44 PM] : User lost game.
[21/11/2014 09:08:44 PM] : User lost game.
[21/11/2014 09:08:44 PM] : User lost game.
[21/11/2014 09:08:44 PM] : User lost game.
[21/11/2014 09:08:44 PM] : User lost game.
[21/11/2014 09:08:44 PM] : User lost game.
[21/11/2014 09:08:44 PM] : User lost game.
[21/11/2014 09:08:44 PM] : User lost game.
[21/11/2014 09:08:44 PM] : User lost game.
[21/11/2014 09:08:44 PM] : User lost game.
[21/11/2014 09:08:44 PM] : User lost game.
[21/11/2014 09:08:44 PM] : User lost game.
[21/11/2014 09:08:44 PM] : User lost game.
[21/11/2014 09:08:44 PM] : User lost game.
[21/11/2014 09:08:44 PM] : User lost game.
[21/11/2014 09:08:44 PM] : User lost game.
[21/11/2014 09:08:44 PM] : User lost game.
[21/11/2014 09:08:44 PM] : User lost game.
[21/11/2014 09:08:44 PM] : User lost game.
[21/11/2014 09:08:44 PM] : User lost game.
[21/11/2014 09:08:44 PM] : User lost game.
[21/11/2014 09:08:44 PM] : User lost game.
[21/11/2014 09:08:44 PM] : User lost game.
[21/11/2014 09:08:44 PM] : User lost game.
[21/11/2014 09:08:44 PM] : User lost game.
[21/11/2014 09:08:44 PM] : User lost game.
[21/11/2014 09:08:44 PM] : User lost game.
[21/11/2014 09:08:44 PM] : User lost game.
[21/11/2014 09:08:44 PM] : User lost game.
[21/11/2014 09:08:44 PM] : User lost game.
[21/11/2014 09:08:44 PM] : User lost game.
[21/11/2014 09:08:44 PM] : User lost game.
[21/11/2014 09:08:44 PM] : User lost game.
[21/11/2014 09:08:44 PM] : User lost game.
[21/11/2014 09:08:44 PM] : User lost game.
[21/11/2014 09:08:44 PM] : User lost game.
[21/11/2014 09:08:44 PM] : User lost game.
[21/11/2014 09:08:44 PM] : User lost game.
[21/11/2014 09:08:44 PM] : User lost game.
[21/11/2014 09:08:44 PM] : User lost game.
[21/11/2014 09:08:44 PM] : User lost game.
[21/11/2014 09:08:44 PM] : User lost game.
[21/11/2014 09:08:44 PM] : User lost game.
[21/11/2014 09:08:44 PM] : User lost game.
[21/11/2014 09:08:44 PM] : User lost game.
[21/11/2014 09:08:44 PM] : User lost game.
[21/11/2014 09:08:44 PM] : User lost game.
[21/11/2014 09:08:44 PM] : User lost game.
[21/11/2014 09:08:44 PM] : User lost game.
[21/11/2014 09:08:44 PM] : User lost game.
[21/11/2014 09:08:44 PM] : User lost game.
[21/11/2014 09:08:44 PM] : User lost game.
[21/11/2014 09:08:44 PM] : User lost game.
[21/11/2014 09:08:44 PM] : User lost game.
[21/11/2014 09:08:44 PM] : User lost game.
[21/11/2014 09:08:44 PM] : User lost game.
[21/11/2014 09:08:44 PM] : User lost game.
[21/11/2014 09:08:44 PM] : User lost game.
[21/11/2014 09:08:44 PM] : User lost game.
[21/11/2014 09:08:44 PM] : User lost game.
[21/11/2014 09:08:44 PM] : User lost game.
[21/11/2014 09:08:44 PM] : User lost game.
[21/11/2014 09:08:44 PM] : User lost game.
[21/11/2014 09:08:44 PM] : User lost game.
[21/11/2014 09:08:44 PM] : User lost game.
[21/11/2014 09:08:44 PM] : User lost game.
[21/11/2014 09:08:44 PM] : User lost game.
[21/11/2014 09:08:44 PM] : User lost game.
[21/11/2014 09:08:44 PM] : User lost game.
[21/11/2014 09:08:44 PM] : User lost game.
[21/11/2014 09:08:44 PM] : User lost game.
[21/11/2014 09:08:44 PM] : User lost game.
[21/11/2014 09:08:44 PM] : User lost game.
[21/11/2014 09:08:44 PM] : User lost game.
[21/11/2014 09:08:44 PM] : User lost game.
[21/11/2014 09:08:44 PM] : User lost game.
[21/11/2014 09:08:44 PM] : User lost game.
[21/11/2014 09:08:44 PM] : User lost game.
[21/11/2014 09:08:44 PM] : User lost game.
[21/11/2014 09:08:44 PM] : User lost game.
[21/11/2014 09:08:44 PM] : User lost game.
[21/11/2014 09:08:44 PM] : User lost game.
[21/11/2014 09:08:44 PM] : User lost game.
[21/11/2014 09:08:44 PM] : User lost game.
[21/11/2014 09:08:44 PM] : User lost game.
[21/11/2014 09:08:44 PM] : User lost game.
[21/11/2014 09:08:44 PM] : User lost game.
[21/11/2014 09:08:44 PM] : User lost game.
[21/11/2014 09:08:44 PM] : User lost game.
[21/11/2014 09:08:44 PM] : User lost game.
[21/11/2014 09:08:44 PM] : User lost game.
[21/11/2014 09:08:44 PM] : User lost game.
[21/11/2014 09:08:44 PM] : User lost game.
[21/11/2014 09:08:44 PM] : User lost game.
[21/11/2014 09:08:44 PM] : User lost game.
[21/11/2014 09:08:44 PM] : User lost game.
[21/11/2014 09:08:44 PM] : User lost game.
[21/11/2014 09:08:44 PM] : User lost game.
[21/11/2014 09:08:44 PM] : User lost game.
[21/11/2014 09:08:44 PM] : User lost game.
[21/11/2014 09:08:44 PM] : User lost game.
[21/11/2014 09:08:44 PM] : User lost game.
[21/11/2014 09:08:44 PM] : User lost game.
[21/11/2014 09:08:44 PM] : User lost game.
[21/11/2014 09:08:44 PM] : User lost game.
[21/11/2014 09:08:44 PM] : User lost game.
[21/11/2014 09:08:44 PM] : User lost game.
[21/11/2014 09:08:44 PM] : User lost game.
[21/11/2014 09:08:44 PM] : User lost game.
[21/11/2014 09:08:44 PM] : User lost game.
[21/11/2014 09:08:44 PM] : User lost game.
[21/11/2014 09:08:44 PM] : User lost game.
[21/11/2014 09:08:44 PM] : User lost game.
[21/11/2014 09:08:44 PM] : User lost game.
[21/11/2014 09:08:44 PM] : User lost game.
[21/11/2014 09:08:44 PM] : User lost game.
[21/11/2014 09:08:44 PM] : User lost game.
[21/11/2014 09:08:44 PM] : User lost game.
[21/11/2014 09:08:44 PM] : User lost game.
[21/11/2014 09:08:44 PM] : User lost game.
[21/11/2014 09:08:44 PM] : User lost game.
[21/11/2014 09:08:44 PM] : User lost game.
[21/11/2014 09:08:44 PM] : User lost game.
[21/11/2014 09:08:44 PM] : User lost game.
[21/11/2014 09:08:44 PM] : User lost game.
[21/11/2014 09:08:44 PM] : User lost game.
[21/11/2014 09:08:44 PM] : User lost game.
[21/11/2014 09:08:44 PM] : User lost game.
[21/11/2014 09:08:44 PM] : User lost game.
[21/11/2014 09:08:44 PM] : User lost game.
[21/11/2014 09:08:44 PM] : User lost game.
[21/11/2014 09:08:44 PM] : User lost game.
[21/11/2014 09:08:44 PM] : User lost game.
[21/11/2014 09:08:44 PM] : User lost game.
[21/11/2014 09:08:44 PM] : User lost game.
[21/11/2014 09:08:44 PM] : User lost game.
[21/11/2014 09:08:44 PM] : User lost game.
[21/11/2014 09:08:44 PM] : User lost game.
[21/11/2014 09:08:44 PM] : User lost game.
[21/11/2014 09:08:44 PM] : User lost game.
[21/11/2014 09:08:44 PM] : User lost game.
[21/11/2014 09:08:44 PM] : User lost game.
[21/11/2014 09:08:44 PM] : User lost game.
[21/11/2014 09:08:44 PM] : User lost game.
[21/11/2014 09:08:44 PM] : User lost game.
[21/11/2014 09:08:44 PM] : User lost game.
[21/11/2014 09:08:44 PM] : User lost game.
[21/11/2014 09:08:44 PM] : User lost game.
[21/11/2014 09:08:44 PM] : User lost game.
[21/11/2014 09:08:44 PM] : User lost game.
[21/11/2014 09:08:44 PM] : User lost game.
[21/11/2014 09:08:44 PM] : User lost game.
[21/11/2014 09:08:44 PM] : User lost game.
[21/11/2014 09:08:44 PM] : User lost game.
[21/11/2014 09:08:44 PM] : User lost game.
[21/11/2014 09:08:44 PM] : User lost game.
[21/11/2014 09:08:44 PM] : User lost game.
[21/11/2014 09:08:44 PM] : User lost game.
[21/11/2014 09:08:44 PM] : User lost game.
[21/11/2014 09:08:44 PM] : User lost game.
[21/11/2014 09:08:44 PM] : User lost game.
[21/11/2014 09:08:44 PM] : User lost game.
[21/11/2014 09:08:44 PM] : User lost game.
[21/11/2014 09:08:44 PM] : User lost game.
[21/11/2014 09:08:44 PM] : User lost game.
[21/11/2014 09:08:44 PM] : User lost game.
[21/11/2014 09:08:44 PM] : User lost game.
[21/11/2014 09:08:44 PM] : User lost game.
[21/11/2014 09:08:44 PM] : User lost game.
[21/11/2014 09:08:44 PM] : User lost game.
[21/11/2014 09:08:44 PM] : User lost game.
[21/11/2014 09:08:44 PM] : User lost game.
[21/11/2014 09:08:44 PM] : User lost game.
[21/11/2014 09:08:44 PM] : User lost game.
[21/11/2014 09:08:44 PM] : User lost game.
[21/11/2014 09:08:44 PM] : User lost game.
[21/11/2014 09:08:44 PM] : User lost game.
[21/11/2014 09:08:44 PM] : User lost game.
[21/11/2014 09:08:44 PM] : User lost game.
[21/11/2014 09:08:44 PM] : User lost game.
[21/11/2014 09:08:44 PM] : User lost game.
[21/11/2014 09:08:44 PM] : User lost game.
[21/11/2014 09:08:44 PM] : User lost game.
[21/11/2014 09:08:44 PM] : User lost game.
[21/11/2014 09:08:44 PM] : User lost game.
[21/11/2014 09:08:44 PM] : User lost game.
[21/11/2014 09:08:44 PM] : User lost game.
[21/11/2014 09:08:44 PM] : User lost game.
[21/11/2014 09:08:44 PM] : User lost game.
[21/11/2014 09:08:44 PM] : User lost game.
[21/11/2014 09:08:44 PM] : User lost game.
[21/11/2014 09:08:44 PM] : User lost game.
[21/11/2014 09:08:44 PM] : User lost game.
[21/11/2014 09:08:44 PM] : User lost game.
[21/11/2014 09:08:44 PM] : User lost game.
[21/11/2014 09:08:45 PM] : User lost game.
[21/11/2014 09:08:45 PM] : User lost game.
[21/11/2014 09:08:45 PM] : User lost game.
[21/11/2014 09:08:45 PM] : User lost game.
[21/11/2014 09:08:45 PM] : User lost game.
[21/11/2014 09:08:45 PM] : User lost game.
[21/11/2014 09:08:45 PM] : User lost game.
[21/11/2014 09:08:45 PM] : User lost game.
[21/11/2014 09:08:45 PM] : User lost game.
[21/11/2014 09:08:45 PM] : User lost game.
[21/11/2014 09:08:45 PM] : User lost game.
[21/11/2014 09:08:45 PM] : User lost game.
[21/11/2014 09:08:45 PM] : User lost game.
[21/11/2014 09:08:45 PM] : User lost game.
[21/11/2014 09:08:45 PM] : User lost game.
[21/11/2014 09:08:45 PM] : User lost game.
[21/11/2014 09:08:45 PM] : User lost game.
[21/11/2014 09:08:45 PM] : User lost game.
[21/11/2014 09:08:45 PM] : User lost game.
[21/11/2014 09:08:45 PM] : User lost game.
[21/11/2014 09:08:45 PM] : User lost game.
[21/11/2014 09:08:45 PM] : User lost game.
[21/11/2014 09:08:45 PM] : User lost game.
[21/11/2014 09:08:45 PM] : User lost game.
[21/11/2014 09:08:45 PM] : User lost game.
[21/11/2014 09:08:45 PM] : User lost game.
[21/11/2014 09:08:45 PM] : User lost game.
[21/11/2014 09:08:45 PM] : User lost game.
[21/11/2014 09:08:45 PM] : User lost game.
[21/11/2014 09:08:45 PM] : User lost game.
[21/11/2014 09:08:45 PM] : User lost game.
[21/11/2014 09:08:45 PM] : User lost game.
[21/11/2014 09:08:45 PM] : User lost game.
[21/11/2014 09:08:45 PM] : User lost game.
[21/11/2014 09:08:45 PM] : User lost game.
[21/11/2014 09:08:45 PM] : User lost game.
[21/11/2014 09:08:45 PM] : User lost game.
[21/11/2014 09:08:45 PM] : User lost game.
[21/11/2014 09:08:45 PM] : User lost game.
[21/11/2014 09:08:45 PM] : User lost game.
[21/11/2014 09:08:45 PM] : User lost game.
[21/11/2014 09:08:45 PM] : User lost game.
[21/11/2014 09:08:45 PM] : User lost game.
[21/11/2014 09:08:45 PM] : User lost game.
[21/11/2014 09:08:45 PM] : User lost game.
[21/11/2014 09:08:45 PM] : User lost game.
[21/11/2014 09:08:45 PM] : User lost game.
[21/11/2014 09:08:45 PM] : User lost game.
[21/11/2014 09:08:45 PM] : User lost game.
[21/11/2014 09:08:45 PM] : User lost game.
[21/11/2014 09:08:45 PM] : User lost game.
[21/11/2014 09:08:45 PM] : User lost game.
[21/11/2014 09:08:45 PM] : User lost game.
[21/11/2014 09:08:45 PM] : User lost game.
[21/11/2014 09:08:45 PM] : User lost game.
[21/11/2014 09:08:45 PM] : User lost game.
[21/11/2014 09:08:45 PM] : User lost game.
[21/11/2014 09:08:45 PM] : User lost game.
[21/11/2014 09:08:45 PM] : User lost game.
[21/11/2014 09:08:45 PM] : User lost game.
[21/11/2014 09:08:45 PM] : User lost game.
[21/11/2014 09:08:45 PM] : User lost game.
[21/11/2014 09:08:45 PM] : User lost game.
[21/11/2014 09:08:45 PM] : User lost game.
[21/11/2014 09:08:45 PM] : User lost game.
[21/11/2014 09:08:45 PM] : User lost game.
[21/11/2014 09:08:45 PM] : User lost game.
[21/11/2014 09:08:45 PM] : User lost game.
[21/11/2014 09:08:45 PM] : User lost game.
[21/11/2014 09:08:45 PM] : User lost game.
[21/11/2014 09:08:45 PM] : User lost game.
[21/11/2014 09:08:45 PM] : User lost game.
[21/11/2014 09:08:45 PM] : User lost game.
[21/11/2014 09:08:45 PM] : User lost game.
[21/11/2014 09:08:45 PM] : User lost game.
[21/11/2014 09:08:45 PM] : User lost game.
[21/11/2014 09:08:45 PM] : User lost game.
[21/11/2014 09:08:45 PM] : User lost game.
[21/11/2014 09:08:45 PM] : User lost game.
[21/11/2014 09:08:45 PM] : User lost game.
[21/11/2014 09:08:45 PM] : User lost game.
[21/11/2014 09:08:45 PM] : User lost game.
[21/11/2014 09:08:45 PM] : User lost game.
[21/11/2014 09:08:45 PM] : User lost game.
[21/11/2014 09:08:45 PM] : User lost game.
[21/11/2014 09:08:45 PM] : User lost game.
[21/11/2014 09:08:45 PM] : User lost game.
[21/11/2014 09:08:45 PM] : User lost game.
[21/11/2014 09:08:45 PM] : User lost game.
[21/11/2014 09:08:45 PM] : User lost game.
[21/11/2014 09:08:45 PM] : User lost game.
[21/11/2014 09:08:45 PM] : User lost game.
[21/11/2014 09:08:45 PM] : User lost game.
[21/11/2014 09:08:45 PM] : User lost game.
[21/11/2014 09:08:45 PM] : User lost game.
[21/11/2014 09:08:45 PM] : User lost game.
[21/11/2014 09:08:45 PM] : User lost game.
[21/11/2014 09:08:45 PM] : User lost game.
[21/11/2014 09:08:45 PM] : User lost game.
[21/11/2014 09:08:45 PM] : User lost game.
[21/11/2014 09:08:45 PM] : User lost game.
[21/11/2014 09:08:45 PM] : User lost game.
[21/11/2014 09:08:45 PM] : User lost game.
[21/11/2014 09:08:45 PM] : User lost game.
[21/11/2014 09:08:45 PM] : User lost game.
[21/11/2014 09:08:45 PM] : User lost game.
[21/11/2014 09:08:45 PM] : User lost game.
[21/11/2014 09:08:45 PM] : User lost game.
[21/11/2014 09:08:45 PM] : User lost game.
[21/11/2014 09:08:45 PM] : User lost game.
[21/11/2014 09:08:45 PM] : User lost game.
[21/11/2014 09:08:45 PM] : User lost game.
[21/11/2014 09:08:45 PM] : User lost game.
[21/11/2014 09:08:45 PM] : User lost game.
[21/11/2014 09:08:45 PM] : User lost game.
[21/11/2014 09:08:45 PM] : User lost game.
[21/11/2014 09:08:45 PM] : User lost game.
[21/11/2014 09:08:45 PM] : User lost game.
[21/11/2014 09:08:45 PM] : User lost game.
[21/11/2014 09:08:45 PM] : User lost game.
[21/11/2014 09:08:45 PM] : User lost game.
[21/11/2014 09:08:45 PM] : User lost game.
[21/11/2014 09:08:45 PM] : User lost game.
[21/11/2014 09:08:45 PM] : User lost game.
[21/11/2014 09:08:45 PM] : User lost game.
[21/11/2014 09:08:45 PM] : User lost game.
[21/11/2014 09:08:45 PM] : User lost game.
[21/11/2014 09:08:45 PM] : User lost game.
[21/11/2014 09:08:45 PM] : User lost game.
[21/11/2014 09:08:45 PM] : User lost game.
[21/11/2014 09:08:45 PM] : User lost game.
[21/11/2014 09:08:45 PM] : User lost game.
[21/11/2014 09:08:45 PM] : User lost game.
[21/11/2014 09:08:45 PM] : User lost game.
[21/11/2014 09:08:45 PM] : User lost game.
[21/11/2014 09:08:45 PM] : User lost game.
[21/11/2014 09:08:45 PM] : User lost game.
[21/11/2014 09:08:45 PM] : User lost game.
[21/11/2014 09:08:45 PM] : User lost game.
[21/11/2014 09:08:45 PM] : User lost game.
[21/11/2014 09:08:45 PM] : User lost game.
[21/11/2014 09:08:45 PM] : User lost game.
[21/11/2014 09:08:45 PM] : User lost game.
[21/11/2014 09:08:45 PM] : User lost game.
[21/11/2014 09:08:45 PM] : User lost game.
[21/11/2014 09:08:45 PM] : User lost game.
[21/11/2014 09:08:45 PM] : User lost game.
[21/11/2014 09:08:45 PM] : User lost game.
[21/11/2014 09:08:45 PM] : User lost game.
[21/11/2014 09:08:45 PM] : User lost game.
[21/11/2014 09:08:45 PM] : User lost game.
[21/11/2014 09:08:45 PM] : User lost game.
[21/11/2014 09:08:45 PM] : User lost game.
[21/11/2014 09:08:45 PM] : User lost game.
[21/11/2014 09:08:45 PM] : User lost game.
[21/11/2014 09:08:45 PM] : User lost game.
[21/11/2014 09:08:45 PM] : User lost game.
[21/11/2014 09:08:45 PM] : User lost game.
[21/11/2014 09:08:45 PM] : User lost game.
[21/11/2014 09:08:45 PM] : User lost game.
[21/11/2014 09:08:45 PM] : User lost game.
[21/11/2014 09:08:45 PM] : User lost game.
[21/11/2014 09:08:45 PM] : User lost game.
[21/11/2014 09:08:45 PM] : User lost game.
[21/11/2014 09:08:45 PM] : User lost game.
[21/11/2014 09:08:45 PM] : User lost game.
[21/11/2014 09:08:45 PM] : User lost game.
[21/11/2014 09:08:45 PM] : User lost game.
[21/11/2014 09:08:45 PM] : User lost game.
[21/11/2014 09:08:45 PM] : User lost game.
[21/11/2014 09:08:45 PM] : User lost game.
[21/11/2014 09:08:45 PM] : User lost game.
[21/11/2014 09:08:45 PM] : User lost game.
[21/11/2014 09:08:45 PM] : User lost game.
[21/11/2014 09:08:45 PM] : User lost game.
[21/11/2014 09:08:45 PM] : User lost game.
[21/11/2014 09:08:45 PM] : User lost game.
[21/11/2014 09:08:45 PM] : User lost game.
[21/11/2014 09:08:45 PM] : User lost game.
[21/11/2014 09:08:45 PM] : User lost game.
[21/11/2014 09:08:45 PM] : User lost game.
[21/11/2014 09:08:45 PM] : User lost game.
[21/11/2014 09:08:45 PM] : User lost game.
[21/11/2014 09:08:45 PM] : User lost game.
[21/11/2014 09:08:45 PM] : User lost game.
[21/11/2014 09:08:45 PM] : User lost game.
[21/11/2014 09:08:45 PM] : User lost game.
[21/11/2014 09:08:45 PM] : User lost game.
[21/11/2014 09:08:45 PM] : User lost game.
[21/11/2014 09:08:45 PM] : User lost game.
[21/11/2014 09:08:45 PM] : User lost game.
[21/11/2014 09:08:45 PM] : User lost game.
[21/11/2014 09:08:45 PM] : User lost game.
[21/11/2014 09:08:45 PM] : User lost game.
[21/11/2014 09:08:45 PM] : User lost game.
[21/11/2014 09:08:45 PM] : User lost game.
[21/11/2014 09:08:45 PM] : User lost game.
[21/11/2014 09:08:45 PM] : User lost game.
[21/11/2014 09:08:45 PM] : User lost game.
[21/11/2014 09:08:45 PM] : User lost game.
[21/11/2014 09:08:45 PM] : User lost game.
[21/11/2014 09:08:45 PM] : User lost game.
[21/11/2014 09:08:45 PM] : User lost game.
[21/11/2014 09:08:45 PM] : User lost game.
[21/11/2014 09:08:45 PM] : User lost game.
[21/11/2014 09:08:45 PM] : User lost game.
[21/11/2014 09:08:45 PM] : User lost game.
[21/11/2014 09:08:45 PM] : User lost game.
[21/11/2014 09:08:45 PM] : User lost game.
[21/11/2014 09:08:45 PM] : User lost game.
[21/11/2014 09:08:45 PM] : User lost game.
[21/11/2014 09:08:45 PM] : User lost game.
[21/11/2014 09:08:45 PM] : User lost game.
[21/11/2014 09:08:45 PM] : User lost game.
[21/11/2014 09:08:45 PM] : User lost game.
[21/11/2014 09:08:45 PM] : User lost game.
[21/11/2014 09:08:45 PM] : User lost game.
[21/11/2014 09:08:45 PM] : User lost game.
[21/11/2014 09:08:45 PM] : User lost game.
[21/11/2014 09:08:45 PM] : User lost game.
[21/11/2014 09:08:45 PM] : User lost game.
[21/11/2014 09:08:45 PM] : User lost game.
[21/11/2014 09:08:45 PM] : User lost game.
[21/11/2014 09:08:45 PM] : User lost game.
[21/11/2014 09:08:45 PM] : User lost game.
[21/11/2014 09:08:45 PM] : User lost game.
[21/11/2014 09:08:45 PM] : User lost game.
[21/11/2014 09:08:45 PM] : User lost game.
[21/11/2014 09:08:45 PM] : User lost game.
[21/11/2014 09:08:45 PM] : User lost game.
[21/11/2014 09:08:45 PM] : User lost game.
[21/11/2014 09:08:45 PM] : User lost game.
[21/11/2014 09:08:45 PM] : User lost game.
[21/11/2014 09:08:45 PM] : User lost game.
[21/11/2014 09:08:45 PM] : User lost game.
[21/11/2014 09:08:45 PM] : User lost game.
[21/11/2014 09:08:45 PM] : User lost game.
[21/11/2014 09:08:45 PM] : User lost game.
[21/11/2014 09:08:45 PM] : User lost game.
[21/11/2014 09:08:45 PM] : User lost game.
[21/11/2014 09:08:45 PM] : User lost game.
[21/11/2014 09:08:45 PM] : User lost game.
[21/11/2014 09:08:45 PM] : User lost game.
[21/11/2014 09:08:45 PM] : User lost game.
[21/11/2014 09:08:45 PM] : User lost game.
[21/11/2014 09:08:45 PM] : User lost game.
[21/11/2014 09:08:45 PM] : User lost game.
[21/11/2014 09:08:45 PM] : User lost game.
[21/11/2014 09:08:45 PM] : User lost game.
[21/11/2014 09:08:45 PM] : User lost game.
[21/11/2014 09:08:45 PM] : User lost game.
[21/11/2014 09:08:45 PM] : User lost game.
[21/11/2014 09:08:45 PM] : User lost game.
[21/11/2014 09:08:45 PM] : User lost game.
[21/11/2014 09:08:45 PM] : User lost game.
[21/11/2014 09:08:45 PM] : User lost game.
[21/11/2014 09:08:45 PM] : User lost game.
[21/11/2014 09:08:45 PM] : User lost game.
[21/11/2014 09:08:45 PM] : User lost game.
[21/11/2014 09:08:45 PM] : User lost game.
[21/11/2014 09:08:45 PM] : User lost game.
[21/11/2014 09:08:45 PM] : User lost game.
[21/11/2014 09:08:45 PM] : User lost game.
[21/11/2014 09:08:45 PM] : User lost game.
[21/11/2014 09:08:45 PM] : User lost game.
[21/11/2014 09:08:45 PM] : User lost game.
[21/11/2014 09:08:45 PM] : User lost game.
[21/11/2014 09:08:45 PM] : User lost game.
[21/11/2014 09:08:45 PM] : User lost game.
[21/11/2014 09:08:45 PM] : User lost game.
[21/11/2014 09:08:45 PM] : User lost game.
[21/11/2014 09:08:45 PM] : User lost game.
[21/11/2014 09:08:45 PM] : User lost game.
[21/11/2014 09:08:45 PM] : User lost game.
[21/11/2014 09:08:45 PM] : User lost game.
[21/11/2014 09:08:45 PM] : User lost game.
[21/11/2014 09:08:45 PM] : User lost game.
[21/11/2014 09:08:45 PM] : User lost game.
[21/11/2014 09:08:45 PM] : User lost game.
[21/11/2014 09:08:45 PM] : User lost game.
[21/11/2014 09:08:45 PM] : User lost game.
[21/11/2014 09:08:45 PM] : User lost game.
[21/11/2014 09:08:45 PM] : User lost game.
[21/11/2014 09:08:45 PM] : User lost game.
[21/11/2014 09:08:45 PM] : User lost game.
[21/11/2014 09:08:45 PM] : User lost game.
[21/11/2014 09:08:45 PM] : User lost game.
[21/11/2014 09:08:45 PM] : User lost game.
[21/11/2014 09:08:45 PM] : User lost game.
[21/11/2014 09:08:45 PM] : User lost game.
[21/11/2014 09:08:45 PM] : User lost game.
[21/11/2014 09:08:45 PM] : User lost game.
[21/11/2014 09:08:45 PM] : User lost game.
[21/11/2014 09:08:45 PM] : User lost game.
[21/11/2014 09:08:45 PM] : User lost game.
[21/11/2014 09:08:45 PM] : User lost game.
[21/11/2014 09:08:45 PM] : User lost game.
[21/11/2014 09:08:45 PM] : User lost game.
[21/11/2014 09:08:45 PM] : User lost game.
[21/11/2014 09:08:45 PM] : User lost game.
[21/11/2014 09:08:45 PM] : User lost game.
[21/11/2014 09:08:45 PM] : User lost game.
[21/11/2014 09:08:45 PM] : User lost game.
[21/11/2014 09:08:45 PM] : User lost game.
[21/11/2014 09:08:45 PM] : User lost game.
[21/11/2014 09:08:45 PM] : User lost game.
[21/11/2014 09:08:45 PM] : User lost game.
[21/11/2014 09:08:45 PM] : User lost game.
[21/11/2014 09:08:45 PM] : User lost game.
[21/11/2014 09:08:45 PM] : User lost game.
[21/11/2014 09:08:45 PM] : User lost game.
[21/11/2014 09:08:45 PM] : User lost game.
[21/11/2014 09:08:45 PM] : User lost game.
[21/11/2014 09:08:45 PM] : User lost game.
[21/11/2014 09:08:45 PM] : User lost game.
[21/11/2014 09:08:45 PM] : User lost game.
[21/11/2014 09:08:45 PM] : User lost game.
[21/11/2014 09:08:45 PM] : User lost game.
[21/11/2014 09:08:45 PM] : User lost game.
[21/11/2014 09:08:45 PM] : User lost game.
[21/11/2014 09:08:45 PM] : User lost game.
[21/11/2014 09:08:45 PM] : User lost game.
[21/11/2014 09:08:45 PM] : User lost game.
[21/11/2014 09:08:45 PM] : User lost game.
[21/11/2014 09:08:45 PM] : User lost game.
[21/11/2014 09:08:45 PM] : User lost game.
[21/11/2014 09:08:45 PM] : User lost game.
[21/11/2014 09:08:45 PM] : User lost game.
[21/11/2014 09:08:45 PM] : User lost game.
[21/11/2014 09:08:45 PM] : User lost game.
[21/11/2014 09:08:45 PM] : User lost game.
[21/11/2014 09:08:45 PM] : User lost game.
[21/11/2014 09:08:45 PM] : User lost game.
[21/11/2014 09:08:45 PM] : User lost game.
[21/11/2014 09:08:45 PM] : User lost game.
[21/11/2014 09:08:45 PM] : User lost game.
[21/11/2014 09:08:45 PM] : User lost game.
[21/11/2014 09:08:45 PM] : User lost game.
[21/11/2014 09:08:45 PM] : User lost game.
[21/11/2014 09:08:45 PM] : User lost game.
[21/11/2014 09:08:45 PM] : User lost game.
[21/11/2014 09:08:45 PM] : User lost game.
[21/11/2014 09:08:45 PM] : User lost game.
[21/11/2014 09:08:45 PM] : User lost game.
[21/11/2014 09:08:45 PM] : User lost game.
[21/11/2014 09:08:45 PM] : User lost game.
[21/11/2014 09:08:45 PM] : User lost game.
[21/11/2014 09:08:45 PM] : User lost game.
[21/11/2014 09:08:45 PM] : User lost game.
[21/11/2014 09:08:45 PM] : User lost game.
[21/11/2014 09:08:45 PM] : User lost game.
[21/11/2014 09:08:45 PM] : User lost game.
[21/11/2014 09:08:45 PM] : User lost game.
[21/11/2014 09:08:45 PM] : User lost game.
[21/11/2014 09:08:45 PM] : User lost game.
[21/11/2014 09:08:45 PM] : User lost game.
[21/11/2014 09:08:45 PM] : User lost game.
[21/11/2014 09:08:45 PM] : User lost game.
[21/11/2014 09:08:45 PM] : User lost game.
[21/11/2014 09:08:45 PM] : User lost game.
[21/11/2014 09:08:45 PM] : User lost game.
[21/11/2014 09:08:45 PM] : User lost game.
[21/11/2014 09:08:45 PM] : User lost game.
[21/11/2014 09:08:45 PM] : User lost game.
[21/11/2014 09:08:45 PM] : User lost game.
[21/11/2014 09:08:45 PM] : User lost game.
[21/11/2014 09:08:45 PM] : User lost game.
[21/11/2014 09:08:45 PM] : User lost game.
[21/11/2014 09:08:45 PM] : User lost game.
[21/11/2014 09:08:45 PM] : User lost game.
[21/11/2014 09:08:45 PM] : User lost game.
[21/11/2014 09:08:45 PM] : User lost game.
[21/11/2014 09:08:45 PM] : User lost game.
[21/11/2014 09:08:45 PM] : User lost game.
[21/11/2014 09:08:45 PM] : User lost game.
[21/11/2014 09:08:45 PM] : User lost game.
[21/11/2014 09:08:45 PM] : User lost game.
[21/11/2014 09:08:45 PM] : User lost game.
[21/11/2014 09:08:45 PM] : User lost game.
[21/11/2014 09:08:45 PM] : User lost game.
[21/11/2014 09:08:45 PM] : User lost game.
[21/11/2014 09:08:45 PM] : User lost game.
[21/11/2014 09:08:45 PM] : User lost game.
[21/11/2014 09:08:45 PM] : User lost game.
[21/11/2014 09:08:45 PM] : User lost game.
[21/11/2014 09:08:45 PM] : User lost game.
[21/11/2014 09:08:45 PM] : User lost game.
[21/11/2014 09:08:45 PM] : User lost game.
[21/11/2014 09:08:45 PM] : User lost game.
[21/11/2014 09:08:45 PM] : User lost game.
[21/11/2014 09:08:45 PM] : User lost game.
[21/11/2014 09:08:45 PM] : User lost game.
[21/11/2014 09:08:45 PM] : User lost game.
[21/11/2014 09:08:45 PM] : User lost game.
[21/11/2014 09:08:45 PM] : User lost game.
[21/11/2014 09:08:45 PM] : User lost game.
[21/11/2014 09:08:45 PM] : User lost game.
[21/11/2014 09:08:45 PM] : User lost game.
[21/11/2014 09:08:45 PM] : User lost game.
[21/11/2014 09:08:45 PM] : User lost game.
[21/11/2014 09:08:45 PM] : User lost game.
[21/11/2014 09:08:45 PM] : User lost game.
[21/11/2014 09:08:45 PM] : User lost game.
[21/11/2014 09:08:45 PM] : User lost game.
[21/11/2014 09:08:45 PM] : User lost game.
[21/11/2014 09:08:45 PM] : User lost game.
[21/11/2014 09:08:45 PM] : User lost game.
[21/11/2014 09:08:45 PM] : User lost game.
[21/11/2014 09:08:45 PM] : User lost game.
[21/11/2014 09:08:45 PM] : User lost game.
[21/11/2014 09:08:45 PM] : User lost game.
[21/11/2014 09:08:45 PM] : User lost game.
[21/11/2014 09:08:45 PM] : User lost game.
[21/11/2014 09:08:45 PM] : User lost game.
[21/11/2014 09:08:45 PM] : User lost game.
[21/11/2014 09:08:45 PM] : User lost game.
[21/11/2014 09:08:45 PM] : User lost game.
[21/11/2014 09:08:45 PM] : User lost game.
[21/11/2014 09:08:45 PM] : User lost game.
[21/11/2014 09:08:45 PM] : User lost game.
[21/11/2014 09:08:45 PM] : User lost game.
[21/11/2014 09:08:45 PM] : User lost game.
[21/11/2014 09:08:45 PM] : User lost game.
[21/11/2014 09:08:45 PM] : User lost game.
[21/11/2014 09:08:45 PM] : User lost game.
[21/11/2014 09:08:45 PM] : User lost game.
[21/11/2014 09:08:45 PM] : User lost game.
[21/11/2014 09:08:45 PM] : User lost game.
[21/11/2014 09:08:45 PM] : User lost game.
[21/11/2014 09:08:45 PM] : User lost game.
[21/11/2014 09:08:45 PM] : User lost game.
[21/11/2014 09:08:45 PM] : User lost game.
[21/11/2014 09:08:45 PM] : User lost game.
[21/11/2014 09:08:45 PM] : User lost game.
[21/11/2014 09:08:45 PM] : User lost game.
[21/11/2014 09:08:45 PM] : User lost game.
[21/11/2014 09:08:45 PM] : User lost game.
[21/11/2014 09:08:45 PM] : User lost game.
[21/11/2014 09:08:45 PM] : User lost game.
[21/11/2014 09:08:45 PM] : User lost game.
[21/11/2014 09:08:45 PM] : User lost game.
[21/11/2014 09:08:45 PM] : User lost game.
[21/11/2014 09:08:45 PM] : User lost game.
[21/11/2014 09:08:45 PM] : User lost game.
[21/11/2014 09:08:46 PM] : User lost game.
[21/11/2014 09:08:46 PM] : User lost game.
[21/11/2014 09:08:46 PM] : User lost game.
[21/11/2014 09:08:46 PM] : User lost game.
[21/11/2014 09:08:46 PM] : User lost game.
[21/11/2014 09:08:46 PM] : User lost game.
[21/11/2014 09:08:46 PM] : User lost game.
[21/11/2014 09:08:46 PM] : User lost game.
[21/11/2014 09:08:46 PM] : User lost game.
[21/11/2014 09:08:46 PM] : User lost game.
[21/11/2014 09:08:46 PM] : User lost game.
[21/11/2014 09:08:46 PM] : User lost game.
[21/11/2014 09:08:46 PM] : User lost game.
[21/11/2014 09:08:46 PM] : User lost game.
[21/11/2014 09:08:46 PM] : User lost game.
[21/11/2014 09:08:46 PM] : User lost game.
[21/11/2014 09:08:46 PM] : User lost game.
[21/11/2014 09:08:46 PM] : User lost game.
[21/11/2014 09:08:46 PM] : User lost game.
[21/11/2014 09:08:46 PM] : User lost game.
[21/11/2014 09:08:46 PM] : User lost game.
[21/11/2014 09:08:46 PM] : User lost game.
[21/11/2014 09:08:46 PM] : User lost game.
[21/11/2014 09:08:46 PM] : User lost game.
[21/11/2014 09:08:46 PM] : User lost game.
[21/11/2014 09:08:46 PM] : User lost game.
[21/11/2014 09:08:46 PM] : User lost game.
[21/11/2014 09:08:46 PM] : User lost game.
[21/11/2014 09:08:46 PM] : User lost game.
[21/11/2014 09:08:46 PM] : User lost game.
[21/11/2014 09:08:46 PM] : User lost game.
[21/11/2014 09:08:46 PM] : User lost game.
[21/11/2014 09:08:46 PM] : User lost game.
[21/11/2014 09:08:46 PM] : User lost game.
[21/11/2014 09:08:46 PM] : User lost game.
[21/11/2014 09:08:46 PM] : User lost game.
[21/11/2014 09:08:46 PM] : User lost game.
[21/11/2014 09:08:46 PM] : User lost game.
[21/11/2014 09:08:46 PM] : User lost game.
[21/11/2014 09:08:46 PM] : User lost game.
[21/11/2014 09:08:46 PM] : User lost game.
[21/11/2014 09:08:46 PM] : User lost game.
[21/11/2014 09:08:46 PM] : User lost game.
[21/11/2014 09:08:46 PM] : User lost game.
[21/11/2014 09:08:46 PM] : User lost game.
[21/11/2014 09:08:46 PM] : User lost game.
[21/11/2014 09:08:46 PM] : User lost game.
[21/11/2014 09:08:46 PM] : User lost game.
[21/11/2014 09:08:46 PM] : User lost game.
[21/11/2014 09:08:46 PM] : User lost game.
[21/11/2014 09:08:46 PM] : User lost game.
[21/11/2014 09:08:46 PM] : User lost game.
[21/11/2014 09:08:46 PM] : User lost game.
[21/11/2014 09:08:46 PM] : User lost game.
[21/11/2014 09:08:46 PM] : User lost game.
[21/11/2014 09:08:46 PM] : User lost game.
[21/11/2014 09:08:46 PM] : User lost game.
[21/11/2014 09:08:46 PM] : User lost game.
[21/11/2014 09:08:46 PM] : User lost game.
[21/11/2014 09:08:46 PM] : User lost game.
[21/11/2014 09:08:46 PM] : User lost game.
[21/11/2014 09:08:46 PM] : User lost game.
[21/11/2014 09:08:46 PM] : User lost game.
[21/11/2014 09:08:46 PM] : User lost game.
[21/11/2014 09:08:46 PM] : User lost game.
[21/11/2014 09:08:46 PM] : User lost game.
[21/11/2014 09:08:46 PM] : User lost game.
[21/11/2014 09:08:46 PM] : User lost game.
[21/11/2014 09:08:46 PM] : User lost game.
[21/11/2014 09:08:46 PM] : User lost game.
[21/11/2014 09:08:46 PM] : User lost game.
[21/11/2014 09:08:46 PM] : User lost game.
[21/11/2014 09:08:46 PM] : User lost game.
[21/11/2014 09:08:46 PM] : User lost game.
[21/11/2014 09:08:46 PM] : User lost game.
[21/11/2014 09:08:46 PM] : User lost game.
[21/11/2014 09:08:46 PM] : User lost game.
[21/11/2014 09:08:46 PM] : User lost game.
[21/11/2014 09:08:46 PM] : User lost game.
[21/11/2014 09:08:46 PM] : User lost game.
[21/11/2014 09:08:46 PM] : User lost game.
[21/11/2014 09:08:46 PM] : User lost game.
[21/11/2014 09:08:46 PM] : User lost game.
[21/11/2014 09:08:46 PM] : User lost game.
[21/11/2014 09:08:46 PM] : User lost game.
[21/11/2014 09:08:46 PM] : User lost game.
[21/11/2014 09:08:46 PM] : User lost game.
[21/11/2014 09:08:46 PM] : User lost game.
[21/11/2014 09:08:46 PM] : User lost game.
[21/11/2014 09:08:46 PM] : User lost game.
[21/11/2014 09:08:46 PM] : User lost game.
[21/11/2014 09:08:46 PM] : User lost game.
[21/11/2014 09:08:46 PM] : User lost game.
[21/11/2014 09:08:46 PM] : User lost game.
[21/11/2014 09:08:46 PM] : User lost game.
[21/11/2014 09:08:46 PM] : User lost game.
[21/11/2014 09:08:46 PM] : User lost game.
[21/11/2014 09:08:46 PM] : User lost game.
[21/11/2014 09:08:46 PM] : User lost game.
[21/11/2014 09:08:46 PM] : User lost game.
[21/11/2014 09:08:46 PM] : User lost game.
[21/11/2014 09:08:46 PM] : User lost game.
[21/11/2014 09:08:46 PM] : User lost game.
[21/11/2014 09:08:46 PM] : User lost game.
[21/11/2014 09:08:46 PM] : User lost game.
[21/11/2014 09:08:46 PM] : User lost game.
[21/11/2014 09:08:46 PM] : User lost game.
[21/11/2014 09:08:46 PM] : User lost game.
[21/11/2014 09:08:46 PM] : User lost game.
[21/11/2014 09:08:46 PM] : User lost game.
[21/11/2014 09:08:46 PM] : User lost game.
[21/11/2014 09:08:46 PM] : User lost game.
[21/11/2014 09:08:46 PM] : User lost game.
[21/11/2014 09:08:46 PM] : User lost game.
[21/11/2014 09:08:46 PM] : User lost game.
[21/11/2014 09:08:46 PM] : User lost game.
[21/11/2014 09:08:46 PM] : User lost game.
[21/11/2014 09:08:46 PM] : User lost game.
[21/11/2014 09:08:46 PM] : User lost game.
[21/11/2014 09:08:46 PM] : User lost game.
[21/11/2014 09:08:46 PM] : User lost game.
[21/11/2014 09:08:46 PM] : User lost game.
[21/11/2014 09:08:46 PM] : User lost game.
[21/11/2014 09:08:46 PM] : User lost game.
[21/11/2014 09:08:46 PM] : User lost game.
[21/11/2014 09:08:46 PM] : User lost game.
[21/11/2014 09:08:46 PM] : User lost game.
[21/11/2014 09:08:46 PM] : User lost game.
[21/11/2014 09:08:46 PM] : User lost game.
[21/11/2014 09:08:46 PM] : User lost game.
[21/11/2014 09:08:46 PM] : User lost game.
[21/11/2014 09:08:46 PM] : User lost game.
[21/11/2014 09:08:46 PM] : User lost game.
[21/11/2014 09:08:46 PM] : User lost game.
[21/11/2014 09:08:46 PM] : User lost game.
[21/11/2014 09:08:46 PM] : User lost game.
[21/11/2014 09:08:46 PM] : User lost game.
[21/11/2014 09:08:46 PM] : User lost game.
[21/11/2014 09:08:46 PM] : User lost game.
[21/11/2014 09:08:46 PM] : User lost game.
[21/11/2014 09:08:46 PM] : User lost game.
[21/11/2014 09:08:46 PM] : User lost game.
[21/11/2014 09:08:46 PM] : User lost game.
[21/11/2014 09:08:46 PM] : User lost game.
[21/11/2014 09:08:46 PM] : User lost game.
[21/11/2014 09:08:46 PM] : User lost game.
[21/11/2014 09:08:46 PM] : User lost game.
[21/11/2014 09:08:46 PM] : User lost game.
[21/11/2014 09:08:46 PM] : User lost game.
[21/11/2014 09:08:46 PM] : User lost game.
[21/11/2014 09:08:46 PM] : User lost game.
[21/11/2014 09:08:46 PM] : User lost game.
[21/11/2014 09:08:46 PM] : User lost game.
[21/11/2014 09:08:46 PM] : User lost game.
[21/11/2014 09:08:46 PM] : User lost game.
[21/11/2014 09:08:46 PM] : User lost game.
[21/11/2014 09:08:46 PM] : User lost game.
[21/11/2014 09:08:46 PM] : User lost game.
[21/11/2014 09:08:46 PM] : User lost game.
[21/11/2014 09:08:46 PM] : User lost game.
[21/11/2014 09:08:46 PM] : User lost game.
[21/11/2014 09:08:46 PM] : User lost game.
[21/11/2014 09:08:46 PM] : User lost game.
[21/11/2014 09:08:46 PM] : User lost game.
[21/11/2014 09:08:46 PM] : User lost game.
[21/11/2014 09:08:46 PM] : User lost game.
[21/11/2014 09:08:46 PM] : User lost game.
[21/11/2014 09:08:46 PM] : User lost game.
[21/11/2014 09:08:46 PM] : User lost game.
[21/11/2014 09:08:46 PM] : User lost game.
[21/11/2014 09:08:46 PM] : User lost game.
[21/11/2014 09:08:46 PM] : User lost game.
[21/11/2014 09:08:46 PM] : User lost game.
[21/11/2014 09:08:46 PM] : User lost game.
[21/11/2014 09:08:46 PM] : User lost game.
[21/11/2014 09:08:46 PM] : User lost game.
[21/11/2014 09:08:46 PM] : User lost game.
[21/11/2014 09:08:46 PM] : User lost game.
[21/11/2014 09:08:46 PM] : User lost game.
[21/11/2014 09:08:46 PM] : User lost game.
[21/11/2014 09:08:46 PM] : User lost game.
[21/11/2014 09:08:46 PM] : User lost game.
[21/11/2014 09:08:46 PM] : User lost game.
[21/11/2014 09:08:46 PM] : User lost game.
[21/11/2014 09:08:46 PM] : User lost game.
[21/11/2014 09:08:46 PM] : User lost game.
[21/11/2014 09:08:46 PM] : User lost game.
[21/11/2014 09:08:46 PM] : User lost game.
[21/11/2014 09:08:46 PM] : User lost game.
[21/11/2014 09:08:46 PM] : User lost game.
[21/11/2014 09:08:46 PM] : User lost game.
[21/11/2014 09:08:46 PM] : User lost game.
[21/11/2014 09:08:46 PM] : User lost game.
[21/11/2014 09:08:46 PM] : User lost game.
[21/11/2014 09:08:46 PM] : User lost game.
[21/11/2014 09:08:46 PM] : User lost game.
[21/11/2014 09:08:46 PM] : User lost game.
[21/11/2014 09:08:46 PM] : User lost game.
[21/11/2014 09:08:46 PM] : User lost game.
[21/11/2014 09:08:46 PM] : User lost game.
[21/11/2014 09:08:46 PM] : User lost game.
[21/11/2014 09:08:46 PM] : User lost game.
[21/11/2014 09:08:46 PM] : User lost game.
[21/11/2014 09:08:46 PM] : User lost game.
[21/11/2014 09:08:46 PM] : User lost game.
[21/11/2014 09:08:46 PM] : User lost game.
[21/11/2014 09:08:46 PM] : User lost game.
[21/11/2014 09:08:46 PM] : User lost game.
[21/11/2014 09:08:46 PM] : User lost game.
[21/11/2014 09:08:46 PM] : User lost game.
[21/11/2014 09:08:46 PM] : User lost game.
[21/11/2014 09:08:46 PM] : User lost game.
[21/11/2014 09:08:46 PM] : User lost game.
[21/11/2014 09:08:46 PM] : User lost game.
[21/11/2014 09:08:46 PM] : User lost game.
[21/11/2014 09:08:46 PM] : User lost game.
[21/11/2014 09:08:46 PM] : User lost game.
[21/11/2014 09:08:46 PM] : User lost game.
[21/11/2014 09:08:46 PM] : User lost game.
[21/11/2014 09:08:46 PM] : User lost game.
[21/11/2014 09:08:46 PM] : User lost game.
[21/11/2014 09:08:46 PM] : User lost game.
[21/11/2014 09:08:46 PM] : User lost game.
[21/11/2014 09:08:46 PM] : User lost game.
[21/11/2014 09:08:46 PM] : User lost game.
[21/11/2014 09:08:46 PM] : User lost game.
[21/11/2014 09:08:46 PM] : User lost game.
[21/11/2014 09:08:46 PM] : User lost game.
[21/11/2014 09:08:46 PM] : User lost game.
[21/11/2014 09:08:46 PM] : User lost game.
[21/11/2014 09:08:46 PM] : User lost game.
[21/11/2014 09:08:46 PM] : User lost game.
[21/11/2014 09:08:46 PM] : User lost game.
[21/11/2014 09:08:46 PM] : User lost game.
[21/11/2014 09:08:46 PM] : User lost game.
[21/11/2014 09:08:46 PM] : User lost game.
[21/11/2014 09:08:46 PM] : User lost game.
[21/11/2014 09:08:46 PM] : User lost game.
[21/11/2014 09:08:46 PM] : User lost game.
[21/11/2014 09:08:46 PM] : User lost game.
[21/11/2014 09:08:46 PM] : User lost game.
[21/11/2014 09:08:46 PM] : User lost game.
[21/11/2014 09:08:47 PM] : User lost game.
[21/11/2014 09:08:47 PM] : User lost game.
[21/11/2014 09:08:47 PM] : User lost game.
[21/11/2014 09:08:47 PM] : User lost game.
[21/11/2014 09:08:47 PM] : User lost game.
[21/11/2014 09:08:47 PM] : User lost game.
[21/11/2014 09:08:47 PM] : User lost game.
[21/11/2014 09:08:47 PM] : User lost game.
[21/11/2014 09:08:47 PM] : User lost game.
[21/11/2014 09:08:47 PM] : User lost game.
[21/11/2014 09:08:47 PM] : User lost game.
[21/11/2014 09:08:47 PM] : User lost game.
[21/11/2014 09:08:47 PM] : User lost game.
[21/11/2014 09:08:47 PM] : User lost game.
[21/11/2014 09:08:47 PM] : User lost game.
[21/11/2014 09:08:47 PM] : User lost game.
[21/11/2014 09:08:47 PM] : User lost game.
[21/11/2014 09:08:47 PM] : User lost game.
[21/11/2014 09:08:47 PM] : User lost game.
[21/11/2014 09:08:47 PM] : User lost game.
[21/11/2014 09:08:47 PM] : User lost game.
[21/11/2014 09:08:47 PM] : User lost game.
[21/11/2014 09:08:47 PM] : User lost game.
[21/11/2014 09:08:47 PM] : User lost game.
[21/11/2014 09:08:47 PM] : User lost game.
[21/11/2014 09:08:47 PM] : User lost game.
[21/11/2014 09:08:47 PM] : User lost game.
[21/11/2014 09:08:47 PM] : User lost game.
[21/11/2014 09:08:47 PM] : User lost game.
[21/11/2014 09:08:47 PM] : User lost game.
[21/11/2014 09:08:47 PM] : User lost game.
[21/11/2014 09:08:47 PM] : User lost game.
[21/11/2014 09:08:47 PM] : User lost game.
[21/11/2014 09:08:47 PM] : User lost game.
[21/11/2014 09:08:47 PM] : User lost game.
[21/11/2014 09:08:47 PM] : User lost game.
[21/11/2014 09:08:47 PM] : User lost game.
[21/11/2014 09:08:47 PM] : User lost game.
[21/11/2014 09:08:47 PM] : User lost game.
[21/11/2014 09:08:47 PM] : User lost game.
[21/11/2014 09:08:47 PM] : User lost game.
[21/11/2014 09:08:47 PM] : User lost game.
[21/11/2014 09:08:47 PM] : User lost game.
[21/11/2014 09:08:47 PM] : User lost game.
[21/11/2014 09:08:47 PM] : User lost game.
[21/11/2014 09:08:47 PM] : User lost game.
[21/11/2014 09:08:47 PM] : User lost game.
[21/11/2014 09:08:47 PM] : User lost game.
[21/11/2014 09:08:47 PM] : User lost game.
[21/11/2014 09:08:47 PM] : User lost game.
[21/11/2014 09:08:47 PM] : User lost game.
[21/11/2014 09:08:47 PM] : User lost game.
[21/11/2014 09:08:47 PM] : User lost game.
[21/11/2014 09:08:47 PM] : User lost game.
[21/11/2014 09:08:47 PM] : User lost game.
[21/11/2014 09:08:47 PM] : User lost game.
[21/11/2014 09:08:47 PM] : User lost game.
[21/11/2014 09:08:47 PM] : User lost game.
[21/11/2014 09:08:47 PM] : User lost game.
[21/11/2014 09:08:47 PM] : User lost game.
[21/11/2014 09:08:47 PM] : User lost game.
[21/11/2014 09:08:47 PM] : User lost game.
[21/11/2014 09:08:47 PM] : User lost game.
[21/11/2014 09:08:47 PM] : User lost game.
[21/11/2014 09:08:47 PM] : User lost game.
[21/11/2014 09:08:47 PM] : User lost game.
[21/11/2014 09:08:47 PM] : User lost game.
[21/11/2014 09:08:47 PM] : User lost game.
[21/11/2014 09:08:47 PM] : User lost game.
[21/11/2014 09:08:47 PM] : User lost game.
[21/11/2014 09:08:47 PM] : User lost game.
[21/11/2014 09:08:47 PM] : User lost game.
[21/11/2014 09:08:47 PM] : User lost game.
[21/11/2014 09:08:47 PM] : User lost game.
[21/11/2014 09:08:47 PM] : User lost game.
[21/11/2014 09:08:47 PM] : User lost game.
[21/11/2014 09:08:47 PM] : User lost game.
[21/11/2014 09:08:47 PM] : User lost game.
[21/11/2014 09:08:47 PM] : User lost game.
[21/11/2014 09:08:47 PM] : User lost game.
[21/11/2014 09:08:47 PM] : User lost game.
[21/11/2014 09:08:47 PM] : User lost game.
[21/11/2014 09:08:47 PM] : User lost game.
[21/11/2014 09:08:47 PM] : User lost game.
[21/11/2014 09:08:47 PM] : User lost game.
[21/11/2014 09:08:47 PM] : User lost game.
[21/11/2014 09:08:47 PM] : User lost game.
[21/11/2014 09:08:47 PM] : User lost game.
[21/11/2014 09:08:47 PM] : User lost game.
[21/11/2014 09:08:47 PM] : User lost game.
[21/11/2014 09:08:47 PM] : User lost game.
[21/11/2014 09:08:47 PM] : User lost game.
[21/11/2014 09:08:47 PM] : User lost game.
[21/11/2014 09:08:47 PM] : User lost game.
[21/11/2014 09:08:47 PM] : User lost game.
[21/11/2014 09:08:47 PM] : User lost game.
[21/11/2014 09:08:47 PM] : User lost game.
[21/11/2014 09:08:47 PM] : User lost game.
[21/11/2014 09:08:47 PM] : User lost game.
[21/11/2014 09:08:47 PM] : User lost game.
[21/11/2014 09:08:47 PM] : User lost game.
[21/11/2014 09:08:47 PM] : User lost game.
[21/11/2014 09:08:47 PM] : User lost game.
[21/11/2014 09:08:47 PM] : User lost game.
[21/11/2014 09:08:47 PM] : User lost game.
[21/11/2014 09:08:47 PM] : User lost game.
[21/11/2014 09:08:47 PM] : User lost game.
[21/11/2014 09:08:47 PM] : User lost game.
[21/11/2014 09:08:47 PM] : User lost game.
[21/11/2014 09:08:47 PM] : User lost game.
[21/11/2014 09:08:47 PM] : User lost game.
[21/11/2014 09:08:47 PM] : User lost game.
[21/11/2014 09:08:47 PM] : User lost game.
[21/11/2014 09:08:47 PM] : User lost game.
[21/11/2014 09:08:47 PM] : User lost game.
[21/11/2014 09:08:47 PM] : User lost game.
[21/11/2014 09:08:47 PM] : User lost game.
[21/11/2014 09:08:47 PM] : User lost game.
[21/11/2014 09:08:47 PM] : User lost game.
[21/11/2014 09:08:47 PM] : User lost game.
[21/11/2014 09:08:47 PM] : User lost game.
[21/11/2014 09:08:47 PM] : User lost game.
[21/11/2014 09:08:47 PM] : User lost game.
[21/11/2014 09:08:47 PM] : User lost game.
[21/11/2014 09:08:47 PM] : User lost game.
[21/11/2014 09:08:47 PM] : User lost game.
[21/11/2014 09:08:47 PM] : User lost game.
[21/11/2014 09:08:47 PM] : User lost game.
[21/11/2014 09:08:47 PM] : User lost game.
[21/11/2014 09:08:47 PM] : User lost game.
[21/11/2014 09:08:47 PM] : User lost game.
[21/11/2014 09:08:47 PM] : User lost game.
[21/11/2014 09:08:47 PM] : User lost game.
[21/11/2014 09:08:47 PM] : User lost game.
[21/11/2014 09:08:47 PM] : User lost game.
[21/11/2014 09:08:47 PM] : User lost game.
[21/11/2014 09:08:47 PM] : User lost game.
[21/11/2014 09:08:47 PM] : User lost game.
[21/11/2014 09:08:47 PM] : User lost game.
[21/11/2014 09:08:47 PM] : User lost game.
[21/11/2014 09:08:47 PM] : User lost game.
[21/11/2014 09:08:47 PM] : User lost game.
[21/11/2014 09:08:47 PM] : User lost game.
[21/11/2014 09:08:47 PM] : User lost game.
[21/11/2014 09:08:47 PM] : User lost game.
[21/11/2014 09:08:47 PM] : User lost game.
[21/11/2014 09:08:47 PM] : User lost game.
[21/11/2014 09:08:47 PM] : User lost game.
[21/11/2014 09:08:47 PM] : User lost game.
[21/11/2014 09:08:47 PM] : User lost game.
[21/11/2014 09:08:47 PM] : User lost game.
[21/11/2014 09:08:47 PM] : User lost game.
[21/11/2014 09:08:47 PM] : User lost game.
[21/11/2014 09:08:47 PM] : User lost game.
[21/11/2014 09:08:47 PM] : User lost game.
[21/11/2014 09:08:47 PM] : User lost game.
[21/11/2014 09:08:47 PM] : User lost game.
[21/11/2014 09:08:47 PM] : User lost game.
[21/11/2014 09:08:47 PM] : User lost game.
[21/11/2014 09:08:47 PM] : User lost game.
[21/11/2014 09:08:47 PM] : User lost game.
[21/11/2014 09:08:47 PM] : User lost game.
[21/11/2014 09:08:47 PM] : User lost game.
[21/11/2014 09:08:47 PM] : User lost game.
[21/11/2014 09:08:47 PM] : User lost game.
[21/11/2014 09:08:47 PM] : User lost game.
[21/11/2014 09:08:47 PM] : User lost game.
[21/11/2014 09:08:47 PM] : User lost game.
[21/11/2014 09:08:47 PM] : User lost game.
[21/11/2014 09:08:47 PM] : User lost game.
[21/11/2014 09:08:47 PM] : User lost game.
[21/11/2014 09:08:47 PM] : User lost game.
[21/11/2014 09:08:47 PM] : User lost game.
[21/11/2014 09:08:47 PM] : User lost game.
[21/11/2014 09:08:47 PM] : User lost game.
[21/11/2014 09:08:47 PM] : User lost game.
[21/11/2014 09:08:47 PM] : User lost game.
[21/11/2014 09:08:47 PM] : User lost game.
[21/11/2014 09:08:47 PM] : User lost game.
[21/11/2014 09:08:47 PM] : User lost game.
[21/11/2014 09:08:47 PM] : User lost game.
[21/11/2014 09:08:47 PM] : User lost game.
[21/11/2014 09:08:47 PM] : User lost game.
[21/11/2014 09:08:47 PM] : User lost game.
[21/11/2014 09:08:47 PM] : User lost game.
[21/11/2014 09:08:47 PM] : User lost game.
[21/11/2014 09:08:47 PM] : User lost game.
[21/11/2014 09:08:47 PM] : User lost game.
[21/11/2014 09:08:47 PM] : User lost game.
[21/11/2014 09:08:47 PM] : User lost game.
[21/11/2014 09:08:47 PM] : User lost game.
[21/11/2014 09:08:47 PM] : User lost game.
[21/11/2014 09:08:47 PM] : User lost game.
[21/11/2014 09:08:47 PM] : User lost game.
[21/11/2014 09:08:47 PM] : User lost game.
[21/11/2014 09:08:47 PM] : User lost game.
[21/11/2014 09:08:47 PM] : User lost game.
[21/11/2014 09:08:47 PM] : User lost game.
[21/11/2014 09:08:47 PM] : User lost game.
[21/11/2014 09:08:47 PM] : User lost game.
[21/11/2014 09:08:47 PM] : User lost game.
[21/11/2014 09:08:47 PM] : User lost game.
[21/11/2014 09:08:47 PM] : User lost game.
[21/11/2014 09:08:47 PM] : User lost game.
[21/11/2014 09:08:47 PM] : User lost game.
[21/11/2014 09:08:47 PM] : User lost game.
[21/11/2014 09:08:47 PM] : User lost game.
[21/11/2014 09:08:47 PM] : User lost game.
[21/11/2014 09:08:47 PM] : User lost game.
[21/11/2014 09:08:47 PM] : User lost game.
[21/11/2014 09:08:47 PM] : User lost game.
[21/11/2014 09:08:47 PM] : User lost game.
[21/11/2014 09:08:47 PM] : User lost game.
[21/11/2014 09:08:47 PM] : User lost game.
[21/11/2014 09:08:47 PM] : User lost game.
[21/11/2014 09:08:47 PM] : User lost game.
[21/11/2014 09:08:47 PM] : User lost game.
[21/11/2014 09:08:47 PM] : User lost game.
[21/11/2014 09:08:47 PM] : User lost game.
[21/11/2014 09:08:47 PM] : User lost game.
[21/11/2014 09:08:47 PM] : User lost game.
[21/11/2014 09:08:47 PM] : User lost game.
[21/11/2014 09:08:47 PM] : User lost game.
[21/11/2014 09:08:47 PM] : User lost game.
[21/11/2014 09:08:47 PM] : User lost game.
[21/11/2014 09:08:47 PM] : User lost game.
[21/11/2014 09:08:47 PM] : User lost game.
[21/11/2014 09:08:47 PM] : User lost game.
[21/11/2014 09:08:47 PM] : User lost game.
[21/11/2014 09:08:47 PM] : User lost game.
[21/11/2014 09:08:47 PM] : User lost game.
[21/11/2014 09:08:47 PM] : User lost game.
[21/11/2014 09:08:47 PM] : User lost game.
[21/11/2014 09:08:47 PM] : User lost game.
[21/11/2014 09:08:47 PM] : User lost game.
[21/11/2014 09:08:47 PM] : User lost game.
[21/11/2014 09:08:47 PM] : User lost game.
[21/11/2014 09:08:47 PM] : User lost game.
[21/11/2014 09:08:47 PM] : User lost game.
[21/11/2014 09:08:47 PM] : User lost game.
[21/11/2014 09:08:47 PM] : User lost game.
[21/11/2014 09:08:47 PM] : User lost game.
[21/11/2014 09:08:47 PM] : User lost game.
[21/11/2014 09:08:47 PM] : User lost game.
[21/11/2014 09:08:47 PM] : User lost game.
[21/11/2014 09:08:47 PM] : User lost game.
[21/11/2014 09:08:47 PM] : User lost game.
[21/11/2014 09:08:47 PM] : User lost game.
[21/11/2014 09:08:47 PM] : User lost game.
[21/11/2014 09:08:47 PM] : User lost game.
[21/11/2014 09:08:47 PM] : User lost game.
[21/11/2014 09:08:47 PM] : User lost game.
[21/11/2014 09:08:47 PM] : User lost game.
[21/11/2014 09:08:47 PM] : User lost game.
[21/11/2014 09:08:47 PM] : User lost game.
[21/11/2014 09:08:47 PM] : User lost game.
[21/11/2014 09:08:47 PM] : User lost game.
[21/11/2014 09:08:47 PM] : User lost game.
[21/11/2014 09:08:47 PM] : User lost game.
[21/11/2014 09:08:47 PM] : User lost game.
[21/11/2014 09:08:47 PM] : User lost game.
[21/11/2014 09:08:47 PM] : User lost game.
[21/11/2014 09:08:47 PM] : User lost game.
[21/11/2014 09:08:47 PM] : User lost game.
[21/11/2014 09:08:47 PM] : User lost game.
[21/11/2014 09:08:47 PM] : User lost game.
[21/11/2014 09:08:47 PM] : User lost game.
[21/11/2014 09:08:47 PM] : User lost game.
[21/11/2014 09:08:47 PM] : User lost game.
[21/11/2014 09:08:47 PM] : User lost game.
[21/11/2014 09:08:47 PM] : User lost game.
[21/11/2014 09:08:47 PM] : User lost game.
[21/11/2014 09:08:47 PM] : User lost game.
[21/11/2014 09:08:47 PM] : User lost game.
[21/11/2014 09:08:47 PM] : User lost game.
[21/11/2014 09:08:47 PM] : User lost game.
[21/11/2014 09:08:47 PM] : User lost game.
[21/11/2014 09:08:47 PM] : User lost game.
[21/11/2014 09:08:47 PM] : User lost game.
[21/11/2014 09:08:47 PM] : User lost game.
[21/11/2014 09:08:47 PM] : User lost game.
[21/11/2014 09:08:47 PM] : User lost game.
[21/11/2014 09:08:47 PM] : User lost game.
[21/11/2014 09:08:47 PM] : User lost game.
[21/11/2014 09:08:47 PM] : User lost game.
[21/11/2014 09:08:47 PM] : User lost game.
[21/11/2014 09:08:47 PM] : User lost game.
[21/11/2014 09:08:47 PM] : User lost game.
[21/11/2014 09:08:47 PM] : User lost game.
[21/11/2014 09:08:47 PM] : User lost game.
[21/11/2014 09:08:47 PM] : User lost game.
[21/11/2014 09:08:47 PM] : User lost game.
[21/11/2014 09:08:47 PM] : User lost game.
[21/11/2014 09:08:47 PM] : User lost game.
[21/11/2014 09:08:47 PM] : User lost game.
[21/11/2014 09:08:47 PM] : User lost game.
[21/11/2014 09:08:47 PM] : User lost game.
[21/11/2014 09:08:47 PM] : User lost game.
[21/11/2014 09:08:47 PM] : User lost game.
[21/11/2014 09:08:47 PM] : User lost game.
[21/11/2014 09:08:47 PM] : User lost game.
[21/11/2014 09:08:47 PM] : User lost game.
[21/11/2014 09:08:47 PM] : User lost game.
[21/11/2014 09:08:47 PM] : User lost game.
[21/11/2014 09:08:47 PM] : User lost game.
[21/11/2014 09:08:47 PM] : User lost game.
[21/11/2014 09:08:47 PM] : User lost game.
[21/11/2014 09:08:47 PM] : User lost game.
[21/11/2014 09:08:47 PM] : User lost game.
[21/11/2014 09:08:47 PM] : User lost game.
[21/11/2014 09:08:47 PM] : User lost game.
[21/11/2014 09:08:47 PM] : User lost game.
[21/11/2014 09:08:47 PM] : User lost game.
[21/11/2014 09:08:47 PM] : User lost game.
[21/11/2014 09:08:47 PM] : User lost game.
[21/11/2014 09:08:47 PM] : User lost game.
[21/11/2014 09:08:47 PM] : User lost game.
[21/11/2014 09:08:47 PM] : User lost game.
[21/11/2014 09:08:47 PM] : User lost game.
[21/11/2014 09:08:47 PM] : User lost game.
[21/11/2014 09:08:47 PM] : User lost game.
[21/11/2014 09:08:47 PM] : User lost game.
[21/11/2014 09:08:47 PM] : User lost game.
[21/11/2014 09:08:47 PM] : User lost game.
[21/11/2014 09:08:47 PM] : User lost game.
[21/11/2014 09:08:47 PM] : User lost game.
[21/11/2014 09:08:47 PM] : User lost game.
[21/11/2014 09:08:47 PM] : User lost game.
[21/11/2014 09:08:47 PM] : User lost game.
[21/11/2014 09:08:47 PM] : User lost game.
[21/11/2014 09:08:47 PM] : User lost game.
[21/11/2014 09:08:47 PM] : User lost game.
[21/11/2014 09:08:47 PM] : User lost game.
[21/11/2014 09:08:47 PM] : User lost game.
[21/11/2014 09:08:47 PM] : User lost game.
[21/11/2014 09:08:47 PM] : User lost game.
[21/11/2014 09:08:47 PM] : User lost game.
[21/11/2014 09:08:47 PM] : User lost game.
[21/11/2014 09:08:47 PM] : User lost game.
[21/11/2014 09:08:47 PM] : User lost game.
[21/11/2014 09:08:47 PM] : User lost game.
[21/11/2014 09:08:47 PM] : User lost game.
[21/11/2014 09:08:47 PM] : User lost game.
[21/11/2014 09:08:47 PM] : User lost game.
[21/11/2014 09:08:47 PM] : User lost game.
[21/11/2014 09:08:47 PM] : User lost game.
[21/11/2014 09:08:47 PM] : User lost game.
[21/11/2014 09:08:47 PM] : User lost game.
[21/11/2014 09:08:47 PM] : User lost game.
[21/11/2014 09:08:47 PM] : User lost game.
[21/11/2014 09:08:47 PM] : User lost game.
[21/11/2014 09:08:47 PM] : User lost game.
[21/11/2014 09:08:47 PM] : User lost game.
[21/11/2014 09:08:47 PM] : User lost game.
[21/11/2014 09:08:47 PM] : User lost game.
[21/11/2014 09:08:47 PM] : User lost game.
[21/11/2014 09:08:47 PM] : User lost game.
[21/11/2014 09:08:47 PM] : User lost game.
[21/11/2014 09:08:47 PM] : User lost game.
[21/11/2014 09:08:47 PM] : User lost game.
[21/11/2014 09:08:47 PM] : User lost game.
[21/11/2014 09:08:47 PM] : User lost game.
[21/11/2014 09:08:47 PM] : User lost game.
[21/11/2014 09:08:47 PM] : User lost game.
[21/11/2014 09:08:47 PM] : User lost game.
[21/11/2014 09:08:47 PM] : User lost game.
[21/11/2014 09:08:47 PM] : User lost game.
[21/11/2014 09:08:47 PM] : User lost game.
[21/11/2014 09:08:47 PM] : User lost game.
[21/11/2014 09:08:47 PM] : User lost game.
[21/11/2014 09:08:47 PM] : User lost game.
[21/11/2014 09:08:47 PM] : User lost game.
[21/11/2014 09:08:47 PM] : User lost game.
[21/11/2014 09:08:47 PM] : User lost game.
[21/11/2014 09:08:47 PM] : User lost game.
[21/11/2014 09:08:47 PM] : User lost game.
[21/11/2014 09:08:48 PM] : User lost game.
[21/11/2014 09:08:48 PM] : User lost game.
[21/11/2014 09:08:48 PM] : User lost game.
[21/11/2014 09:08:48 PM] : User lost game.
[21/11/2014 09:08:48 PM] : User lost game.
[21/11/2014 09:08:48 PM] : User lost game.
[21/11/2014 09:08:48 PM] : User lost game.
[21/11/2014 09:08:48 PM] : User lost game.
[21/11/2014 09:08:48 PM] : User lost game.
[21/11/2014 09:08:48 PM] : User lost game.
[21/11/2014 09:08:48 PM] : User lost game.
[21/11/2014 09:08:48 PM] : User lost game.
[21/11/2014 09:08:48 PM] : User lost game.
[21/11/2014 09:08:48 PM] : User lost game.
[21/11/2014 09:08:48 PM] : User lost game.
[21/11/2014 09:08:48 PM] : User lost game.
[21/11/2014 09:08:48 PM] : User lost game.
[21/11/2014 09:08:48 PM] : User lost game.
[21/11/2014 09:08:48 PM] : User lost game.
[21/11/2014 09:08:48 PM] : User lost game.
[21/11/2014 09:08:48 PM] : User lost game.
[21/11/2014 09:08:48 PM] : User lost game.
[21/11/2014 09:08:48 PM] : User lost game.
[21/11/2014 09:08:48 PM] : User lost game.
[21/11/2014 09:08:48 PM] : User lost game.
[21/11/2014 09:08:48 PM] : User lost game.
[21/11/2014 09:08:48 PM] : User lost game.
[21/11/2014 09:08:48 PM] : User lost game.
[21/11/2014 09:08:48 PM] : User lost game.
[21/11/2014 09:08:48 PM] : User lost game.
[21/11/2014 09:08:48 PM] : User lost game.
[21/11/2014 09:08:48 PM] : User lost game.
[21/11/2014 09:08:48 PM] : User lost game.
[21/11/2014 09:08:48 PM] : User lost game.
[21/11/2014 09:08:48 PM] : User lost game.
[21/11/2014 09:08:48 PM] : User lost game.
[21/11/2014 09:08:48 PM] : User lost game.
[21/11/2014 09:08:48 PM] : User lost game.
[21/11/2014 09:08:48 PM] : User lost game.
[21/11/2014 09:08:48 PM] : User lost game.
[21/11/2014 09:08:48 PM] : User lost game.
[21/11/2014 09:08:48 PM] : User lost game.
[21/11/2014 09:08:48 PM] : User lost game.
[21/11/2014 09:08:48 PM] : User lost game.
[21/11/2014 09:08:48 PM] : User lost game.
[21/11/2014 09:08:48 PM] : User lost game.
[21/11/2014 09:08:48 PM] : User lost game.
[21/11/2014 09:08:48 PM] : User lost game.
[21/11/2014 09:08:48 PM] : User lost game.
[21/11/2014 09:08:48 PM] : User lost game.
[21/11/2014 09:08:48 PM] : User lost game.
[21/11/2014 09:08:48 PM] : User lost game.
[21/11/2014 09:08:48 PM] : User lost game.
[21/11/2014 09:08:48 PM] : User lost game.
[21/11/2014 09:08:48 PM] : User lost game.
[21/11/2014 09:08:48 PM] : User lost game.
[21/11/2014 09:08:48 PM] : User lost game.
[21/11/2014 09:08:48 PM] : User lost game.
[21/11/2014 09:08:48 PM] : User lost game.
[21/11/2014 09:08:48 PM] : User lost game.
[21/11/2014 09:08:48 PM] : User lost game.
[21/11/2014 09:08:48 PM] : User lost game.
[21/11/2014 09:08:48 PM] : User lost game.
[21/11/2014 09:08:48 PM] : User lost game.
[21/11/2014 09:08:48 PM] : User lost game.
[21/11/2014 09:08:48 PM] : User lost game.
[21/11/2014 09:08:48 PM] : User lost game.
[21/11/2014 09:08:48 PM] : User lost game.
[21/11/2014 09:08:48 PM] : User lost game.
[21/11/2014 09:08:48 PM] : User lost game.
[21/11/2014 09:08:48 PM] : User lost game.
[21/11/2014 09:08:48 PM] : User lost game.
[21/11/2014 09:08:48 PM] : User lost game.
[21/11/2014 09:08:48 PM] : User lost game.
[21/11/2014 09:08:48 PM] : User lost game.
[21/11/2014 09:08:48 PM] : User lost game.
[21/11/2014 09:08:48 PM] : User lost game.
[21/11/2014 09:08:48 PM] : User lost game.
[21/11/2014 09:08:48 PM] : User lost game.
[21/11/2014 09:08:48 PM] : User lost game.
[21/11/2014 09:08:48 PM] : User lost game.
[21/11/2014 09:08:48 PM] : User lost game.
[21/11/2014 09:08:48 PM] : User lost game.
[21/11/2014 09:08:48 PM] : User lost game.
[21/11/2014 09:08:48 PM] : User lost game.
[21/11/2014 09:08:48 PM] : User lost game.
[21/11/2014 09:08:48 PM] : User lost game.
[21/11/2014 09:08:48 PM] : User lost game.
[21/11/2014 09:08:48 PM] : User lost game.
[21/11/2014 09:08:48 PM] : User lost game.
[21/11/2014 09:08:48 PM] : User lost game.
[21/11/2014 09:08:48 PM] : User lost game.
[21/11/2014 09:08:48 PM] : User lost game.
[21/11/2014 09:08:48 PM] : User lost game.
[21/11/2014 09:08:48 PM] : User lost game.
[21/11/2014 09:08:48 PM] : User lost game.
[21/11/2014 09:08:48 PM] : User lost game.
[21/11/2014 09:08:48 PM] : User lost game.
[21/11/2014 09:08:48 PM] : User lost game.
[21/11/2014 09:08:48 PM] : User lost game.
[21/11/2014 09:08:48 PM] : User lost game.
[21/11/2014 09:08:48 PM] : User lost game.
[21/11/2014 09:08:48 PM] : User lost game.
[21/11/2014 09:08:48 PM] : User lost game.
[21/11/2014 09:08:48 PM] : User lost game.
[21/11/2014 09:08:48 PM] : User lost game.
[21/11/2014 09:08:48 PM] : User lost game.
[21/11/2014 09:08:48 PM] : User lost game.
[21/11/2014 09:08:48 PM] : User lost game.
[21/11/2014 09:08:48 PM] : User lost game.
[21/11/2014 09:08:48 PM] : User lost game.
[21/11/2014 09:08:48 PM] : User lost game.
[21/11/2014 09:08:48 PM] : User lost game.
[21/11/2014 09:08:48 PM] : User lost game.
[21/11/2014 09:08:48 PM] : User lost game.
[21/11/2014 09:08:48 PM] : User lost game.
[21/11/2014 09:08:48 PM] : User lost game.
[21/11/2014 09:08:48 PM] : User lost game.
[21/11/2014 09:08:48 PM] : User lost game.
[21/11/2014 09:08:48 PM] : User lost game.
[21/11/2014 09:08:48 PM] : User lost game.
[21/11/2014 09:08:48 PM] : User lost game.
[21/11/2014 09:08:48 PM] : User lost game.
[21/11/2014 09:08:48 PM] : User lost game.
[21/11/2014 09:08:48 PM] : User lost game.
[21/11/2014 09:08:48 PM] : User lost game.
[21/11/2014 09:08:48 PM] : User lost game.
[21/11/2014 09:08:48 PM] : User lost game.
[21/11/2014 09:08:48 PM] : User lost game.
[21/11/2014 09:08:48 PM] : User lost game.
[21/11/2014 09:08:48 PM] : User lost game.
[21/11/2014 09:08:48 PM] : User lost game.
[21/11/2014 09:08:48 PM] : User lost game.
[21/11/2014 09:08:48 PM] : User lost game.
[21/11/2014 09:08:48 PM] : User lost game.
[21/11/2014 09:08:48 PM] : User lost game.
[21/11/2014 09:08:48 PM] : User lost game.
[21/11/2014 09:08:48 PM] : User lost game.
[21/11/2014 09:08:48 PM] : User lost game.
[21/11/2014 09:08:48 PM] : User lost game.
[21/11/2014 09:08:48 PM] : User lost game.
[21/11/2014 09:08:48 PM] : User lost game.
[21/11/2014 09:08:48 PM] : User lost game.
[21/11/2014 09:08:48 PM] : User lost game.
[21/11/2014 09:08:48 PM] : User lost game.
[21/11/2014 09:08:48 PM] : User lost game.
[21/11/2014 09:08:48 PM] : User lost game.
[21/11/2014 09:08:48 PM] : User lost game.
[21/11/2014 09:08:48 PM] : User lost game.
[21/11/2014 09:08:48 PM] : User lost game.
[21/11/2014 09:08:48 PM] : User lost game.
[21/11/2014 09:08:48 PM] : User lost game.
[21/11/2014 09:08:48 PM] : User lost game.
[21/11/2014 09:08:48 PM] : User lost game.
[21/11/2014 09:08:48 PM] : User lost game.
[21/11/2014 09:08:48 PM] : User lost game.
[21/11/2014 09:08:48 PM] : User lost game.
[21/11/2014 09:08:48 PM] : User lost game.
[21/11/2014 09:08:48 PM] : User lost game.
[21/11/2014 09:08:48 PM] : User lost game.
[21/11/2014 09:08:48 PM] : User lost game.
[21/11/2014 09:08:48 PM] : User lost game.
[21/11/2014 09:08:48 PM] : User lost game.
[21/11/2014 09:08:48 PM] : User lost game.
[21/11/2014 09:08:48 PM] : User lost game.
[21/11/2014 09:08:48 PM] : User lost game.
[21/11/2014 09:08:48 PM] : User lost game.
[21/11/2014 09:08:48 PM] : User lost game.
[21/11/2014 09:08:48 PM] : User lost game.
[21/11/2014 09:08:48 PM] : User lost game.
[21/11/2014 09:08:48 PM] : User lost game.
[21/11/2014 09:08:48 PM] : User lost game.
[21/11/2014 09:08:48 PM] : User lost game.
[21/11/2014 09:08:48 PM] : User lost game.
[21/11/2014 09:08:48 PM] : User lost game.
[21/11/2014 09:08:48 PM] : User lost game.
[21/11/2014 09:08:48 PM] : User lost game.
[21/11/2014 09:08:48 PM] : User lost game.
[21/11/2014 09:08:48 PM] : User lost game.
[21/11/2014 09:08:48 PM] : User lost game.
[21/11/2014 09:08:48 PM] : User lost game.
[21/11/2014 09:08:48 PM] : User lost game.
[21/11/2014 09:08:48 PM] : User lost game.
[21/11/2014 09:08:48 PM] : User lost game.
[21/11/2014 09:08:48 PM] : User lost game.
[21/11/2014 09:08:48 PM] : User lost game.
[21/11/2014 09:08:48 PM] : User lost game.
[21/11/2014 09:08:48 PM] : User lost game.
[21/11/2014 09:08:48 PM] : User lost game.
[21/11/2014 09:08:48 PM] : User lost game.
[21/11/2014 09:08:48 PM] : User lost game.
[21/11/2014 09:08:48 PM] : User lost game.
[21/11/2014 09:08:48 PM] : User lost game.
[21/11/2014 09:08:48 PM] : User lost game.
[21/11/2014 09:08:48 PM] : User lost game.
[21/11/2014 09:08:48 PM] : User lost game.
[21/11/2014 09:08:48 PM] : User lost game.
[21/11/2014 09:08:48 PM] : User lost game.
[21/11/2014 09:08:48 PM] : User lost game.
[21/11/2014 09:08:48 PM] : User lost game.
[21/11/2014 09:08:48 PM] : User lost game.
[21/11/2014 09:08:48 PM] : User lost game.
[21/11/2014 09:08:48 PM] : User lost game.
[21/11/2014 09:08:48 PM] : User lost game.
[21/11/2014 09:08:48 PM] : User lost game.
[21/11/2014 09:08:48 PM] : User lost game.
[21/11/2014 09:08:48 PM] : User lost game.
[21/11/2014 09:08:48 PM] : User lost game.
[21/11/2014 09:08:48 PM] : User lost game.
[21/11/2014 09:08:48 PM] : User lost game.
[21/11/2014 09:08:48 PM] : User lost game.
[21/11/2014 09:08:48 PM] : User lost game.
[21/11/2014 09:08:48 PM] : User lost game.
[21/11/2014 09:08:48 PM] : User lost game.
[21/11/2014 09:08:48 PM] : User lost game.
[21/11/2014 09:08:48 PM] : User lost game.
[21/11/2014 09:08:48 PM] : User lost game.
[21/11/2014 09:08:48 PM] : User lost game.
[21/11/2014 09:08:48 PM] : User lost game.
[21/11/2014 09:08:48 PM] : User lost game.
[21/11/2014 09:08:48 PM] : User lost game.
[21/11/2014 09:08:48 PM] : User lost game.
[21/11/2014 09:08:48 PM] : User lost game.
[21/11/2014 09:08:48 PM] : User lost game.
[21/11/2014 09:08:48 PM] : User lost game.
[21/11/2014 09:08:48 PM] : User lost game.
[21/11/2014 09:08:48 PM] : User lost game.
[21/11/2014 09:08:48 PM] : User lost game.
[21/11/2014 09:08:48 PM] : User lost game.
[21/11/2014 09:08:48 PM] : User lost game.
[21/11/2014 09:08:48 PM] : User lost game.
[21/11/2014 09:08:48 PM] : User lost game.
[21/11/2014 09:08:48 PM] : User lost game.
[21/11/2014 09:08:48 PM] : User lost game.
[21/11/2014 09:08:48 PM] : User lost game.
[21/11/2014 09:08:48 PM] : User lost game.
[21/11/2014 09:08:48 PM] : User lost game.
[21/11/2014 09:08:48 PM] : User lost game.
[21/11/2014 09:08:48 PM] : User lost game.
[21/11/2014 09:08:48 PM] : User lost game.
[21/11/2014 09:08:48 PM] : User lost game.
[21/11/2014 09:08:48 PM] : User lost game.
[21/11/2014 09:08:48 PM] : User lost game.
[21/11/2014 09:08:48 PM] : User lost game.
[21/11/2014 09:08:48 PM] : User lost game.
[21/11/2014 09:08:48 PM] : User lost game.
[21/11/2014 09:08:48 PM] : User lost game.
[21/11/2014 09:08:48 PM] : User lost game.
[21/11/2014 09:08:48 PM] : User lost game.
[21/11/2014 09:08:48 PM] : User lost game.
[21/11/2014 09:08:48 PM] : User lost game.
[21/11/2014 09:08:48 PM] : User lost game.
[21/11/2014 09:08:48 PM] : User lost game.
[21/11/2014 09:08:48 PM] : User lost game.
[21/11/2014 09:08:48 PM] : User lost game.
[21/11/2014 09:08:48 PM] : User lost game.
[21/11/2014 09:08:48 PM] : User lost game.
[21/11/2014 09:08:48 PM] : User lost game.
[21/11/2014 09:08:48 PM] : User lost game.
[21/11/2014 09:08:48 PM] : User lost game.
[21/11/2014 09:08:48 PM] : User lost game.
[21/11/2014 09:08:48 PM] : User lost game.
[21/11/2014 09:08:48 PM] : User lost game.
[21/11/2014 09:08:48 PM] : User lost game.
[21/11/2014 09:08:48 PM] : User lost game.
[21/11/2014 09:08:48 PM] : User lost game.
[21/11/2014 09:08:48 PM] : User lost game.
[21/11/2014 09:08:48 PM] : User lost game.
[21/11/2014 09:08:48 PM] : User lost game.
[21/11/2014 09:08:48 PM] : User lost game.
[21/11/2014 09:08:48 PM] : User lost game.
[21/11/2014 09:08:48 PM] : User lost game.
[21/11/2014 09:08:48 PM] : User lost game.
[21/11/2014 09:08:48 PM] : User lost game.
[21/11/2014 09:08:48 PM] : User lost game.
[21/11/2014 09:08:48 PM] : User lost game.
[21/11/2014 09:08:48 PM] : User lost game.
[21/11/2014 09:08:48 PM] : User lost game.
[21/11/2014 09:08:48 PM] : User lost game.
[21/11/2014 09:08:48 PM] : User lost game.
[21/11/2014 09:08:48 PM] : User lost game.
[21/11/2014 09:08:48 PM] : User lost game.
[21/11/2014 09:08:48 PM] : User lost game.
[21/11/2014 09:08:48 PM] : User lost game.
[21/11/2014 09:08:48 PM] : User lost game.
[21/11/2014 09:08:48 PM] : User lost game.
[21/11/2014 09:08:48 PM] : User lost game.
[21/11/2014 09:08:48 PM] : User lost game.
[21/11/2014 09:08:48 PM] : User lost game.
[21/11/2014 09:08:48 PM] : User lost game.
[21/11/2014 09:08:48 PM] : User lost game.
[21/11/2014 09:08:48 PM] : User lost game.
[21/11/2014 09:08:48 PM] : User lost game.
[21/11/2014 09:08:48 PM] : User lost game.
[21/11/2014 09:08:48 PM] : User lost game.
[21/11/2014 09:08:48 PM] : User lost game.
[21/11/2014 09:08:48 PM] : User lost game.
[21/11/2014 09:08:48 PM] : User lost game.
[21/11/2014 09:08:48 PM] : User lost game.
[21/11/2014 09:08:48 PM] : User lost game.
[21/11/2014 09:08:48 PM] : User lost game.
[21/11/2014 09:08:48 PM] : User lost game.
[21/11/2014 09:08:48 PM] : User lost game.
[21/11/2014 09:08:48 PM] : User lost game.
[21/11/2014 09:08:48 PM] : User lost game.
[21/11/2014 09:08:48 PM] : User lost game.
[21/11/2014 09:08:48 PM] : User lost game.
[21/11/2014 09:08:48 PM] : User lost game.
[21/11/2014 09:08:48 PM] : User lost game.
[21/11/2014 09:08:48 PM] : User lost game.
[21/11/2014 09:08:48 PM] : User lost game.
[21/11/2014 09:08:48 PM] : User lost game.
[21/11/2014 09:08:48 PM] : User lost game.
[21/11/2014 09:08:48 PM] : User lost game.
[21/11/2014 09:08:48 PM] : User lost game.
[21/11/2014 09:08:48 PM] : User lost game.
[21/11/2014 09:08:48 PM] : User lost game.
[21/11/2014 09:08:48 PM] : User lost game.
[21/11/2014 09:08:48 PM] : User lost game.
[21/11/2014 09:08:48 PM] : User lost game.
[21/11/2014 09:08:48 PM] : User lost game.
[21/11/2014 09:08:48 PM] : User lost game.
[21/11/2014 09:08:48 PM] : User lost game.
[21/11/2014 09:08:48 PM] : User lost game.
[21/11/2014 09:08:48 PM] : User lost game.
[21/11/2014 09:08:48 PM] : User lost game.
[21/11/2014 09:08:48 PM] : User lost game.
[21/11/2014 09:08:48 PM] : User lost game.
[21/11/2014 09:08:48 PM] : User lost game.
[21/11/2014 09:08:48 PM] : User lost game.
[21/11/2014 09:08:48 PM] : User lost game.
[21/11/2014 09:08:48 PM] : User lost game.
[21/11/2014 09:08:48 PM] : User lost game.
[21/11/2014 09:08:48 PM] : User lost game.
[21/11/2014 09:08:48 PM] : User lost game.
[21/11/2014 09:08:48 PM] : User lost game.
[21/11/2014 09:08:48 PM] : User lost game.
[21/11/2014 09:08:48 PM] : User lost game.
[21/11/2014 09:08:48 PM] : User lost game.
[21/11/2014 09:08:48 PM] : User lost game.
[21/11/2014 09:08:48 PM] : User lost game.
[21/11/2014 09:08:48 PM] : User lost game.
[21/11/2014 09:08:48 PM] : User lost game.
[21/11/2014 09:08:48 PM] : User lost game.
[21/11/2014 09:08:48 PM] : User lost game.
[21/11/2014 09:08:48 PM] : User lost game.
[21/11/2014 09:08:48 PM] : User lost game.
[21/11/2014 09:08:48 PM] : User lost game.
[21/11/2014 09:08:48 PM] : User lost game.
[21/11/2014 09:08:48 PM] : User lost game.
[21/11/2014 09:08:48 PM] : User lost game.
[21/11/2014 09:08:48 PM] : User lost game.
[21/11/2014 09:08:48 PM] : User lost game.
[21/11/2014 09:08:48 PM] : User lost game.
[21/11/2014 09:08:48 PM] : User lost game.
[21/11/2014 09:08:48 PM] : User lost game.
[21/11/2014 09:08:48 PM] : User lost game.
[21/11/2014 09:08:48 PM] : User lost game.
[21/11/2014 09:08:48 PM] : User lost game.
[21/11/2014 09:08:48 PM] : User lost game.
[21/11/2014 09:08:48 PM] : User lost game.
[21/11/2014 09:08:48 PM] : User lost game.
[21/11/2014 09:08:48 PM] : User lost game.
[21/11/2014 09:08:48 PM] : User lost game.
[21/11/2014 09:08:48 PM] : User lost game.
[21/11/2014 09:08:48 PM] : User lost game.
[21/11/2014 09:08:48 PM] : User lost game.
[21/11/2014 09:08:48 PM] : User lost game.
[21/11/2014 09:08:48 PM] : User lost game.
[21/11/2014 09:08:48 PM] : User lost game.
[21/11/2014 09:08:48 PM] : User lost game.
[21/11/2014 09:08:48 PM] : User lost game.
[21/11/2014 09:08:48 PM] : User lost game.
[21/11/2014 09:08:48 PM] : User lost game.
[21/11/2014 09:08:48 PM] : User lost game.
[21/11/2014 09:08:48 PM] : Game Play Window Closed.
[21/11/2014 09:08:48 PM] : Game Closed
