[22/11/2014 10:17:46 PM] : Game Initialized.
[22/11/2014 10:17:47 PM] : Play button clicked.
[22/11/2014 10:17:47 PM] : MapChooser Screen open
[22/11/2014 10:17:47 PM] : Listed all mapfiles from MapFiel folder
[22/11/2014 10:17:50 PM] : Let's Play clicked.
[22/11/2014 10:17:50 PM] : User's map file:chital.team7
[22/11/2014 10:17:50 PM] : Game Play Started.
[22/11/2014 10:17:50 PM] : Game Play Screen initialized.
[22/11/2014 10:17:50 PM] : Basic Images are loaded successfully.
[22/11/2014 10:17:50 PM] : First Level get started
[22/11/2014 10:17:50 PM] : 5 New Creatures Created.
[22/11/2014 10:17:50 PM] : Game Play Start
[22/11/2014 10:17:52 PM] : Mob Id:0 get started moving.
[22/11/2014 10:17:52 PM] : Tower Id:3 placed at (2,4)
[22/11/2014 10:17:52 PM] : Tower Inspection window showed for Tower:3 at (2,4)
[22/11/2014 10:17:53 PM] : Mob Id:1 get started moving.
[22/11/2014 10:17:55 PM] : Mob Id:2 get started moving.
[22/11/2014 10:17:56 PM] : Mob Id:3 get started moving.
[22/11/2014 10:17:57 PM] : Mob Id:4 get started moving.
[22/11/2014 10:18:04 PM] : Tower Id:3 removed from (2,4)
[22/11/2014 10:18:04 PM] : Tower Sell reward done.
[22/11/2014 10:18:06 PM] : Tower Id:3 placed at (5,2)
[22/11/2014 10:18:06 PM] : Tower Inspection window showed for Tower:3 at (5,2)
[22/11/2014 10:18:10 PM] : Mob Killed, Mob Id :0
[22/11/2014 10:18:10 PM] : Mob killing reward added to main amount.
[22/11/2014 10:18:14 PM] : Mob Killed, Mob Id :2
[22/11/2014 10:18:14 PM] : Mob killing reward added to main amount.
[22/11/2014 10:18:20 PM] : Game Play Window Closed.
[22/11/2014 10:18:20 PM] : Game Closed
