[22/11/2014 06:35:07 PM] : Game Initialized.
[22/11/2014 06:35:08 PM] : Play button clicked.
[22/11/2014 06:35:08 PM] : MapChooser Screen open
[22/11/2014 06:35:08 PM] : Listed all mapfiles from MapFiel folder
[22/11/2014 06:35:11 PM] : Let's Play clicked.
[22/11/2014 06:35:11 PM] : User's map file:chital.team7
[22/11/2014 06:35:11 PM] : Game Play Started.
[22/11/2014 06:35:11 PM] : Game Play Screen initialized.
[22/11/2014 06:35:11 PM] : Basic Images are loaded successfully.
[22/11/2014 06:35:11 PM] : First Level get started
[22/11/2014 06:35:11 PM] : 5 New Creatures Created.
[22/11/2014 06:35:12 PM] : Game Play Start
[22/11/2014 06:35:13 PM] : Tower Id:3 placed at (1,4)
[22/11/2014 06:35:13 PM] : Tower Inspection window showed for Tower:3 at (1,4)
[22/11/2014 06:35:13 PM] : Tower Upgrade to Level:2 Range:64 Rate:2
[22/11/2014 06:35:13 PM] : Tower Upgrade cost deducted from total money.
[22/11/2014 06:35:13 PM] : Mob Id:0 get started moving.
[22/11/2014 06:35:14 PM] : Tower Upgrade to Level:3 Range:84 Rate:3
[22/11/2014 06:35:14 PM] : Tower Upgrade cost deducted from total money.
[22/11/2014 06:35:14 PM] : Tower Upgrade to Level:4 Range:104 Rate:4
[22/11/2014 06:35:14 PM] : Tower Upgrade cost deducted from total money.
[22/11/2014 06:35:14 PM] : Tower Upgrade to Level:5 Range:124 Rate:5
[22/11/2014 06:35:14 PM] : Tower Upgrade cost deducted from total money.
[22/11/2014 06:35:15 PM] : Mob Id:1 get started moving.
[22/11/2014 06:35:17 PM] : Mob Id:2 get started moving.
[22/11/2014 06:35:17 PM] : Mob Killed, Mob Id :0
[22/11/2014 06:35:17 PM] : Mob killing reward added to main amount.
[22/11/2014 06:35:18 PM] : Tower Id:4 placed at (8,4)
[22/11/2014 06:35:18 PM] : Tower Inspection window showed for Tower:4 at (8,4)
[22/11/2014 06:35:19 PM] : Mob Id:3 get started moving.
[22/11/2014 06:35:19 PM] : Mob Killed, Mob Id :1
[22/11/2014 06:35:19 PM] : Mob killing reward added to main amount.
[22/11/2014 06:35:20 PM] : Tower Id:5 placed at (5,2)
[22/11/2014 06:35:20 PM] : Tower Inspection window showed for Tower:5 at (5,2)
[22/11/2014 06:35:20 PM] : Mob Id:4 get started moving.
[22/11/2014 06:35:21 PM] : Mob Killed, Mob Id :2
[22/11/2014 06:35:21 PM] : Mob killing reward added to main amount.
[22/11/2014 06:35:22 PM] : Mob Killed, Mob Id :3
[22/11/2014 06:35:22 PM] : Mob killing reward added to main amount.
[22/11/2014 06:35:24 PM] : Mob Killed, Mob Id :4
[22/11/2014 06:35:24 PM] : Mob killing reward added to main amount.
[22/11/2014 06:35:24 PM] : Game Level Upgraded to : 2
[22/11/2014 06:35:24 PM] : new Creatures : 10
[22/11/2014 06:35:24 PM] : Tower Upgrade to Level:2 Range:108 Rate:10
[22/11/2014 06:35:24 PM] : Tower Upgrade cost deducted from total money.
[22/11/2014 06:35:24 PM] : Mob Id:0 get started moving.
[22/11/2014 06:35:26 PM] : Mob Id:1 get started moving.
[22/11/2014 06:35:26 PM] : Game Play Window Closed.
[22/11/2014 06:35:26 PM] : Game Closed
