[22/11/2014 09:04:22 PM] : Game Initialized.
[22/11/2014 09:04:23 PM] : Play button clicked.
[22/11/2014 09:04:23 PM] : MapChooser Screen open
[22/11/2014 09:04:24 PM] : Listed all mapfiles from MapFiel folder
[22/11/2014 09:04:26 PM] : Let's Play clicked.
[22/11/2014 09:04:26 PM] : User's map file:chital.team7
[22/11/2014 09:04:26 PM] : Game Play Started.
[22/11/2014 09:04:26 PM] : Game Play Screen initialized.
[22/11/2014 09:04:27 PM] : Basic Images are loaded successfully.
[22/11/2014 09:04:27 PM] : First Level get started
[22/11/2014 09:04:27 PM] : 5 New Creatures Created.
[22/11/2014 09:04:27 PM] : Game Play Start
[22/11/2014 09:04:29 PM] : Mob Id:0 get started moving.
[22/11/2014 09:04:30 PM] : Mob Id:1 get started moving.
[22/11/2014 09:04:31 PM] : Tower Id:3 placed at (2,4)
[22/11/2014 09:04:31 PM] : Tower Inspection window showed for Tower:3 at (2,4)
[22/11/2014 09:04:32 PM] : Mob Id:2 get started moving.
[22/11/2014 09:04:33 PM] : Mob Id:3 get started moving.
[22/11/2014 09:04:35 PM] : Mob Id:4 get started moving.
[22/11/2014 09:04:52 PM] : Game Play Window Closed.
[22/11/2014 09:04:52 PM] : Game Closed
