[22/11/2014 05:26:07 PM] : Game Initialized.
[22/11/2014 05:26:08 PM] : Play button clicked.
[22/11/2014 05:26:08 PM] : MapChooser Screen open
[22/11/2014 05:26:08 PM] : Listed all mapfiles from MapFiel folder
[22/11/2014 05:26:11 PM] : Let's Play clicked.
[22/11/2014 05:26:11 PM] : User's map file:chital.team7
[22/11/2014 05:26:11 PM] : Game Play Started.
[22/11/2014 05:26:11 PM] : Game Play Screen initialized.
[22/11/2014 05:26:11 PM] : Basic Images are loaded successfully.
[22/11/2014 05:26:11 PM] : First Level get started
[22/11/2014 05:26:11 PM] : 5 New Creatures Created.
[22/11/2014 05:26:12 PM] : Game Play Start
[22/11/2014 05:26:13 PM] : Tower Id:3 placed at (1,4)
[22/11/2014 05:26:13 PM] : Tower Inspection window showed for Tower:3 at (1,4)
[22/11/2014 05:26:14 PM] : Mob Id:0 get started moving.
[22/11/2014 05:26:15 PM] : Tower Id:4 placed at (4,4)
[22/11/2014 05:26:15 PM] : Tower Inspection window showed for Tower:4 at (4,4)
[22/11/2014 05:26:15 PM] : Mob Id:1 get started moving.
[22/11/2014 05:26:16 PM] : Tower Upgrade to Level:2 Range:88 Rate:3
[22/11/2014 05:26:16 PM] : Tower Upgrade cost deducted from total money.
[22/11/2014 05:26:17 PM] : Mob Id:2 get started moving.
[22/11/2014 05:26:17 PM] : Tower Inspection window showed for Tower:3 at (1,4)
[22/11/2014 05:26:18 PM] : Tower Id:4 removed from (1,4)
[22/11/2014 05:26:18 PM] : Tower Sell reward done.
[22/11/2014 05:26:18 PM] : Mob Id:3 get started moving.
[22/11/2014 05:26:19 PM] : Mob Id:4 get started moving.
[22/11/2014 05:26:20 PM] : Tower Id:5 placed at (1,4)
[22/11/2014 05:26:20 PM] : Tower Inspection window showed for Tower:5 at (1,4)
[22/11/2014 05:26:22 PM] : Game Play Window Closed.
[22/11/2014 05:26:22 PM] : Game Closed
