[22/11/2014 08:31:38 PM] : Game Initialized.
[22/11/2014 08:31:40 PM] : Play button clicked.
[22/11/2014 08:31:40 PM] : MapChooser Screen open
[22/11/2014 08:31:40 PM] : Listed all mapfiles from MapFiel folder
[22/11/2014 08:31:43 PM] : Let's Play clicked.
[22/11/2014 08:31:43 PM] : User's map file:chital.team7
[22/11/2014 08:31:43 PM] : Game Play Started.
[22/11/2014 08:31:43 PM] : Game Play Screen initialized.
[22/11/2014 08:31:44 PM] : Basic Images are loaded successfully.
[22/11/2014 08:31:44 PM] : First Level get started
[22/11/2014 08:31:44 PM] : 5 New Creatures Created.
[22/11/2014 08:31:44 PM] : Game Play Start
[22/11/2014 08:31:46 PM] : Mob Id:0 get started moving.
[22/11/2014 08:31:47 PM] : Mob Id:1 get started moving.
[22/11/2014 08:31:47 PM] : Tower Id:3 placed at (1,4)
[22/11/2014 08:31:47 PM] : Tower Inspection window showed for Tower:3 at (1,4)
[22/11/2014 08:31:48 PM] : Tower Upgrade to Level:2 Range:64 Rate:2
[22/11/2014 08:31:48 PM] : Tower Upgrade cost deducted from total money.
[22/11/2014 08:31:48 PM] : Tower Upgrade to Level:3 Range:84 Rate:3
[22/11/2014 08:31:48 PM] : Tower Upgrade cost deducted from total money.
[22/11/2014 08:31:48 PM] : Mob Id:2 get started moving.
[22/11/2014 08:31:49 PM] : Tower Upgrade to Level:4 Range:104 Rate:4
[22/11/2014 08:31:49 PM] : Tower Upgrade cost deducted from total money.
[22/11/2014 08:31:49 PM] : Tower Upgrade to Level:5 Range:124 Rate:5
[22/11/2014 08:31:49 PM] : Tower Upgrade cost deducted from total money.
[22/11/2014 08:31:51 PM] : Game Play Window Closed.
[22/11/2014 08:31:51 PM] : Game Closed
