[22/11/2014 05:59:45 PM] : Game Initialized.
[22/11/2014 05:59:47 PM] : Play button clicked.
[22/11/2014 05:59:47 PM] : MapChooser Screen open
[22/11/2014 05:59:47 PM] : Listed all mapfiles from MapFiel folder
[22/11/2014 05:59:48 PM] : Let's Play clicked.
[22/11/2014 05:59:48 PM] : User's map file:chital.team7
[22/11/2014 05:59:49 PM] : Game Play Started.
[22/11/2014 05:59:49 PM] : Game Play Screen initialized.
[22/11/2014 05:59:49 PM] : Basic Images are loaded successfully.
[22/11/2014 05:59:49 PM] : First Level get started
[22/11/2014 05:59:49 PM] : 5 New Creatures Created.
[22/11/2014 05:59:49 PM] : Game Play Start
[22/11/2014 05:59:50 PM] : Tower Id:3 placed at (1,4)
[22/11/2014 05:59:50 PM] : Tower Inspection window showed for Tower:3 at (1,4)
[22/11/2014 05:59:51 PM] : Mob Id:0 get started moving.
[22/11/2014 05:59:51 PM] : Tower Upgrade to Level:2 Range:64 Rate:2
[22/11/2014 05:59:51 PM] : Tower Upgrade cost deducted from total money.
[22/11/2014 05:59:51 PM] : Tower Upgrade to Level:3 Range:84 Rate:3
[22/11/2014 05:59:51 PM] : Tower Upgrade cost deducted from total money.
[22/11/2014 05:59:52 PM] : Tower Upgrade to Level:4 Range:104 Rate:4
[22/11/2014 05:59:52 PM] : Tower Upgrade cost deducted from total money.
[22/11/2014 05:59:52 PM] : Mob Id:1 get started moving.
[22/11/2014 05:59:54 PM] : Mob Id:2 get started moving.
[22/11/2014 05:59:55 PM] : Mob Killed, Mob Id :0
[22/11/2014 05:59:55 PM] : Mob killing reward added to main amount.
[22/11/2014 05:59:56 PM] : Mob Id:3 get started moving.
[22/11/2014 05:59:56 PM] : Tower Id:4 placed at (5,2)
[22/11/2014 05:59:56 PM] : Tower Inspection window showed for Tower:4 at (5,2)
[22/11/2014 05:59:57 PM] : Mob Killed, Mob Id :1
[22/11/2014 05:59:57 PM] : Mob killing reward added to main amount.
[22/11/2014 05:59:57 PM] : Mob Id:4 get started moving.
[22/11/2014 05:59:58 PM] : Tower Id:5 placed at (8,4)
[22/11/2014 05:59:58 PM] : Tower Inspection window showed for Tower:5 at (8,4)
[22/11/2014 05:59:59 PM] : Mob Killed, Mob Id :2
[22/11/2014 05:59:59 PM] : Mob killing reward added to main amount.
[22/11/2014 06:00:00 PM] : Mob Killed, Mob Id :3
[22/11/2014 06:00:00 PM] : Mob killing reward added to main amount.
[22/11/2014 06:00:02 PM] : Mob Killed, Mob Id :4
[22/11/2014 06:00:02 PM] : Mob killing reward added to main amount.
[22/11/2014 06:00:02 PM] : Game Level Upgraded to : 2
[22/11/2014 06:00:02 PM] : new Creatures : 10
[22/11/2014 06:00:02 PM] : Game Play Window Closed.
[22/11/2014 06:00:02 PM] : Game Closed
