[22/11/2014 05:24:52 PM] : Game Initialized.
[22/11/2014 05:24:53 PM] : Play button clicked.
[22/11/2014 05:24:53 PM] : MapChooser Screen open
[22/11/2014 05:24:53 PM] : Listed all mapfiles from MapFiel folder
[22/11/2014 05:24:54 PM] : Let's Play clicked.
[22/11/2014 05:24:54 PM] : User's map file:14.11.2014 03_47_55 PM.team7
[22/11/2014 05:24:54 PM] : Game Play Started.
[22/11/2014 05:24:55 PM] : Game Play Screen initialized.
[22/11/2014 05:24:55 PM] : Basic Images are loaded successfully.
[22/11/2014 05:24:55 PM] : First Level get started
[22/11/2014 05:24:55 PM] : 5 New Creatures Created.
[22/11/2014 05:24:55 PM] : Game Play Start
[22/11/2014 05:24:57 PM] : Tower Id:3 placed at (3,2)
[22/11/2014 05:24:57 PM] : Tower Inspection window showed for Tower:3 at (3,2)
[22/11/2014 05:24:57 PM] : Mob Id:0 get started moving.
[22/11/2014 05:24:59 PM] : Mob Id:1 get started moving.
[22/11/2014 05:25:00 PM] : Tower Id:4 placed at (3,4)
[22/11/2014 05:25:00 PM] : Tower Inspection window showed for Tower:4 at (3,4)
[22/11/2014 05:25:00 PM] : Mob Id:2 get started moving.
[22/11/2014 05:25:02 PM] : Mob Id:3 get started moving.
[22/11/2014 05:25:02 PM] : Tower Id:4 removed from (3,2)
[22/11/2014 05:25:02 PM] : Tower Sell reward done.
[22/11/2014 05:25:03 PM] : Tower Inspection window showed for Tower:4 at (3,4)
[22/11/2014 05:25:03 PM] : Mob Id:4 get started moving.
[22/11/2014 05:25:04 PM] : Tower Upgrade to Level:2 Range:88 Rate:3
[22/11/2014 05:25:04 PM] : Tower Upgrade cost deducted from total money.
[22/11/2014 05:25:05 PM] : Mob Killed, Mob Id :0
[22/11/2014 05:25:05 PM] : Mob killing reward added to main amount.
[22/11/2014 05:25:07 PM] : Tower Id:5 placed at (3,2)
[22/11/2014 05:25:07 PM] : Tower Inspection window showed for Tower:5 at (3,2)
[22/11/2014 05:25:08 PM] : Mob Killed, Mob Id :1
[22/11/2014 05:25:08 PM] : Mob killing reward added to main amount.
[22/11/2014 05:25:09 PM] : Game Play Window Closed.
[22/11/2014 05:25:09 PM] : Game Closed
