[22/11/2014 06:37:23 PM] : Game Initialized.
[22/11/2014 06:37:24 PM] : Play button clicked.
[22/11/2014 06:37:24 PM] : MapChooser Screen open
[22/11/2014 06:37:24 PM] : Listed all mapfiles from MapFiel folder
[22/11/2014 06:37:26 PM] : Let's Play clicked.
[22/11/2014 06:37:26 PM] : User's map file:14.11.2014 03_47_55 PM.team7
[22/11/2014 06:37:26 PM] : Game Play Started.
[22/11/2014 06:37:26 PM] : Game Play Screen initialized.
[22/11/2014 06:37:27 PM] : Basic Images are loaded successfully.
[22/11/2014 06:37:27 PM] : First Level get started
[22/11/2014 06:37:27 PM] : 5 New Creatures Created.
[22/11/2014 06:37:27 PM] : Game Play Start
[22/11/2014 06:37:28 PM] : Tower Id:3 placed at (1,3)
[22/11/2014 06:37:28 PM] : Tower Inspection window showed for Tower:3 at (1,3)
[22/11/2014 06:37:29 PM] : Mob Id:0 get started moving.
[22/11/2014 06:37:29 PM] : Tower Upgrade to Level:2 Range:64 Rate:2
[22/11/2014 06:37:29 PM] : Tower Upgrade cost deducted from total money.
[22/11/2014 06:37:30 PM] : Tower Upgrade to Level:3 Range:84 Rate:3
[22/11/2014 06:37:30 PM] : Tower Upgrade cost deducted from total money.
[22/11/2014 06:37:30 PM] : Tower Upgrade to Level:4 Range:104 Rate:4
[22/11/2014 06:37:30 PM] : Tower Upgrade cost deducted from total money.
[22/11/2014 06:37:30 PM] : Tower Upgrade to Level:5 Range:124 Rate:5
[22/11/2014 06:37:30 PM] : Tower Upgrade cost deducted from total money.
[22/11/2014 06:37:30 PM] : Mob Id:1 get started moving.
[22/11/2014 06:37:31 PM] : Mob Killed, Mob Id :0
[22/11/2014 06:37:31 PM] : Mob killing reward added to main amount.
[22/11/2014 06:37:32 PM] : Mob Id:2 get started moving.
[22/11/2014 06:37:33 PM] : Mob Killed, Mob Id :1
[22/11/2014 06:37:33 PM] : Mob killing reward added to main amount.
[22/11/2014 06:37:33 PM] : Mob Id:3 get started moving.
[22/11/2014 06:37:34 PM] : Mob Killed, Mob Id :2
[22/11/2014 06:37:34 PM] : Mob killing reward added to main amount.
[22/11/2014 06:37:35 PM] : Mob Id:4 get started moving.
[22/11/2014 06:37:35 PM] : Mob Killed, Mob Id :3
[22/11/2014 06:37:35 PM] : Mob killing reward added to main amount.
[22/11/2014 06:37:36 PM] : Game Play Window Closed.
[22/11/2014 06:37:36 PM] : Game Closed
