[22/11/2014 04:22:13 PM] : Game Initialized.
[22/11/2014 04:22:14 PM] : Play button clicked.
[22/11/2014 04:22:14 PM] : MapChooser Screen open
[22/11/2014 04:22:14 PM] : Listed all mapfiles from MapFiel folder
[22/11/2014 04:22:17 PM] : Let's Play clicked.
[22/11/2014 04:22:17 PM] : User's map file:chital.team7
[22/11/2014 04:22:17 PM] : Game Play Started.
[22/11/2014 04:22:17 PM] : Game Play Screen initialized.
[22/11/2014 04:22:18 PM] : Basic Images are loaded successfully.
[22/11/2014 04:22:18 PM] : First Level get started
[22/11/2014 04:22:18 PM] : 5 New Creatures Created.
[22/11/2014 04:22:18 PM] : Game Play Start
[22/11/2014 04:22:20 PM] : Mob Id:0 get started moving.
[22/11/2014 04:22:21 PM] : Tower Id:3 placed at (1,4)
[22/11/2014 04:22:21 PM] : Tower Inspection window showed for Tower:3 at (1,4)
[22/11/2014 04:22:22 PM] : Mob Id:1 get started moving.
[22/11/2014 04:22:23 PM] : Mob Id:2 get started moving.
[22/11/2014 04:22:24 PM] : Tower Id:3 removed from (1,4)
[22/11/2014 04:22:24 PM] : Tower Sell reward done.
[22/11/2014 04:22:24 PM] : Mob Id:3 get started moving.
[22/11/2014 04:22:26 PM] : Mob Id:4 get started moving.
[22/11/2014 04:22:26 PM] : Tower Id:4 placed at (1,4)
[22/11/2014 04:22:29 PM] : Mob Killed, Mob Id :0
[22/11/2014 04:22:29 PM] : Mob killing reward added to main amount.
[22/11/2014 04:22:32 PM] : Tower Id:4 placed at (3,4)
[22/11/2014 04:22:32 PM] : Mob Killed, Mob Id :4
[22/11/2014 04:22:32 PM] : Mob killing reward added to main amount.
[22/11/2014 04:22:34 PM] : Tower Inspection window showed for Tower:4 at (3,4)
[22/11/2014 04:22:34 PM] : Tower Id:4 removed from (3,4)
[22/11/2014 04:22:34 PM] : Tower Sell reward done.
[22/11/2014 04:22:35 PM] : Tower Id:4 removed from (1,4)
[22/11/2014 04:22:35 PM] : Tower Sell reward done.
[22/11/2014 04:22:36 PM] : Game Play Window Closed.
[22/11/2014 04:22:36 PM] : Game Closed
