[22/11/2014 04:58:10 PM] : Game Initialized.
[22/11/2014 04:58:12 PM] : Play button clicked.
[22/11/2014 04:58:12 PM] : MapChooser Screen open
[22/11/2014 04:58:12 PM] : Listed all mapfiles from MapFiel folder
[22/11/2014 04:58:16 PM] : Let's Play clicked.
[22/11/2014 04:58:16 PM] : User's map file:chital.team7
[22/11/2014 04:58:16 PM] : Game Play Started.
[22/11/2014 04:58:16 PM] : Game Play Screen initialized.
[22/11/2014 04:58:16 PM] : Basic Images are loaded successfully.
[22/11/2014 04:58:16 PM] : First Level get started
[22/11/2014 04:58:16 PM] : 5 New Creatures Created.
[22/11/2014 04:58:17 PM] : Game Play Start
[22/11/2014 04:58:18 PM] : Tower Id:3 placed at (1,4)
[22/11/2014 04:58:18 PM] : Tower Inspection window showed for Tower:3 at (1,4)
[22/11/2014 04:58:18 PM] : Mob Id:0 get started moving.
[22/11/2014 04:58:20 PM] : Mob Id:1 get started moving.
[22/11/2014 04:58:21 PM] : Tower Id:4 placed at (3,4)
[22/11/2014 04:58:21 PM] : Tower Inspection window showed for Tower:4 at (3,4)
[22/11/2014 04:58:21 PM] : Mob Id:2 get started moving.
[22/11/2014 04:58:23 PM] : Mob Id:3 get started moving.
[22/11/2014 04:58:24 PM] : Tower Id:3 placed at (7,3)
[22/11/2014 04:58:24 PM] : Tower Inspection window showed for Tower:3 at (7,3)
[22/11/2014 04:58:24 PM] : Mob Id:4 get started moving.
[22/11/2014 04:58:25 PM] : Mob Killed, Mob Id :0
[22/11/2014 04:58:25 PM] : Mob killing reward added to main amount.
[22/11/2014 04:58:26 PM] : Game Play Window Closed.
[22/11/2014 04:58:26 PM] : Game Closed
