[22/11/2014 05:58:44 PM] : Game Initialized.
[22/11/2014 05:58:46 PM] : Play button clicked.
[22/11/2014 05:58:46 PM] : MapChooser Screen open
[22/11/2014 05:58:46 PM] : Listed all mapfiles from MapFiel folder
[22/11/2014 05:58:50 PM] : Let's Play clicked.
[22/11/2014 05:58:50 PM] : User's map file:chital.team7
[22/11/2014 05:58:51 PM] : Game Play Started.
[22/11/2014 05:58:51 PM] : Game Play Screen initialized.
[22/11/2014 05:58:51 PM] : Basic Images are loaded successfully.
[22/11/2014 05:58:51 PM] : First Level get started
[22/11/2014 05:58:51 PM] : 5 New Creatures Created.
[22/11/2014 05:58:51 PM] : Game Play Start
[22/11/2014 05:58:53 PM] : Tower Id:3 placed at (1,4)
[22/11/2014 05:58:53 PM] : Tower Inspection window showed for Tower:3 at (1,4)
[22/11/2014 05:58:53 PM] : Mob Id:0 get started moving.
[22/11/2014 05:58:54 PM] : Tower Id:4 placed at (5,2)
[22/11/2014 05:58:54 PM] : Tower Inspection window showed for Tower:4 at (5,2)
[22/11/2014 05:58:55 PM] : Mob Id:1 get started moving.
[22/11/2014 05:58:56 PM] : Tower Id:5 placed at (8,4)
[22/11/2014 05:58:56 PM] : Tower Inspection window showed for Tower:5 at (8,4)
[22/11/2014 05:58:56 PM] : Mob Id:2 get started moving.
[22/11/2014 05:58:57 PM] : Mob Id:3 get started moving.
[22/11/2014 05:58:59 PM] : Mob Id:4 get started moving.
[22/11/2014 05:59:03 PM] : Mob Killed, Mob Id :0
[22/11/2014 05:59:03 PM] : Mob killing reward added to main amount.
[22/11/2014 05:59:04 PM] : Game Play Window Closed.
[22/11/2014 05:59:04 PM] : Game Closed
