[22/11/2014 05:55:09 PM] : Game Initialized.
[22/11/2014 05:55:11 PM] : Play button clicked.
[22/11/2014 05:55:11 PM] : MapChooser Screen open
[22/11/2014 05:55:11 PM] : Listed all mapfiles from MapFiel folder
[22/11/2014 05:55:12 PM] : Let's Play clicked.
[22/11/2014 05:55:12 PM] : User's map file:chital.team7
[22/11/2014 05:55:12 PM] : Game Play Started.
[22/11/2014 05:55:13 PM] : Game Play Screen initialized.
[22/11/2014 05:55:13 PM] : Basic Images are loaded successfully.
[22/11/2014 05:55:13 PM] : First Level get started
[22/11/2014 05:55:13 PM] : 5 New Creatures Created.
[22/11/2014 05:55:13 PM] : Game Play Start
[22/11/2014 05:55:15 PM] : Tower Id:3 placed at (1,4)
[22/11/2014 05:55:15 PM] : Tower Inspection window showed for Tower:3 at (1,4)
[22/11/2014 05:55:15 PM] : Mob Id:0 get started moving.
[22/11/2014 05:55:15 PM] : Tower Upgrade to Level:2 Range:64 Rate:2
[22/11/2014 05:55:15 PM] : Tower Upgrade cost deducted from total money.
[22/11/2014 05:55:16 PM] : Tower Upgrade to Level:3 Range:84 Rate:3
[22/11/2014 05:55:16 PM] : Tower Upgrade cost deducted from total money.
[22/11/2014 05:55:17 PM] : Mob Id:1 get started moving.
[22/11/2014 05:55:18 PM] : Tower Id:5 placed at (8,4)
[22/11/2014 05:55:18 PM] : Tower Inspection window showed for Tower:5 at (8,4)
[22/11/2014 05:55:18 PM] : Mob Id:2 get started moving.
[22/11/2014 05:55:19 PM] : Tower Id:4 placed at (5,2)
[22/11/2014 05:55:19 PM] : Tower Inspection window showed for Tower:4 at (5,2)
[22/11/2014 05:55:20 PM] : Mob Id:3 get started moving.
[22/11/2014 05:55:20 PM] : Mob Killed, Mob Id :0
[22/11/2014 05:55:20 PM] : Mob killing reward added to main amount.
[22/11/2014 05:55:21 PM] : Mob Id:4 get started moving.
[22/11/2014 05:55:23 PM] : Mob Killed, Mob Id :1
[22/11/2014 05:55:23 PM] : Mob killing reward added to main amount.
[22/11/2014 05:55:23 PM] : Game Play Window Closed.
[22/11/2014 05:55:23 PM] : Game Closed
