[22/11/2014 06:39:31 PM] : Game Initialized.
[22/11/2014 06:39:33 PM] : Play button clicked.
[22/11/2014 06:39:33 PM] : MapChooser Screen open
[22/11/2014 06:39:33 PM] : Listed all mapfiles from MapFiel folder
[22/11/2014 06:39:35 PM] : Let's Play clicked.
[22/11/2014 06:39:35 PM] : User's map file:chital.team7
[22/11/2014 06:39:35 PM] : Game Play Started.
[22/11/2014 06:39:35 PM] : Game Play Screen initialized.
[22/11/2014 06:39:35 PM] : Basic Images are loaded successfully.
[22/11/2014 06:39:35 PM] : First Level get started
[22/11/2014 06:39:35 PM] : 5 New Creatures Created.
[22/11/2014 06:39:36 PM] : Game Play Start
[22/11/2014 06:39:38 PM] : Mob Id:0 get started moving.
[22/11/2014 06:39:39 PM] : Mob Id:1 get started moving.
[22/11/2014 06:39:39 PM] : Tower Id:3 placed at (1,4)
[22/11/2014 06:39:39 PM] : Tower Inspection window showed for Tower:3 at (1,4)
[22/11/2014 06:39:40 PM] : Tower Upgrade to Level:2 Range:64 Rate:2
[22/11/2014 06:39:40 PM] : Tower Upgrade cost deducted from total money.
[22/11/2014 06:39:40 PM] : Tower Upgrade to Level:3 Range:84 Rate:3
[22/11/2014 06:39:40 PM] : Tower Upgrade cost deducted from total money.
[22/11/2014 06:39:40 PM] : Tower Upgrade to Level:4 Range:104 Rate:4
[22/11/2014 06:39:40 PM] : Tower Upgrade cost deducted from total money.
[22/11/2014 06:39:41 PM] : Tower Upgrade to Level:5 Range:124 Rate:5
[22/11/2014 06:39:41 PM] : Tower Upgrade cost deducted from total money.
[22/11/2014 06:39:41 PM] : Mob Id:2 get started moving.
[22/11/2014 06:39:42 PM] : Mob Killed, Mob Id :0
[22/11/2014 06:39:42 PM] : Mob killing reward added to main amount.
[22/11/2014 06:39:42 PM] : Mob Id:3 get started moving.
[22/11/2014 06:39:43 PM] : Mob Killed, Mob Id :1
[22/11/2014 06:39:43 PM] : Mob killing reward added to main amount.
[22/11/2014 06:39:44 PM] : Mob Id:4 get started moving.
[22/11/2014 06:39:45 PM] : Mob Killed, Mob Id :2
[22/11/2014 06:39:45 PM] : Mob killing reward added to main amount.
[22/11/2014 06:39:46 PM] : Mob Killed, Mob Id :3
[22/11/2014 06:39:46 PM] : Mob killing reward added to main amount.
[22/11/2014 06:39:47 PM] : Mob Killed, Mob Id :4
[22/11/2014 06:39:47 PM] : Mob killing reward added to main amount.
[22/11/2014 06:39:47 PM] : Game Level Upgraded to : 2
[22/11/2014 06:39:47 PM] : new Creatures : 10
[22/11/2014 06:39:48 PM] : Mob Id:0 get started moving.
[22/11/2014 06:39:49 PM] : Mob Id:1 get started moving.
[22/11/2014 06:39:50 PM] : Mob Id:2 get started moving.
[22/11/2014 06:39:52 PM] : Mob Id:3 get started moving.
[22/11/2014 06:39:52 PM] : Mob Killed, Mob Id :0
[22/11/2014 06:39:52 PM] : Mob killing reward added to main amount.
[22/11/2014 06:39:53 PM] : Mob Id:4 get started moving.
[22/11/2014 06:39:54 PM] : Mob Id:5 get started moving.
[22/11/2014 06:39:54 PM] : Mob Killed, Mob Id :1
[22/11/2014 06:39:54 PM] : Mob killing reward added to main amount.
[22/11/2014 06:39:55 PM] : Mob Id:6 get started moving.
[22/11/2014 06:39:57 PM] : Mob Killed, Mob Id :3
[22/11/2014 06:39:57 PM] : Mob killing reward added to main amount.
[22/11/2014 06:39:57 PM] : Mob Id:7 get started moving.
[22/11/2014 06:39:58 PM] : Mob Id:8 get started moving.
[22/11/2014 06:39:59 PM] : Mob Killed, Mob Id :5
[22/11/2014 06:39:59 PM] : Mob killing reward added to main amount.
[22/11/2014 06:40:00 PM] : Mob Id:9 get started moving.
[22/11/2014 06:40:00 PM] : Game Play Window Closed.
[22/11/2014 06:40:00 PM] : Game Closed
