[22/11/2014 06:09:19 PM] : Game Initialized.
[22/11/2014 06:09:22 PM] : Play button clicked.
[22/11/2014 06:09:22 PM] : MapChooser Screen open
[22/11/2014 06:09:22 PM] : Listed all mapfiles from MapFiel folder
[22/11/2014 06:09:24 PM] : Let's Play clicked.
[22/11/2014 06:09:24 PM] : User's map file:chital.team7
[22/11/2014 06:09:24 PM] : Game Play Started.
[22/11/2014 06:09:24 PM] : Game Play Screen initialized.
[22/11/2014 06:09:24 PM] : Basic Images are loaded successfully.
[22/11/2014 06:09:24 PM] : First Level get started
[22/11/2014 06:09:24 PM] : 5 New Creatures Created.
[22/11/2014 06:09:25 PM] : Game Play Start
[22/11/2014 06:09:26 PM] : Tower Id:3 placed at (1,4)
[22/11/2014 06:09:26 PM] : Tower Inspection window showed for Tower:3 at (1,4)
[22/11/2014 06:09:27 PM] : Mob Id:0 get started moving.
[22/11/2014 06:09:27 PM] : Tower Upgrade to Level:2 Range:64 Rate:2
[22/11/2014 06:09:27 PM] : Tower Upgrade cost deducted from total money.
[22/11/2014 06:09:27 PM] : Tower Upgrade to Level:3 Range:84 Rate:3
[22/11/2014 06:09:27 PM] : Tower Upgrade cost deducted from total money.
[22/11/2014 06:09:28 PM] : Mob Id:1 get started moving.
[22/11/2014 06:09:29 PM] : Mob Id:2 get started moving.
[22/11/2014 06:09:31 PM] : Mob Id:3 get started moving.
[22/11/2014 06:09:31 PM] : Mob Killed, Mob Id :0
[22/11/2014 06:09:31 PM] : Mob killing reward added to main amount.
[22/11/2014 06:09:32 PM] : Mob Id:4 get started moving.
[22/11/2014 06:09:33 PM] : Tower Id:3 removed from (1,4)
[22/11/2014 06:09:33 PM] : Tower Sell reward done.
[22/11/2014 06:09:36 PM] : Tower Id:3 placed at (1,4)
[22/11/2014 06:09:36 PM] : Tower Inspection window showed for Tower:3 at (1,4)
[22/11/2014 06:09:36 PM] : Mob Killed, Mob Id :1
[22/11/2014 06:09:36 PM] : Mob killing reward added to main amount.
[22/11/2014 06:09:37 PM] : Tower Id:3 removed from (1,4)
[22/11/2014 06:09:37 PM] : Tower Sell reward done.
[22/11/2014 06:09:41 PM] : Game Play Window Closed.
[22/11/2014 06:09:41 PM] : Game Closed
