[22/11/2014 05:18:48 PM] : Game Initialized.
[22/11/2014 05:18:49 PM] : Play button clicked.
[22/11/2014 05:18:49 PM] : MapChooser Screen open
[22/11/2014 05:18:49 PM] : Listed all mapfiles from MapFiel folder
[22/11/2014 05:18:51 PM] : Let's Play clicked.
[22/11/2014 05:18:51 PM] : User's map file:chital.team7
[22/11/2014 05:18:51 PM] : Game Play Started.
[22/11/2014 05:18:51 PM] : Game Play Screen initialized.
[22/11/2014 05:18:52 PM] : Basic Images are loaded successfully.
[22/11/2014 05:18:52 PM] : First Level get started
[22/11/2014 05:18:52 PM] : 5 New Creatures Created.
[22/11/2014 05:18:52 PM] : Game Play Start
[22/11/2014 05:18:53 PM] : Tower Id:3 placed at (1,4)
[22/11/2014 05:18:53 PM] : Tower Inspection window showed for Tower:3 at (1,4)
[22/11/2014 05:18:54 PM] : Mob Id:0 get started moving.
[22/11/2014 05:18:55 PM] : Tower Id:4 placed at (4,4)
[22/11/2014 05:18:55 PM] : Tower Inspection window showed for Tower:4 at (4,4)
[22/11/2014 05:18:55 PM] : Mob Id:1 get started moving.
[22/11/2014 05:18:56 PM] : Tower Id:5 placed at (5,2)
[22/11/2014 05:18:56 PM] : Tower Inspection window showed for Tower:5 at (5,2)
[22/11/2014 05:18:57 PM] : Mob Id:2 get started moving.
[22/11/2014 05:18:58 PM] : Tower Id:6 placed at (8,4)
[22/11/2014 05:18:58 PM] : Tower Inspection window showed for Tower:6 at (8,4)
[22/11/2014 05:18:58 PM] : Mob Id:3 get started moving.
[22/11/2014 05:18:59 PM] : Game Play Window Closed.
[22/11/2014 05:18:59 PM] : Game Closed
