[22/11/2014 05:49:20 PM] : Game Initialized.
[22/11/2014 05:49:21 PM] : Play button clicked.
[22/11/2014 05:49:21 PM] : MapChooser Screen open
[22/11/2014 05:49:21 PM] : Listed all mapfiles from MapFiel folder
[22/11/2014 05:49:23 PM] : Let's Play clicked.
[22/11/2014 05:49:23 PM] : User's map file:chital.team7
[22/11/2014 05:49:23 PM] : Game Play Started.
[22/11/2014 05:49:24 PM] : Game Play Screen initialized.
[22/11/2014 05:49:24 PM] : Basic Images are loaded successfully.
[22/11/2014 05:49:24 PM] : First Level get started
[22/11/2014 05:49:24 PM] : 5 New Creatures Created.
[22/11/2014 05:49:24 PM] : Game Play Start
[22/11/2014 05:49:26 PM] : Tower Id:3 placed at (1,4)
[22/11/2014 05:49:26 PM] : Tower Inspection window showed for Tower:3 at (1,4)
[22/11/2014 05:49:26 PM] : Mob Id:0 get started moving.
[22/11/2014 05:49:27 PM] : Tower Upgrade to Level:2 Range:64 Rate:2
[22/11/2014 05:49:27 PM] : Tower Upgrade cost deducted from total money.
[22/11/2014 05:49:27 PM] : Tower Upgrade to Level:3 Range:84 Rate:3
[22/11/2014 05:49:27 PM] : Tower Upgrade cost deducted from total money.
[22/11/2014 05:49:27 PM] : Tower Upgrade to Level:4 Range:104 Rate:4
[22/11/2014 05:49:27 PM] : Tower Upgrade cost deducted from total money.
[22/11/2014 05:49:27 PM] : Tower Upgrade to Level:5 Range:124 Rate:5
[22/11/2014 05:49:27 PM] : Tower Upgrade cost deducted from total money.
[22/11/2014 05:49:28 PM] : Mob Id:1 get started moving.
[22/11/2014 05:49:29 PM] : Mob Id:2 get started moving.
[22/11/2014 05:49:30 PM] : Mob Killed, Mob Id :0
[22/11/2014 05:49:30 PM] : Mob killing reward added to main amount.
[22/11/2014 05:49:30 PM] : Tower Id:3 removed from (1,4)
[22/11/2014 05:49:30 PM] : Tower Sell reward done.
[22/11/2014 05:49:31 PM] : Mob Id:3 get started moving.
[22/11/2014 05:49:32 PM] : Mob Id:4 get started moving.
[22/11/2014 05:49:35 PM] : Tower Id:3 placed at (4,4)
[22/11/2014 05:49:35 PM] : Tower Inspection window showed for Tower:3 at (4,4)
[22/11/2014 05:49:36 PM] : Mob Killed, Mob Id :4
[22/11/2014 05:49:36 PM] : Mob killing reward added to main amount.
[22/11/2014 05:49:40 PM] : Mob Killed, Mob Id :1
[22/11/2014 05:49:40 PM] : Mob killing reward added to main amount.
[22/11/2014 05:49:41 PM] : Mob Killed, Mob Id :2
[22/11/2014 05:49:41 PM] : Mob killing reward added to main amount.
[22/11/2014 05:49:43 PM] : Mob Killed, Mob Id :3
[22/11/2014 05:49:43 PM] : Mob killing reward added to main amount.
[22/11/2014 05:49:43 PM] : Game Level Upgraded to : 2
[22/11/2014 05:49:43 PM] : new Creatures : 10
[22/11/2014 05:49:43 PM] : Mob Id:0 get started moving.
[22/11/2014 05:49:44 PM] : Mob Id:1 get started moving.
[22/11/2014 05:49:46 PM] : Mob Id:2 get started moving.
[22/11/2014 05:49:47 PM] : Mob Id:3 get started moving.
[22/11/2014 05:49:48 PM] : Mob Id:4 get started moving.
[22/11/2014 05:49:50 PM] : Mob Id:5 get started moving.
[22/11/2014 05:49:51 PM] : Mob Id:6 get started moving.
[22/11/2014 05:49:52 PM] : Mob Id:7 get started moving.
[22/11/2014 05:49:53 PM] : Mob Id:8 get started moving.
[22/11/2014 05:49:55 PM] : Mob Id:9 get started moving.
[22/11/2014 05:50:00 PM] : Mob Killed, Mob Id :4
[22/11/2014 05:50:00 PM] : Mob killing reward added to main amount.
[22/11/2014 05:50:01 PM] : Mob Killed, Mob Id :3
[22/11/2014 05:50:01 PM] : Mob killing reward added to main amount.
[22/11/2014 05:50:02 PM] : Mob Killed, Mob Id :5
[22/11/2014 05:50:02 PM] : Mob killing reward added to main amount.
[22/11/2014 05:50:03 PM] : Mob Killed, Mob Id :6
[22/11/2014 05:50:03 PM] : Mob killing reward added to main amount.
[22/11/2014 05:50:04 PM] : Mob Killed, Mob Id :7
[22/11/2014 05:50:04 PM] : Mob killing reward added to main amount.
[22/11/2014 05:50:05 PM] : Mob Killed, Mob Id :8
[22/11/2014 05:50:05 PM] : Mob killing reward added to main amount.
[22/11/2014 05:50:06 PM] : Mob Killed, Mob Id :9
[22/11/2014 05:50:06 PM] : Mob killing reward added to main amount.
[22/11/2014 05:50:09 PM] : Game Play Window Closed.
[22/11/2014 05:50:09 PM] : Game Closed
