[22/11/2014 04:23:24 PM] : Game Initialized.
[22/11/2014 04:23:25 PM] : Play button clicked.
[22/11/2014 04:23:25 PM] : MapChooser Screen open
[22/11/2014 04:23:25 PM] : Listed all mapfiles from MapFiel folder
[22/11/2014 04:23:28 PM] : Let's Play clicked.
[22/11/2014 04:23:28 PM] : User's map file:chital.team7
[22/11/2014 04:23:28 PM] : Game Play Started.
[22/11/2014 04:23:28 PM] : Game Play Screen initialized.
[22/11/2014 04:23:28 PM] : Basic Images are loaded successfully.
[22/11/2014 04:23:28 PM] : First Level get started
[22/11/2014 04:23:28 PM] : 5 New Creatures Created.
[22/11/2014 04:23:29 PM] : Game Play Start
[22/11/2014 04:23:30 PM] : Tower Id:3 placed at (1,4)
[22/11/2014 04:23:30 PM] : Tower Inspection window showed for Tower:3 at (1,4)
[22/11/2014 04:23:30 PM] : Mob Id:0 get started moving.
[22/11/2014 04:23:32 PM] : Mob Id:1 get started moving.
[22/11/2014 04:23:32 PM] : Tower Id:3 removed from (1,4)
[22/11/2014 04:23:32 PM] : Tower Sell reward done.
[22/11/2014 04:23:33 PM] : Mob Id:2 get started moving.
[22/11/2014 04:23:34 PM] : Tower Id:4 placed at (1,4)
[22/11/2014 04:23:34 PM] : Tower Inspection window showed for Tower:4 at (1,4)
[22/11/2014 04:23:35 PM] : Tower Id:4 removed from (1,4)
[22/11/2014 04:23:35 PM] : Tower Sell reward done.
[22/11/2014 04:23:35 PM] : Mob Id:3 get started moving.
[22/11/2014 04:23:36 PM] : Game Play Window Closed.
[22/11/2014 04:23:36 PM] : Game Closed
