[22/11/2014 06:22:16 PM] : Game Initialized.
[22/11/2014 06:22:18 PM] : Play button clicked.
[22/11/2014 06:22:18 PM] : MapChooser Screen open
[22/11/2014 06:22:18 PM] : Listed all mapfiles from MapFiel folder
[22/11/2014 06:22:19 PM] : Let's Play clicked.
[22/11/2014 06:22:19 PM] : User's map file:14.11.2014 03_47_55 PM.team7
[22/11/2014 06:22:19 PM] : Game Play Started.
[22/11/2014 06:22:19 PM] : Game Play Screen initialized.
[22/11/2014 06:22:19 PM] : Basic Images are loaded successfully.
[22/11/2014 06:22:19 PM] : First Level get started
[22/11/2014 06:22:19 PM] : 5 New Creatures Created.
[22/11/2014 06:22:20 PM] : Game Play Start
[22/11/2014 06:22:22 PM] : Mob Id:0 get started moving.
[22/11/2014 06:22:22 PM] : Tower Id:3 placed at (1,3)
[22/11/2014 06:22:22 PM] : Tower Inspection window showed for Tower:3 at (1,3)
[22/11/2014 06:22:23 PM] : Mob Id:1 get started moving.
[22/11/2014 06:22:24 PM] : Tower Upgrade to Level:2 Range:64 Rate:2
[22/11/2014 06:22:24 PM] : Tower Upgrade cost deducted from total money.
[22/11/2014 06:22:24 PM] : Tower Upgrade to Level:3 Range:84 Rate:3
[22/11/2014 06:22:24 PM] : Tower Upgrade cost deducted from total money.
[22/11/2014 06:22:24 PM] : Tower Upgrade to Level:4 Range:104 Rate:4
[22/11/2014 06:22:24 PM] : Tower Upgrade cost deducted from total money.
[22/11/2014 06:22:24 PM] : Tower Upgrade to Level:5 Range:124 Rate:5
[22/11/2014 06:22:24 PM] : Tower Upgrade cost deducted from total money.
[22/11/2014 06:22:25 PM] : Mob Id:2 get started moving.
[22/11/2014 06:22:25 PM] : Mob Killed, Mob Id :0
[22/11/2014 06:22:25 PM] : Mob killing reward added to main amount.
[22/11/2014 06:22:26 PM] : Mob Id:3 get started moving.
[22/11/2014 06:22:27 PM] : Mob Killed, Mob Id :1
[22/11/2014 06:22:27 PM] : Mob killing reward added to main amount.
[22/11/2014 06:22:28 PM] : Mob Id:4 get started moving.
[22/11/2014 06:22:28 PM] : Mob Killed, Mob Id :2
[22/11/2014 06:22:28 PM] : Mob killing reward added to main amount.
[22/11/2014 06:22:29 PM] : Mob Killed, Mob Id :3
[22/11/2014 06:22:29 PM] : Mob killing reward added to main amount.
[22/11/2014 06:22:31 PM] : Mob Killed, Mob Id :4
[22/11/2014 06:22:31 PM] : Mob killing reward added to main amount.
[22/11/2014 06:22:31 PM] : Game Level Upgraded to : 2
[22/11/2014 06:22:31 PM] : new Creatures : 10
[22/11/2014 06:22:32 PM] : Game Play Window Closed.
[22/11/2014 06:22:32 PM] : Game Closed
