[22/11/2014 09:07:40 PM] : Game Initialized.
[22/11/2014 09:07:42 PM] : Play button clicked.
[22/11/2014 09:07:42 PM] : MapChooser Screen open
[22/11/2014 09:07:42 PM] : Listed all mapfiles from MapFiel folder
[22/11/2014 09:07:45 PM] : Let's Play clicked.
[22/11/2014 09:07:45 PM] : User's map file:chital.team7
[22/11/2014 09:07:45 PM] : Game Play Started.
[22/11/2014 09:07:45 PM] : Game Play Screen initialized.
[22/11/2014 09:07:45 PM] : Basic Images are loaded successfully.
[22/11/2014 09:07:45 PM] : First Level get started
[22/11/2014 09:07:45 PM] : 5 New Creatures Created.
[22/11/2014 09:07:46 PM] : Game Play Start
[22/11/2014 09:07:47 PM] : Mob Id:0 get started moving.
[22/11/2014 09:07:47 PM] : Tower Id:3 placed at (1,4)
[22/11/2014 09:07:47 PM] : Tower Inspection window showed for Tower:3 at (1,4)
[22/11/2014 09:07:49 PM] : Mob Id:1 get started moving.
[22/11/2014 09:07:50 PM] : Mob Id:2 get started moving.
[22/11/2014 09:07:52 PM] : Mob Id:3 get started moving.
[22/11/2014 09:07:52 PM] : Tower Id:3 removed from (1,4)
[22/11/2014 09:07:52 PM] : Tower Sell reward done.
[22/11/2014 09:07:53 PM] : Mob Id:4 get started moving.
[22/11/2014 09:07:56 PM] : Tower Id:3 placed at (2,4)
[22/11/2014 09:07:56 PM] : Tower Inspection window showed for Tower:3 at (2,4)
[22/11/2014 09:08:03 PM] : Game Play Window Closed.
[22/11/2014 09:08:03 PM] : Game Closed
