[22/11/2014 05:48:16 PM] : Game Initialized.
[22/11/2014 05:48:17 PM] : Play button clicked.
[22/11/2014 05:48:17 PM] : MapChooser Screen open
[22/11/2014 05:48:17 PM] : Listed all mapfiles from MapFiel folder
[22/11/2014 05:48:20 PM] : Let's Play clicked.
[22/11/2014 05:48:20 PM] : User's map file:chital.team7
[22/11/2014 05:48:20 PM] : Game Play Started.
[22/11/2014 05:48:20 PM] : Game Play Screen initialized.
[22/11/2014 05:48:20 PM] : Basic Images are loaded successfully.
[22/11/2014 05:48:20 PM] : First Level get started
[22/11/2014 05:48:20 PM] : 5 New Creatures Created.
[22/11/2014 05:48:21 PM] : Game Play Start
[22/11/2014 05:48:22 PM] : Mob Id:0 get started moving.
[22/11/2014 05:48:23 PM] : Tower Id:3 placed at (1,4)
[22/11/2014 05:48:23 PM] : Tower Inspection window showed for Tower:3 at (1,4)
[22/11/2014 05:48:24 PM] : Mob Id:1 get started moving.
[22/11/2014 05:48:24 PM] : Tower Upgrade to Level:2 Range:64 Rate:2
[22/11/2014 05:48:24 PM] : Tower Upgrade cost deducted from total money.
[22/11/2014 05:48:24 PM] : Tower Upgrade to Level:3 Range:84 Rate:3
[22/11/2014 05:48:24 PM] : Tower Upgrade cost deducted from total money.
[22/11/2014 05:48:24 PM] : Tower Upgrade to Level:4 Range:104 Rate:4
[22/11/2014 05:48:24 PM] : Tower Upgrade cost deducted from total money.
[22/11/2014 05:48:25 PM] : Mob Id:2 get started moving.
[22/11/2014 05:48:26 PM] : Mob Killed, Mob Id :0
[22/11/2014 05:48:26 PM] : Mob killing reward added to main amount.
[22/11/2014 05:48:26 PM] : Mob Id:3 get started moving.
[22/11/2014 05:48:28 PM] : Mob Killed, Mob Id :1
[22/11/2014 05:48:28 PM] : Mob killing reward added to main amount.
[22/11/2014 05:48:28 PM] : Mob Id:4 get started moving.
[22/11/2014 05:48:29 PM] : Mob Killed, Mob Id :2
[22/11/2014 05:48:29 PM] : Mob killing reward added to main amount.
[22/11/2014 05:48:30 PM] : Tower Id:3 removed from (1,4)
[22/11/2014 05:48:30 PM] : Tower Sell reward done.
[22/11/2014 05:48:32 PM] : Tower Id:3 placed at (2,4)
[22/11/2014 05:48:32 PM] : Tower Inspection window showed for Tower:3 at (2,4)
[22/11/2014 05:48:34 PM] : Tower Upgrade to Level:5 Range:124 Rate:5
[22/11/2014 05:48:34 PM] : Tower Upgrade cost deducted from total money.
[22/11/2014 05:48:34 PM] : Mob Killed, Mob Id :4
[22/11/2014 05:48:34 PM] : Mob killing reward added to main amount.
[22/11/2014 05:48:35 PM] : Mob Killed, Mob Id :3
[22/11/2014 05:48:35 PM] : Mob killing reward added to main amount.
[22/11/2014 05:48:35 PM] : Game Level Upgraded to : 2
[22/11/2014 05:48:35 PM] : new Creatures : 10
[22/11/2014 05:48:35 PM] : Mob Id:0 get started moving.
[22/11/2014 05:48:36 PM] : Mob Id:1 get started moving.
[22/11/2014 05:48:37 PM] : Game Play Window Closed.
[22/11/2014 05:48:37 PM] : Game Closed
