[22/11/2014 06:00:28 PM] : Game Initialized.
[22/11/2014 06:00:29 PM] : Play button clicked.
[22/11/2014 06:00:29 PM] : MapChooser Screen open
[22/11/2014 06:00:29 PM] : Listed all mapfiles from MapFiel folder
[22/11/2014 06:00:32 PM] : Let's Play clicked.
[22/11/2014 06:00:32 PM] : User's map file:chital.team7
[22/11/2014 06:00:32 PM] : Game Play Started.
[22/11/2014 06:00:32 PM] : Game Play Screen initialized.
[22/11/2014 06:00:32 PM] : Basic Images are loaded successfully.
[22/11/2014 06:00:32 PM] : First Level get started
[22/11/2014 06:00:32 PM] : 5 New Creatures Created.
[22/11/2014 06:00:32 PM] : Game Play Start
[22/11/2014 06:00:34 PM] : Tower Id:3 placed at (1,4)
[22/11/2014 06:00:34 PM] : Tower Inspection window showed for Tower:3 at (1,4)
[22/11/2014 06:00:34 PM] : Mob Id:0 get started moving.
[22/11/2014 06:00:35 PM] : Tower Upgrade to Level:2 Range:64 Rate:2
[22/11/2014 06:00:35 PM] : Tower Upgrade cost deducted from total money.
[22/11/2014 06:00:35 PM] : Tower Upgrade to Level:3 Range:84 Rate:3
[22/11/2014 06:00:35 PM] : Tower Upgrade cost deducted from total money.
[22/11/2014 06:00:36 PM] : Mob Id:1 get started moving.
[22/11/2014 06:00:37 PM] : Tower Id:4 placed at (5,2)
[22/11/2014 06:00:37 PM] : Tower Inspection window showed for Tower:4 at (5,2)
[22/11/2014 06:00:37 PM] : Mob Id:2 get started moving.
[22/11/2014 06:00:38 PM] : Tower Id:5 placed at (8,4)
[22/11/2014 06:00:38 PM] : Tower Inspection window showed for Tower:5 at (8,4)
[22/11/2014 06:00:39 PM] : Mob Id:3 get started moving.
[22/11/2014 06:00:39 PM] : Mob Killed, Mob Id :0
[22/11/2014 06:00:39 PM] : Mob killing reward added to main amount.
[22/11/2014 06:00:40 PM] : Mob Id:4 get started moving.
[22/11/2014 06:00:42 PM] : Mob Killed, Mob Id :1
[22/11/2014 06:00:42 PM] : Mob killing reward added to main amount.
[22/11/2014 06:00:42 PM] : Tower Id:5 removed from (1,4)
[22/11/2014 06:00:42 PM] : Tower Sell reward done.
[22/11/2014 06:00:46 PM] : Tower Id:5 removed from (8,4)
[22/11/2014 06:00:46 PM] : Tower Sell reward done.
[22/11/2014 06:00:52 PM] : Tower Inspection window showed for Tower:4 at (5,2)
[22/11/2014 06:00:53 PM] : Tower Upgrade to Level:2 Range:88 Rate:3
[22/11/2014 06:00:53 PM] : Tower Upgrade cost deducted from total money.
[22/11/2014 06:00:53 PM] : Tower Upgrade to Level:3 Range:108 Rate:4
[22/11/2014 06:00:53 PM] : Tower Upgrade cost deducted from total money.
[22/11/2014 06:00:53 PM] : Tower Upgrade to Level:4 Range:128 Rate:5
[22/11/2014 06:00:53 PM] : Tower Upgrade cost deducted from total money.
[22/11/2014 06:00:55 PM] : Mob Killed, Mob Id :2
[22/11/2014 06:00:55 PM] : Mob killing reward added to main amount.
[22/11/2014 06:00:56 PM] : Mob Killed, Mob Id :3
[22/11/2014 06:00:56 PM] : Mob killing reward added to main amount.
[22/11/2014 06:00:57 PM] : Mob Killed, Mob Id :4
[22/11/2014 06:00:57 PM] : Mob killing reward added to main amount.
[22/11/2014 06:00:57 PM] : Game Level Upgraded to : 2
[22/11/2014 06:00:57 PM] : new Creatures : 10
[22/11/2014 06:00:58 PM] : Mob Id:0 get started moving.
[22/11/2014 06:00:58 PM] : Game Play Window Closed.
[22/11/2014 06:00:58 PM] : Game Closed
