[22/11/2014 05:09:25 PM] : Game Initialized.
[22/11/2014 05:09:26 PM] : Play button clicked.
[22/11/2014 05:09:26 PM] : MapChooser Screen open
[22/11/2014 05:09:26 PM] : Listed all mapfiles from MapFiel folder
[22/11/2014 05:09:28 PM] : Let's Play clicked.
[22/11/2014 05:09:28 PM] : User's map file:chital.team7
[22/11/2014 05:09:28 PM] : Game Play Started.
[22/11/2014 05:09:28 PM] : Game Play Screen initialized.
[22/11/2014 05:09:29 PM] : Basic Images are loaded successfully.
[22/11/2014 05:09:29 PM] : First Level get started
[22/11/2014 05:09:29 PM] : 5 New Creatures Created.
[22/11/2014 05:09:29 PM] : Game Play Start
[22/11/2014 05:09:31 PM] : Mob Id:0 get started moving.
[22/11/2014 05:09:32 PM] : Tower Id:3 placed at (1,4)
[22/11/2014 05:09:32 PM] : Tower Inspection window showed for Tower:3 at (1,4)
[22/11/2014 05:09:32 PM] : Mob Id:1 get started moving.
[22/11/2014 05:09:34 PM] : Mob Id:2 get started moving.
[22/11/2014 05:09:34 PM] : Tower Id:4 placed at (5,2)
[22/11/2014 05:09:34 PM] : Tower Inspection window showed for Tower:4 at (5,2)
[22/11/2014 05:09:35 PM] : Mob Id:3 get started moving.
[22/11/2014 05:09:36 PM] : Tower Id:5 placed at (8,4)
[22/11/2014 05:09:36 PM] : Tower Inspection window showed for Tower:5 at (8,4)
[22/11/2014 05:09:37 PM] : Mob Id:4 get started moving.
[22/11/2014 05:09:38 PM] : Game Play Window Closed.
[22/11/2014 05:09:38 PM] : Game Closed
