[22/11/2014 06:09:50 PM] : Game Initialized.
[22/11/2014 06:10:15 PM] : Play button clicked.
[22/11/2014 06:10:15 PM] : MapChooser Screen open
[22/11/2014 06:10:15 PM] : Listed all mapfiles from MapFiel folder
[22/11/2014 06:10:17 PM] : Let's Play clicked.
[22/11/2014 06:10:17 PM] : User's map file:chital.team7
[22/11/2014 06:10:17 PM] : Game Play Started.
[22/11/2014 06:10:17 PM] : Game Play Screen initialized.
[22/11/2014 06:10:17 PM] : Basic Images are loaded successfully.
[22/11/2014 06:10:17 PM] : First Level get started
[22/11/2014 06:10:17 PM] : 5 New Creatures Created.
[22/11/2014 06:10:18 PM] : Game Play Start
[22/11/2014 06:10:19 PM] : Tower Id:3 placed at (1,4)
[22/11/2014 06:10:19 PM] : Tower Inspection window showed for Tower:3 at (1,4)
[22/11/2014 06:10:20 PM] : Mob Id:0 get started moving.
[22/11/2014 06:10:20 PM] : Tower Upgrade to Level:2 Range:64 Rate:2
[22/11/2014 06:10:20 PM] : Tower Upgrade cost deducted from total money.
[22/11/2014 06:10:20 PM] : Tower Upgrade to Level:3 Range:84 Rate:3
[22/11/2014 06:10:20 PM] : Tower Upgrade cost deducted from total money.
[22/11/2014 06:10:21 PM] : Mob Id:1 get started moving.
[22/11/2014 06:10:22 PM] : Mob Id:2 get started moving.
[22/11/2014 06:10:24 PM] : Mob Id:3 get started moving.
[22/11/2014 06:10:25 PM] : Mob Killed, Mob Id :0
[22/11/2014 06:10:25 PM] : Mob killing reward added to main amount.
[22/11/2014 06:10:25 PM] : Mob Id:4 get started moving.
[22/11/2014 06:10:27 PM] : Mob Killed, Mob Id :1
[22/11/2014 06:10:27 PM] : Mob killing reward added to main amount.
[22/11/2014 06:10:29 PM] : Mob Killed, Mob Id :3
[22/11/2014 06:10:29 PM] : Mob killing reward added to main amount.
[22/11/2014 06:10:31 PM] : Mob Killed, Mob Id :4
[22/11/2014 06:10:31 PM] : Mob killing reward added to main amount.
[22/11/2014 06:10:33 PM] : Mob Killed, Mob Id :2
[22/11/2014 06:10:33 PM] : Mob killing reward added to main amount.
[22/11/2014 06:10:33 PM] : Game Level Upgraded to : 2
[22/11/2014 06:10:33 PM] : new Creatures : 10
[22/11/2014 06:10:33 PM] : Mob Id:0 get started moving.
[22/11/2014 06:10:35 PM] : Mob Id:1 get started moving.
[22/11/2014 06:10:35 PM] : Game Play Window Closed.
[22/11/2014 06:10:35 PM] : Game Closed
