[22/11/2014 06:01:43 PM] : Game Initialized.
[22/11/2014 06:01:44 PM] : Play button clicked.
[22/11/2014 06:01:44 PM] : MapChooser Screen open
[22/11/2014 06:01:44 PM] : Listed all mapfiles from MapFiel folder
[22/11/2014 06:01:47 PM] : Let's Play clicked.
[22/11/2014 06:01:47 PM] : User's map file:chital.team7
[22/11/2014 06:01:47 PM] : Game Play Started.
[22/11/2014 06:01:47 PM] : Game Play Screen initialized.
[22/11/2014 06:01:47 PM] : Basic Images are loaded successfully.
[22/11/2014 06:01:47 PM] : First Level get started
[22/11/2014 06:01:47 PM] : 5 New Creatures Created.
[22/11/2014 06:01:47 PM] : Game Play Start
[22/11/2014 06:01:49 PM] : Tower Id:3 placed at (1,4)
[22/11/2014 06:01:49 PM] : Tower Inspection window showed for Tower:3 at (1,4)
[22/11/2014 06:01:49 PM] : Mob Id:0 get started moving.
[22/11/2014 06:01:50 PM] : Tower Upgrade to Level:2 Range:64 Rate:2
[22/11/2014 06:01:50 PM] : Tower Upgrade cost deducted from total money.
[22/11/2014 06:01:50 PM] : Tower Upgrade to Level:3 Range:84 Rate:3
[22/11/2014 06:01:50 PM] : Tower Upgrade cost deducted from total money.
[22/11/2014 06:01:51 PM] : Mob Id:1 get started moving.
[22/11/2014 06:01:52 PM] : Tower Id:4 placed at (5,2)
[22/11/2014 06:01:52 PM] : Tower Inspection window showed for Tower:4 at (5,2)
[22/11/2014 06:01:52 PM] : Mob Id:2 get started moving.
[22/11/2014 06:01:54 PM] : Mob Id:3 get started moving.
[22/11/2014 06:01:54 PM] : Tower Upgrade to Level:2 Range:88 Rate:3
[22/11/2014 06:01:54 PM] : Tower Upgrade cost deducted from total money.
[22/11/2014 06:01:55 PM] : Mob Killed, Mob Id :0
[22/11/2014 06:01:55 PM] : Mob killing reward added to main amount.
[22/11/2014 06:01:55 PM] : Mob Id:4 get started moving.
[22/11/2014 06:01:57 PM] : Mob Killed, Mob Id :1
[22/11/2014 06:01:57 PM] : Mob killing reward added to main amount.
[22/11/2014 06:01:57 PM] : Tower Id:4 removed from (1,4)
[22/11/2014 06:01:57 PM] : Tower Sell reward done.
[22/11/2014 06:02:11 PM] : Mob Killed, Mob Id :2
[22/11/2014 06:02:11 PM] : Mob killing reward added to main amount.
[22/11/2014 06:02:13 PM] : Mob Killed, Mob Id :3
[22/11/2014 06:02:13 PM] : Mob killing reward added to main amount.
[22/11/2014 06:02:15 PM] : Mob Killed, Mob Id :4
[22/11/2014 06:02:15 PM] : Mob killing reward added to main amount.
[22/11/2014 06:02:15 PM] : Game Level Upgraded to : 2
[22/11/2014 06:02:15 PM] : new Creatures : 10
[22/11/2014 06:02:15 PM] : Mob Id:0 get started moving.
[22/11/2014 06:02:17 PM] : Mob Id:1 get started moving.
[22/11/2014 06:02:18 PM] : Mob Id:2 get started moving.
[22/11/2014 06:02:18 PM] : Game Play Window Closed.
[22/11/2014 06:02:18 PM] : Game Closed
