[22/11/2014 05:08:13 PM] : Game Initialized.
[22/11/2014 05:08:14 PM] : Play button clicked.
[22/11/2014 05:08:14 PM] : MapChooser Screen open
[22/11/2014 05:08:14 PM] : Listed all mapfiles from MapFiel folder
[22/11/2014 05:08:17 PM] : Let's Play clicked.
[22/11/2014 05:08:17 PM] : User's map file:chital.team7
[22/11/2014 05:08:17 PM] : Game Play Started.
[22/11/2014 05:08:17 PM] : Game Play Screen initialized.
[22/11/2014 05:08:18 PM] : Basic Images are loaded successfully.
[22/11/2014 05:08:18 PM] : First Level get started
[22/11/2014 05:08:18 PM] : 5 New Creatures Created.
[22/11/2014 05:08:18 PM] : Game Play Start
[22/11/2014 05:08:19 PM] : Tower Id:3 placed at (1,4)
[22/11/2014 05:08:19 PM] : Tower Inspection window showed for Tower:3 at (1,4)
[22/11/2014 05:08:20 PM] : Mob Id:0 get started moving.
[22/11/2014 05:08:21 PM] : Tower Id:4 placed at (4,4)
[22/11/2014 05:08:21 PM] : Tower Inspection window showed for Tower:4 at (4,4)
[22/11/2014 05:08:21 PM] : Mob Id:1 get started moving.
[22/11/2014 05:08:23 PM] : Mob Id:2 get started moving.
[22/11/2014 05:08:23 PM] : Game Play Window Closed.
[22/11/2014 05:08:23 PM] : Game Closed
