[22/11/2014 05:47:03 PM] : Game Initialized.
[22/11/2014 05:47:05 PM] : Play button clicked.
[22/11/2014 05:47:05 PM] : MapChooser Screen open
[22/11/2014 05:47:05 PM] : Listed all mapfiles from MapFiel folder
[22/11/2014 05:47:07 PM] : Let's Play clicked.
[22/11/2014 05:47:07 PM] : User's map file:chital.team7
[22/11/2014 05:47:08 PM] : Game Play Started.
[22/11/2014 05:47:08 PM] : Game Play Screen initialized.
[22/11/2014 05:47:08 PM] : Basic Images are loaded successfully.
[22/11/2014 05:47:08 PM] : First Level get started
[22/11/2014 05:47:08 PM] : 5 New Creatures Created.
[22/11/2014 05:47:08 PM] : Game Play Start
[22/11/2014 05:47:10 PM] : Tower Id:3 placed at (1,4)
[22/11/2014 05:47:10 PM] : Tower Inspection window showed for Tower:3 at (1,4)
[22/11/2014 05:47:11 PM] : Mob Id:0 get started moving.
[22/11/2014 05:47:11 PM] : Tower Upgrade to Level:2 Range:64 Rate:2
[22/11/2014 05:47:11 PM] : Tower Upgrade cost deducted from total money.
[22/11/2014 05:47:11 PM] : Tower Upgrade to Level:3 Range:84 Rate:3
[22/11/2014 05:47:11 PM] : Tower Upgrade cost deducted from total money.
[22/11/2014 05:47:12 PM] : Tower Upgrade to Level:4 Range:104 Rate:4
[22/11/2014 05:47:12 PM] : Tower Upgrade cost deducted from total money.
[22/11/2014 05:47:12 PM] : Mob Id:1 get started moving.
[22/11/2014 05:47:13 PM] : Tower Upgrade to Level:5 Range:124 Rate:5
[22/11/2014 05:47:13 PM] : Tower Upgrade cost deducted from total money.
[22/11/2014 05:47:13 PM] : Mob Id:2 get started moving.
[22/11/2014 05:47:14 PM] : Mob Killed, Mob Id :0
[22/11/2014 05:47:14 PM] : Mob killing reward added to main amount.
[22/11/2014 05:47:15 PM] : Mob Id:3 get started moving.
[22/11/2014 05:47:16 PM] : Mob Killed, Mob Id :1
[22/11/2014 05:47:16 PM] : Mob killing reward added to main amount.
[22/11/2014 05:47:16 PM] : Mob Id:4 get started moving.
[22/11/2014 05:47:17 PM] : Mob Killed, Mob Id :2
[22/11/2014 05:47:17 PM] : Mob killing reward added to main amount.
[22/11/2014 05:47:18 PM] : Mob Killed, Mob Id :3
[22/11/2014 05:47:18 PM] : Mob killing reward added to main amount.
[22/11/2014 05:47:19 PM] : Mob Killed, Mob Id :4
[22/11/2014 05:47:19 PM] : Mob killing reward added to main amount.
[22/11/2014 05:47:19 PM] : Game Level Upgraded to : 2
[22/11/2014 05:47:19 PM] : new Creatures : 10
[22/11/2014 05:47:20 PM] : Game Play Window Closed.
[22/11/2014 05:47:20 PM] : Game Closed
