[22/11/2014 10:20:31 PM] : Game Initialized.
[22/11/2014 10:20:34 PM] : Play button clicked.
[22/11/2014 10:20:34 PM] : MapChooser Screen open
[22/11/2014 10:20:34 PM] : Listed all mapfiles from MapFiel folder
[22/11/2014 10:20:38 PM] : Let's Play clicked.
[22/11/2014 10:20:38 PM] : User's map file:chital.team7
[22/11/2014 10:20:38 PM] : Game Play Started.
[22/11/2014 10:20:38 PM] : Game Play Screen initialized.
[22/11/2014 10:20:38 PM] : Basic Images are loaded successfully.
[22/11/2014 10:20:38 PM] : First Level get started
[22/11/2014 10:20:38 PM] : 5 New Creatures Created.
[22/11/2014 10:20:38 PM] : Game Play Start
[22/11/2014 10:20:40 PM] : Tower Id:3 placed at (2,4)
[22/11/2014 10:20:40 PM] : Tower Inspection window showed for Tower:3 at (2,4)
[22/11/2014 10:20:40 PM] : Mob Id:0 get started moving.
[22/11/2014 10:20:41 PM] : Mob Id:1 get started moving.
[22/11/2014 10:20:43 PM] : Tower Id:3 placed at (5,2)
[22/11/2014 10:20:43 PM] : Tower Inspection window showed for Tower:3 at (5,2)
[22/11/2014 10:20:43 PM] : Mob Id:2 get started moving.
[22/11/2014 10:20:44 PM] : Mob Id:3 get started moving.
[22/11/2014 10:20:45 PM] : Mob Id:4 get started moving.
[22/11/2014 10:20:58 PM] : Mob Killed, Mob Id :0
[22/11/2014 10:20:58 PM] : Mob killing reward added to main amount.
[22/11/2014 10:20:58 PM] : Game Play Window Closed.
[22/11/2014 10:20:58 PM] : Game Closed
