[22/11/2014 08:34:59 PM] : Game Initialized.
[22/11/2014 08:35:00 PM] : Play button clicked.
[22/11/2014 08:35:00 PM] : MapChooser Screen open
[22/11/2014 08:35:00 PM] : Listed all mapfiles from MapFiel folder
[22/11/2014 08:35:06 PM] : Let's Play clicked.
[22/11/2014 08:35:06 PM] : User's map file:chital.team7
[22/11/2014 08:35:06 PM] : Game Play Started.
[22/11/2014 08:35:06 PM] : Game Play Screen initialized.
[22/11/2014 08:35:06 PM] : Basic Images are loaded successfully.
[22/11/2014 08:35:06 PM] : First Level get started
[22/11/2014 08:35:06 PM] : 5 New Creatures Created.
[22/11/2014 08:35:07 PM] : Game Play Start
[22/11/2014 08:35:09 PM] : Mob Id:0 get started moving.
[22/11/2014 08:35:09 PM] : Tower Id:3 placed at (3,4)
[22/11/2014 08:35:09 PM] : Tower Inspection window showed for Tower:3 at (3,4)
[22/11/2014 08:35:10 PM] : Mob Id:1 get started moving.
[22/11/2014 08:35:11 PM] : Mob Id:2 get started moving.
[22/11/2014 08:35:13 PM] : Mob Id:3 get started moving.
[22/11/2014 08:35:14 PM] : Mob Id:4 get started moving.
[22/11/2014 08:35:35 PM] : Game Play Window Closed.
[22/11/2014 08:35:35 PM] : Game Closed
