[22/11/2014 06:30:12 PM] : Game Initialized.
[22/11/2014 06:30:13 PM] : Play button clicked.
[22/11/2014 06:30:13 PM] : MapChooser Screen open
[22/11/2014 06:30:13 PM] : Listed all mapfiles from MapFiel folder
[22/11/2014 06:30:16 PM] : Let's Play clicked.
[22/11/2014 06:30:16 PM] : User's map file:chital.team7
[22/11/2014 06:30:16 PM] : Game Play Started.
[22/11/2014 06:30:16 PM] : Game Play Screen initialized.
[22/11/2014 06:30:16 PM] : Basic Images are loaded successfully.
[22/11/2014 06:30:16 PM] : First Level get started
[22/11/2014 06:30:16 PM] : 5 New Creatures Created.
[22/11/2014 06:30:16 PM] : Game Play Start
[22/11/2014 06:30:18 PM] : Tower Id:3 placed at (1,4)
[22/11/2014 06:30:18 PM] : Tower Inspection window showed for Tower:3 at (1,4)
[22/11/2014 06:30:18 PM] : Tower Upgrade to Level:2 Range:64 Rate:2
[22/11/2014 06:30:18 PM] : Tower Upgrade cost deducted from total money.
[22/11/2014 06:30:18 PM] : Tower Upgrade to Level:3 Range:84 Rate:3
[22/11/2014 06:30:18 PM] : Tower Upgrade cost deducted from total money.
[22/11/2014 06:30:19 PM] : Mob Id:0 get started moving.
[22/11/2014 06:30:19 PM] : Tower Upgrade to Level:4 Range:104 Rate:4
[22/11/2014 06:30:19 PM] : Tower Upgrade cost deducted from total money.
[22/11/2014 06:30:19 PM] : Tower Upgrade to Level:5 Range:124 Rate:5
[22/11/2014 06:30:19 PM] : Tower Upgrade cost deducted from total money.
[22/11/2014 06:30:20 PM] : Mob Id:1 get started moving.
[22/11/2014 06:30:21 PM] : Mob Id:2 get started moving.
[22/11/2014 06:30:22 PM] : Mob Killed, Mob Id :0
[22/11/2014 06:30:22 PM] : Mob killing reward added to main amount.
[22/11/2014 06:30:23 PM] : Mob Id:3 get started moving.
[22/11/2014 06:30:24 PM] : Mob Killed, Mob Id :1
[22/11/2014 06:30:24 PM] : Mob killing reward added to main amount.
[22/11/2014 06:30:24 PM] : Mob Id:4 get started moving.
[22/11/2014 06:30:25 PM] : Mob Killed, Mob Id :2
[22/11/2014 06:30:25 PM] : Mob killing reward added to main amount.
[22/11/2014 06:30:27 PM] : Mob Killed, Mob Id :3
[22/11/2014 06:30:27 PM] : Mob killing reward added to main amount.
[22/11/2014 06:30:28 PM] : Mob Killed, Mob Id :4
[22/11/2014 06:30:28 PM] : Mob killing reward added to main amount.
[22/11/2014 06:30:28 PM] : Game Level Upgraded to : 2
[22/11/2014 06:30:28 PM] : new Creatures : 10
[22/11/2014 06:30:29 PM] : Mob Id:0 get started moving.
[22/11/2014 06:30:30 PM] : Mob Id:1 get started moving.
[22/11/2014 06:30:30 PM] : Game Play Window Closed.
[22/11/2014 06:30:30 PM] : Game Closed
