[22/11/2014 05:44:58 PM] : Game Initialized.
[22/11/2014 05:44:59 PM] : Play button clicked.
[22/11/2014 05:45:00 PM] : MapChooser Screen open
[22/11/2014 05:45:00 PM] : Listed all mapfiles from MapFiel folder
[22/11/2014 05:45:02 PM] : Let's Play clicked.
[22/11/2014 05:45:02 PM] : User's map file:chital.team7
[22/11/2014 05:45:02 PM] : Game Play Started.
[22/11/2014 05:45:02 PM] : Game Play Screen initialized.
[22/11/2014 05:45:03 PM] : Basic Images are loaded successfully.
[22/11/2014 05:45:03 PM] : First Level get started
[22/11/2014 05:45:03 PM] : 5 New Creatures Created.
[22/11/2014 05:45:03 PM] : Game Play Start
[22/11/2014 05:45:04 PM] : Tower Id:3 placed at (1,4)
[22/11/2014 05:45:04 PM] : Tower Inspection window showed for Tower:3 at (1,4)
[22/11/2014 05:45:05 PM] : Mob Id:0 get started moving.
[22/11/2014 05:45:06 PM] : Tower Upgrade to Level:2 Range:64 Rate:2
[22/11/2014 05:45:06 PM] : Tower Upgrade cost deducted from total money.
[22/11/2014 05:45:06 PM] : Mob Id:1 get started moving.
[22/11/2014 05:45:06 PM] : Tower Upgrade to Level:3 Range:84 Rate:3
[22/11/2014 05:45:06 PM] : Tower Upgrade cost deducted from total money.
[22/11/2014 05:45:07 PM] : Mob Id:2 get started moving.
[22/11/2014 05:45:09 PM] : Mob Id:3 get started moving.
[22/11/2014 05:45:09 PM] : Mob Killed, Mob Id :0
[22/11/2014 05:45:09 PM] : Mob killing reward added to main amount.
[22/11/2014 05:45:10 PM] : Mob Id:4 get started moving.
[22/11/2014 05:45:11 PM] : Game Play Window Closed.
[22/11/2014 05:45:11 PM] : Game Closed
