[22/11/2014 06:22:57 PM] : Game Initialized.
[22/11/2014 06:22:59 PM] : Play button clicked.
[22/11/2014 06:22:59 PM] : MapChooser Screen open
[22/11/2014 06:22:59 PM] : Listed all mapfiles from MapFiel folder
[22/11/2014 06:23:03 PM] : Let's Play clicked.
[22/11/2014 06:23:03 PM] : User's map file:chital.team7
[22/11/2014 06:23:03 PM] : Game Play Started.
[22/11/2014 06:23:03 PM] : Game Play Screen initialized.
[22/11/2014 06:23:03 PM] : Basic Images are loaded successfully.
[22/11/2014 06:23:03 PM] : First Level get started
[22/11/2014 06:23:03 PM] : 5 New Creatures Created.
[22/11/2014 06:23:03 PM] : Game Play Start
[22/11/2014 06:23:05 PM] : Mob Id:0 get started moving.
[22/11/2014 06:23:07 PM] : Mob Id:1 get started moving.
[22/11/2014 06:23:08 PM] : Mob Id:2 get started moving.
[22/11/2014 06:23:09 PM] : Mob Id:3 get started moving.
[22/11/2014 06:23:11 PM] : Mob Id:4 get started moving.
[22/11/2014 06:23:12 PM] : Tower Id:3 placed at (5,2)
[22/11/2014 06:23:12 PM] : Tower Inspection window showed for Tower:3 at (5,2)
[22/11/2014 06:23:14 PM] : Tower Upgrade to Level:2 Range:64 Rate:2
[22/11/2014 06:23:14 PM] : Tower Upgrade cost deducted from total money.
[22/11/2014 06:23:15 PM] : Tower Upgrade to Level:3 Range:84 Rate:3
[22/11/2014 06:23:15 PM] : Tower Upgrade cost deducted from total money.
[22/11/2014 06:23:15 PM] : Tower Upgrade to Level:4 Range:104 Rate:4
[22/11/2014 06:23:15 PM] : Tower Upgrade cost deducted from total money.
[22/11/2014 06:23:15 PM] : Tower Upgrade to Level:5 Range:124 Rate:5
[22/11/2014 06:23:15 PM] : Tower Upgrade cost deducted from total money.
[22/11/2014 06:23:23 PM] : Mob Killed, Mob Id :0
[22/11/2014 06:23:23 PM] : Mob killing reward added to main amount.
[22/11/2014 06:23:24 PM] : Mob Killed, Mob Id :1
[22/11/2014 06:23:24 PM] : Mob killing reward added to main amount.
[22/11/2014 06:23:26 PM] : Mob Killed, Mob Id :2
[22/11/2014 06:23:26 PM] : Mob killing reward added to main amount.
[22/11/2014 06:23:27 PM] : Mob Killed, Mob Id :3
[22/11/2014 06:23:27 PM] : Mob killing reward added to main amount.
[22/11/2014 06:23:28 PM] : Mob Killed, Mob Id :4
[22/11/2014 06:23:28 PM] : Mob killing reward added to main amount.
[22/11/2014 06:23:28 PM] : Game Level Upgraded to : 2
[22/11/2014 06:23:28 PM] : new Creatures : 10
[22/11/2014 06:23:29 PM] : Mob Id:0 get started moving.
[22/11/2014 06:23:30 PM] : Mob Id:1 get started moving.
[22/11/2014 06:23:31 PM] : Mob Id:2 get started moving.
[22/11/2014 06:23:33 PM] : Game Play Window Closed.
[22/11/2014 06:23:33 PM] : Game Closed
