[22/11/2014 05:12:09 PM] : Game Initialized.
[22/11/2014 05:12:10 PM] : Play button clicked.
[22/11/2014 05:12:10 PM] : MapChooser Screen open
[22/11/2014 05:12:10 PM] : Listed all mapfiles from MapFiel folder
[22/11/2014 05:12:13 PM] : Let's Play clicked.
[22/11/2014 05:12:13 PM] : User's map file:chital.team7
[22/11/2014 05:12:13 PM] : Game Play Started.
[22/11/2014 05:12:13 PM] : Game Play Screen initialized.
[22/11/2014 05:12:13 PM] : Basic Images are loaded successfully.
[22/11/2014 05:12:13 PM] : First Level get started
[22/11/2014 05:12:13 PM] : 5 New Creatures Created.
[22/11/2014 05:12:13 PM] : Game Play Start
[22/11/2014 05:12:15 PM] : Mob Id:0 get started moving.
[22/11/2014 05:12:16 PM] : Tower Id:3 placed at (1,4)
[22/11/2014 05:12:16 PM] : Tower Inspection window showed for Tower:3 at (1,4)
[22/11/2014 05:12:17 PM] : Mob Id:1 get started moving.
[22/11/2014 05:12:17 PM] : Tower Id:4 placed at (4,4)
[22/11/2014 05:12:17 PM] : Tower Inspection window showed for Tower:4 at (4,4)
[22/11/2014 05:12:18 PM] : Mob Id:2 get started moving.
[22/11/2014 05:12:20 PM] : Mob Id:3 get started moving.
[22/11/2014 05:12:20 PM] : Tower Id:5 placed at (5,2)
[22/11/2014 05:12:20 PM] : Tower Inspection window showed for Tower:5 at (5,2)
[22/11/2014 05:12:21 PM] : Mob Id:4 get started moving.
[22/11/2014 05:12:22 PM] : Tower Id:6 placed at (8,4)
[22/11/2014 05:12:22 PM] : Tower Inspection window showed for Tower:6 at (8,4)
[22/11/2014 05:12:23 PM] : Game Play Window Closed.
[22/11/2014 05:12:23 PM] : Game Closed
