[22/11/2014 08:37:16 PM] : Game Initialized.
[22/11/2014 08:37:19 PM] : Play button clicked.
[22/11/2014 08:37:19 PM] : MapChooser Screen open
[22/11/2014 08:37:19 PM] : Listed all mapfiles from MapFiel folder
[22/11/2014 08:37:24 PM] : Let's Play clicked.
[22/11/2014 08:37:24 PM] : User's map file:chital.team7
[22/11/2014 08:37:24 PM] : Game Play Started.
[22/11/2014 08:37:24 PM] : Game Play Screen initialized.
[22/11/2014 08:37:25 PM] : Basic Images are loaded successfully.
[22/11/2014 08:37:25 PM] : First Level get started
[22/11/2014 08:37:25 PM] : 5 New Creatures Created.
[22/11/2014 08:37:25 PM] : Game Play Start
[22/11/2014 08:37:27 PM] : Mob Id:0 get started moving.
[22/11/2014 08:37:28 PM] : Mob Id:1 get started moving.
[22/11/2014 08:37:28 PM] : Tower Id:3 placed at (1,4)
[22/11/2014 08:37:28 PM] : Tower Inspection window showed for Tower:3 at (1,4)
[22/11/2014 08:37:29 PM] : Mob Id:2 get started moving.
[22/11/2014 08:37:31 PM] : Mob Id:3 get started moving.
[22/11/2014 08:37:33 PM] : Mob Id:4 get started moving.
[22/11/2014 08:37:36 PM] : Mob Killed, Mob Id :0
[22/11/2014 08:37:36 PM] : Mob killing reward added to main amount.
[22/11/2014 08:37:39 PM] : Tower Id:3 removed from (1,4)
[22/11/2014 08:37:39 PM] : Tower Sell reward done.
[22/11/2014 08:37:42 PM] : Game Play Window Closed.
[22/11/2014 08:37:42 PM] : Game Closed
