[22/11/2014 05:56:25 PM] : Game Initialized.
[22/11/2014 05:56:27 PM] : Play button clicked.
[22/11/2014 05:56:27 PM] : MapChooser Screen open
[22/11/2014 05:56:27 PM] : Listed all mapfiles from MapFiel folder
[22/11/2014 05:56:29 PM] : Let's Play clicked.
[22/11/2014 05:56:29 PM] : User's map file:chital.team7
[22/11/2014 05:56:29 PM] : Game Play Started.
[22/11/2014 05:56:29 PM] : Game Play Screen initialized.
[22/11/2014 05:56:29 PM] : Basic Images are loaded successfully.
[22/11/2014 05:56:29 PM] : First Level get started
[22/11/2014 05:56:29 PM] : 5 New Creatures Created.
[22/11/2014 05:56:29 PM] : Game Play Start
[22/11/2014 05:56:31 PM] : Tower Id:3 placed at (1,4)
[22/11/2014 05:56:31 PM] : Tower Inspection window showed for Tower:3 at (1,4)
[22/11/2014 05:56:31 PM] : Mob Id:0 get started moving.
[22/11/2014 05:56:32 PM] : Tower Upgrade to Level:2 Range:64 Rate:2
[22/11/2014 05:56:32 PM] : Tower Upgrade cost deducted from total money.
[22/11/2014 05:56:32 PM] : Tower Upgrade to Level:3 Range:84 Rate:3
[22/11/2014 05:56:32 PM] : Tower Upgrade cost deducted from total money.
[22/11/2014 05:56:33 PM] : Mob Id:1 get started moving.
[22/11/2014 05:56:34 PM] : Tower Id:5 placed at (8,4)
[22/11/2014 05:56:34 PM] : Tower Inspection window showed for Tower:5 at (8,4)
[22/11/2014 05:56:34 PM] : Mob Id:2 get started moving.
[22/11/2014 05:56:35 PM] : Tower Id:4 placed at (5,2)
[22/11/2014 05:56:35 PM] : Tower Inspection window showed for Tower:4 at (5,2)
[22/11/2014 05:56:36 PM] : Mob Id:3 get started moving.
[22/11/2014 05:56:36 PM] : Mob Killed, Mob Id :0
[22/11/2014 05:56:36 PM] : Mob killing reward added to main amount.
[22/11/2014 05:56:37 PM] : Mob Id:4 get started moving.
[22/11/2014 05:56:38 PM] : Mob Killed, Mob Id :1
[22/11/2014 05:56:38 PM] : Mob killing reward added to main amount.
[22/11/2014 05:56:39 PM] : Game Play Window Closed.
[22/11/2014 05:56:39 PM] : Game Closed
