[22/11/2014 05:46:48 PM] : Game Initialized.
[22/11/2014 05:46:49 PM] : Play button clicked.
[22/11/2014 05:46:50 PM] : MapChooser Screen open
[22/11/2014 05:46:50 PM] : Listed all mapfiles from MapFiel folder
[22/11/2014 05:46:50 PM] : Let's Play clicked.
[22/11/2014 05:46:50 PM] : User's map file:14.11.2014 03_47_55 PM.team7
[22/11/2014 05:46:51 PM] : Game Play Started.
[22/11/2014 05:46:51 PM] : Game Play Screen initialized.
[22/11/2014 05:46:51 PM] : Basic Images are loaded successfully.
[22/11/2014 05:46:51 PM] : First Level get started
[22/11/2014 05:46:51 PM] : 5 New Creatures Created.
[22/11/2014 05:46:51 PM] : Game Play Start
[22/11/2014 05:46:53 PM] : Mob Id:0 get started moving.
[22/11/2014 05:46:54 PM] : Tower Id:3 placed at (1,1)
[22/11/2014 05:46:54 PM] : Tower Inspection window showed for Tower:3 at (1,1)
[22/11/2014 05:46:55 PM] : Mob Id:1 get started moving.
[22/11/2014 05:46:56 PM] : Mob Id:2 get started moving.
[22/11/2014 05:46:58 PM] : Mob Id:3 get started moving.
[22/11/2014 05:46:59 PM] : Mob Id:4 get started moving.
[22/11/2014 05:47:01 PM] : Game Play Window Closed.
[22/11/2014 05:47:01 PM] : Game Closed
