[22/11/2014 10:17:07 PM] : Game Initialized.
[22/11/2014 10:17:09 PM] : Play button clicked.
[22/11/2014 10:17:09 PM] : MapChooser Screen open
[22/11/2014 10:17:09 PM] : Listed all mapfiles from MapFiel folder
[22/11/2014 10:17:12 PM] : Let's Play clicked.
[22/11/2014 10:17:12 PM] : User's map file:chital.team7
[22/11/2014 10:17:12 PM] : Game Play Started.
[22/11/2014 10:17:12 PM] : Game Play Screen initialized.
[22/11/2014 10:17:12 PM] : Basic Images are loaded successfully.
[22/11/2014 10:17:12 PM] : First Level get started
[22/11/2014 10:17:12 PM] : 5 New Creatures Created.
[22/11/2014 10:17:12 PM] : Game Play Start
[22/11/2014 10:17:14 PM] : Mob Id:0 get started moving.
[22/11/2014 10:17:15 PM] : Tower Id:3 placed at (1,4)
[22/11/2014 10:17:15 PM] : Tower Inspection window showed for Tower:3 at (1,4)
[22/11/2014 10:17:15 PM] : Mob Id:1 get started moving.
[22/11/2014 10:17:17 PM] : Mob Id:2 get started moving.
[22/11/2014 10:17:18 PM] : Mob Id:3 get started moving.
[22/11/2014 10:17:19 PM] : Mob Id:4 get started moving.
[22/11/2014 10:17:22 PM] : Tower Id:3 removed from (1,4)
[22/11/2014 10:17:22 PM] : Tower Sell reward done.
[22/11/2014 10:17:24 PM] : Tower Id:3 placed at (2,4)
[22/11/2014 10:17:24 PM] : Tower Inspection window showed for Tower:3 at (2,4)
[22/11/2014 10:17:35 PM] : Game Play Window Closed.
[22/11/2014 10:17:35 PM] : Game Closed
