[26/11/2014 06:32:26 PM] : Game Initialized.
[26/11/2014 06:32:28 PM] : Load Game clicked.
[26/11/2014 06:32:28 PM] : Game Play Started.
[26/11/2014 06:32:28 PM] : Game Play Screen initialized.
[26/11/2014 06:32:28 PM] : Basic Images are loaded successfully.
[26/11/2014 06:32:29 PM] : Game Loaded
[26/11/2014 06:32:29 PM] : 5 New Creatures Created.
[26/11/2014 06:32:29 PM] : Game Loaded
[26/11/2014 06:32:29 PM] : 5 New Creatures Created.
[26/11/2014 06:32:29 PM] : Game Play Start
[26/11/2014 06:32:31 PM] : Mob Id:0 get started moving.
[26/11/2014 06:32:31 PM] : Tower Id:-1 removed from (1,4)
[26/11/2014 06:32:31 PM] : Tower Sell reward done.
[26/11/2014 06:32:32 PM] : Mob Id:1 get started moving.
[26/11/2014 06:32:34 PM] : Mob Killed, Mob Id :0
[26/11/2014 06:32:34 PM] : Mob killing reward added to main amount.
[26/11/2014 06:32:34 PM] : Mob Id:2 get started moving.
[26/11/2014 06:32:35 PM] : Mob Id:3 get started moving.
[26/11/2014 06:32:35 PM] : Mob Killed, Mob Id :1
[26/11/2014 06:32:35 PM] : Mob killing reward added to main amount.
[26/11/2014 06:32:37 PM] : Mob Id:4 get started moving.
[26/11/2014 06:32:38 PM] : Mob Killed, Mob Id :2
[26/11/2014 06:32:38 PM] : Mob killing reward added to main amount.
[26/11/2014 06:32:40 PM] : Mob Killed, Mob Id :4
[26/11/2014 06:32:40 PM] : Mob killing reward added to main amount.
[26/11/2014 06:32:41 PM] : Mob Killed, Mob Id :3
[26/11/2014 06:32:41 PM] : Mob killing reward added to main amount.
[26/11/2014 06:32:41 PM] : Game Saved
[26/11/2014 06:32:41 PM] : Game Level Upgraded to : 3
[26/11/2014 06:32:41 PM] : new Creatures : 5
[26/11/2014 06:32:42 PM] : Mob Id:0 get started moving.
[26/11/2014 06:32:44 PM] : Mob Id:1 get started moving.
[26/11/2014 06:32:44 PM] : Game Play Window Closed.
[26/11/2014 06:32:44 PM] : Game Closed
