[27/11/2014 01:43:54 PM] : Game Initialized.
[27/11/2014 01:43:59 PM] : Game Play Started.
[27/11/2014 01:43:59 PM] : Game Play Screen initialized.
[27/11/2014 01:43:59 PM] : Basic Images are loaded successfully.
[27/11/2014 01:43:59 PM] : Game Loaded
[27/11/2014 01:43:59 PM] : 10 New Creatures Created.
[27/11/2014 01:43:59 PM] : Game Loaded
[27/11/2014 01:43:59 PM] : 10 New Creatures Created.
[27/11/2014 01:43:59 PM] : Game Play Start
[27/11/2014 01:44:01 PM] : Mob Id:0 get started moving.
[27/11/2014 01:44:02 PM] : Mob Id:1 get started moving.
[27/11/2014 01:44:03 PM] : Mob Killed, Mob Id :0
[27/11/2014 01:44:03 PM] : Mob killing reward added to main amount.
[27/11/2014 01:44:03 PM] : Mob Id:2 get started moving.
[27/11/2014 01:44:04 PM] : Mob Id:3 get started moving.
[27/11/2014 01:44:05 PM] : Mob Killed, Mob Id :1
[27/11/2014 01:44:05 PM] : Mob killing reward added to main amount.
[27/11/2014 01:44:06 PM] : Mob Id:4 get started moving.
[27/11/2014 01:44:07 PM] : Mob Killed, Mob Id :2
[27/11/2014 01:44:07 PM] : Mob killing reward added to main amount.
[27/11/2014 01:44:07 PM] : Mob Id:5 get started moving.
[27/11/2014 01:44:08 PM] : Mob Id:6 get started moving.
[27/11/2014 01:44:09 PM] : Mob Killed, Mob Id :4
[27/11/2014 01:44:09 PM] : Mob killing reward added to main amount.
[27/11/2014 01:44:09 PM] : Mob Id:7 get started moving.
[27/11/2014 01:44:09 PM] : Mob Killed, Mob Id :3
[27/11/2014 01:44:09 PM] : Mob killing reward added to main amount.
[27/11/2014 01:44:10 PM] : Mob Killed, Mob Id :5
[27/11/2014 01:44:10 PM] : Mob killing reward added to main amount.
[27/11/2014 01:44:10 PM] : Mob Id:8 get started moving.
[27/11/2014 01:44:11 PM] : Mob Id:9 get started moving.
[27/11/2014 01:44:12 PM] : Mob Killed, Mob Id :6
[27/11/2014 01:44:12 PM] : Mob killing reward added to main amount.
[27/11/2014 01:44:14 PM] : Mob Killed, Mob Id :8
[27/11/2014 01:44:14 PM] : Mob killing reward added to main amount.
[27/11/2014 01:44:14 PM] : Mob Killed, Mob Id :7
[27/11/2014 01:44:14 PM] : Mob killing reward added to main amount.
[27/11/2014 01:44:14 PM] : Mob Killed, Mob Id :9
[27/11/2014 01:44:14 PM] : Mob killing reward added to main amount.
[27/11/2014 01:44:14 PM] : Game Saved
[27/11/2014 01:44:15 PM] : Game Level Upgraded to : 3
[27/11/2014 01:44:15 PM] : new Creatures : 20
[27/11/2014 01:44:15 PM] : Mob Id:0 get started moving.
[27/11/2014 01:44:16 PM] : Mob Id:1 get started moving.
[27/11/2014 01:44:16 PM] : Game Play Window Closed.
[27/11/2014 01:44:16 PM] : Game Closed
