[27/11/2014 01:30:11 PM] : Game Initialized.
[27/11/2014 01:30:16 PM] : Game Play Started.
[27/11/2014 01:30:16 PM] : Game Play Screen initialized.
[27/11/2014 01:30:16 PM] : Basic Images are loaded successfully.
[27/11/2014 01:30:16 PM] : First Level get started
[27/11/2014 01:30:16 PM] : 5 New Creatures Created.
[27/11/2014 01:30:16 PM] : First Level get started
[27/11/2014 01:30:16 PM] : 5 New Creatures Created.
[27/11/2014 01:30:17 PM] : Game Play Start
[27/11/2014 01:30:18 PM] : Mob Id:0 get started moving.
[27/11/2014 01:30:20 PM] : Mob Id:1 get started moving.
[27/11/2014 01:30:20 PM] : Mob Killed, Mob Id :0
[27/11/2014 01:30:20 PM] : Mob killing reward added to main amount.
[27/11/2014 01:30:21 PM] : Mob Id:2 get started moving.
[27/11/2014 01:30:22 PM] : Mob Killed, Mob Id :1
[27/11/2014 01:30:22 PM] : Mob killing reward added to main amount.
[27/11/2014 01:30:23 PM] : Mob Id:3 get started moving.
[27/11/2014 01:30:23 PM] : Mob Killed, Mob Id :2
[27/11/2014 01:30:23 PM] : Mob killing reward added to main amount.
[27/11/2014 01:30:24 PM] : Tower Id:-1 removed from (1,4)
[27/11/2014 01:30:24 PM] : Tower Sell reward done.
[27/11/2014 01:30:24 PM] : Mob Id:4 get started moving.
[27/11/2014 01:30:25 PM] : Mob Killed, Mob Id :3
[27/11/2014 01:30:25 PM] : Mob killing reward added to main amount.
[27/11/2014 01:30:27 PM] : Mob Killed, Mob Id :4
[27/11/2014 01:30:27 PM] : Mob killing reward added to main amount.
[27/11/2014 01:30:27 PM] : Game Saved
[27/11/2014 01:30:27 PM] : Game Level Upgraded to : 2
[27/11/2014 01:30:27 PM] : new Creatures : 10
[27/11/2014 01:30:27 PM] : Tower Id:4 placed at (1,4)
[27/11/2014 01:30:27 PM] : Tower Inspection window showed for Tower:4 at (1,4)
[27/11/2014 01:30:28 PM] : Mob Id:0 get started moving.
[27/11/2014 01:30:29 PM] : Mob Id:1 get started moving.
[27/11/2014 01:30:30 PM] : Mob Killed, Mob Id :0
[27/11/2014 01:30:30 PM] : Mob killing reward added to main amount.
[27/11/2014 01:30:30 PM] : Mob Id:2 get started moving.
[27/11/2014 01:30:32 PM] : Mob Id:3 get started moving.
[27/11/2014 01:30:32 PM] : Mob Killed, Mob Id :1
[27/11/2014 01:30:32 PM] : Mob killing reward added to main amount.
[27/11/2014 01:30:33 PM] : Mob Id:4 get started moving.
[27/11/2014 01:30:34 PM] : Mob Killed, Mob Id :2
[27/11/2014 01:30:34 PM] : Mob killing reward added to main amount.
[27/11/2014 01:30:34 PM] : Mob Id:5 get started moving.
[27/11/2014 01:30:36 PM] : Mob Id:6 get started moving.
[27/11/2014 01:30:37 PM] : Mob Killed, Mob Id :4
[27/11/2014 01:30:37 PM] : Mob killing reward added to main amount.
[27/11/2014 01:30:37 PM] : Mob Killed, Mob Id :3
[27/11/2014 01:30:37 PM] : Mob killing reward added to main amount.
[27/11/2014 01:30:37 PM] : Mob Id:7 get started moving.
[27/11/2014 01:30:38 PM] : Mob Killed, Mob Id :5
[27/11/2014 01:30:38 PM] : Mob killing reward added to main amount.
[27/11/2014 01:30:39 PM] : Mob Id:8 get started moving.
[27/11/2014 01:30:40 PM] : Mob Id:9 get started moving.
[27/11/2014 01:30:40 PM] : Mob Killed, Mob Id :6
[27/11/2014 01:30:40 PM] : Mob killing reward added to main amount.
[27/11/2014 01:30:43 PM] : Mob Killed, Mob Id :8
[27/11/2014 01:30:43 PM] : Mob killing reward added to main amount.
[27/11/2014 01:30:43 PM] : Mob Killed, Mob Id :7
[27/11/2014 01:30:43 PM] : Mob killing reward added to main amount.
[27/11/2014 01:30:44 PM] : Mob Killed, Mob Id :9
[27/11/2014 01:30:44 PM] : Mob killing reward added to main amount.
[27/11/2014 01:30:44 PM] : Game Saved
[27/11/2014 01:30:44 PM] : Game Level Upgraded to : 3
[27/11/2014 01:30:44 PM] : new Creatures : 20
[27/11/2014 01:30:44 PM] : Mob Id:0 get started moving.
[27/11/2014 01:30:45 PM] : Tower Inspection window showed for Tower:4 at (1,4)
[27/11/2014 01:30:45 PM] : Mob Id:1 get started moving.
[27/11/2014 01:30:46 PM] : Tower Upgrade to Level:5 Range:88 Rate:3
[27/11/2014 01:30:46 PM] : Tower Upgrade cost deducted from total money.
[27/11/2014 01:30:47 PM] : Mob Id:2 get started moving.
[27/11/2014 01:30:47 PM] : Mob Killed, Mob Id :0
[27/11/2014 01:30:47 PM] : Mob killing reward added to main amount.
[27/11/2014 01:30:48 PM] : Mob Id:3 get started moving.
[27/11/2014 01:30:49 PM] : Mob Id:4 get started moving.
[27/11/2014 01:30:50 PM] : Mob Killed, Mob Id :1
[27/11/2014 01:30:50 PM] : Mob killing reward added to main amount.
[27/11/2014 01:30:51 PM] : Mob Id:5 get started moving.
[27/11/2014 01:30:52 PM] : Mob Killed, Mob Id :2
[27/11/2014 01:30:52 PM] : Mob killing reward added to main amount.
[27/11/2014 01:30:52 PM] : Mob Id:6 get started moving.
[27/11/2014 01:30:52 PM] : Game Play Window Closed.
[27/11/2014 01:30:52 PM] : Game Closed
