[27/11/2014 01:23:03 PM] : Game Initialized.
[27/11/2014 01:23:09 PM] : Game Play Started.
[27/11/2014 01:23:09 PM] : Game Play Screen initialized.
[27/11/2014 01:23:09 PM] : Basic Images are loaded successfully.
[27/11/2014 01:23:09 PM] : Game Loaded
[27/11/2014 01:23:09 PM] : 5 New Creatures Created.
[27/11/2014 01:23:09 PM] : Game Loaded
[27/11/2014 01:23:09 PM] : 5 New Creatures Created.
[27/11/2014 01:23:09 PM] : Game Play Start
[27/11/2014 01:23:11 PM] : Mob Id:0 get started moving.
[27/11/2014 01:23:13 PM] : Mob Id:1 get started moving.
[27/11/2014 01:23:14 PM] : Mob Id:2 get started moving.
[27/11/2014 01:23:15 PM] : Mob Killed, Mob Id :0
[27/11/2014 01:23:15 PM] : Mob killing reward added to main amount.
[27/11/2014 01:23:15 PM] : Mob Id:3 get started moving.
[27/11/2014 01:23:17 PM] : Mob Id:4 get started moving.
[27/11/2014 01:23:18 PM] : Mob Killed, Mob Id :1
[27/11/2014 01:23:18 PM] : Mob killing reward added to main amount.
[27/11/2014 01:23:21 PM] : Mob Killed, Mob Id :4
[27/11/2014 01:23:21 PM] : Mob killing reward added to main amount.
[27/11/2014 01:23:23 PM] : Mob Killed, Mob Id :2
[27/11/2014 01:23:23 PM] : Mob killing reward added to main amount.
[27/11/2014 01:23:24 PM] : Mob Killed, Mob Id :3
[27/11/2014 01:23:24 PM] : Mob killing reward added to main amount.
[27/11/2014 01:23:24 PM] : Game Saved
[27/11/2014 01:23:24 PM] : Game Level Upgraded to : 4
[27/11/2014 01:23:24 PM] : new Creatures : 40
[27/11/2014 01:23:26 PM] : Game Play Window Closed.
[27/11/2014 01:23:26 PM] : Game Closed
