[27/11/2014 01:28:40 PM] : Game Initialized.
[27/11/2014 01:28:45 PM] : Game Play Started.
[27/11/2014 01:28:45 PM] : Game Play Screen initialized.
[27/11/2014 01:28:45 PM] : Basic Images are loaded successfully.
[27/11/2014 01:28:45 PM] : Game Loaded
[27/11/2014 01:28:45 PM] : 5 New Creatures Created.
[27/11/2014 01:28:45 PM] : Game Loaded
[27/11/2014 01:28:45 PM] : 5 New Creatures Created.
[27/11/2014 01:28:45 PM] : Game Play Start
[27/11/2014 01:28:47 PM] : Mob Id:0 get started moving.
[27/11/2014 01:28:49 PM] : Mob Id:1 get started moving.
[27/11/2014 01:28:50 PM] : Mob Id:2 get started moving.
[27/11/2014 01:28:51 PM] : Mob Killed, Mob Id :0
[27/11/2014 01:28:51 PM] : Mob killing reward added to main amount.
[27/11/2014 01:28:51 PM] : Mob Id:3 get started moving.
[27/11/2014 01:28:53 PM] : Mob Id:4 get started moving.
[27/11/2014 01:28:54 PM] : Mob Killed, Mob Id :1
[27/11/2014 01:28:54 PM] : Mob killing reward added to main amount.
[27/11/2014 01:28:56 PM] : Mob Killed, Mob Id :4
[27/11/2014 01:28:56 PM] : Mob killing reward added to main amount.
[27/11/2014 01:28:59 PM] : Mob Killed, Mob Id :2
[27/11/2014 01:28:59 PM] : Mob killing reward added to main amount.
[27/11/2014 01:29:00 PM] : Mob Killed, Mob Id :3
[27/11/2014 01:29:00 PM] : Mob killing reward added to main amount.
[27/11/2014 01:29:00 PM] : Game Saved
[27/11/2014 01:29:00 PM] : Game Level Upgraded to : 4
[27/11/2014 01:29:00 PM] : new Creatures : 40
[27/11/2014 01:29:01 PM] : Mob Id:0 get started moving.
[27/11/2014 01:29:02 PM] : Mob Id:1 get started moving.
[27/11/2014 01:29:03 PM] : Mob Id:2 get started moving.
[27/11/2014 01:29:05 PM] : Mob Id:3 get started moving.
[27/11/2014 01:29:05 PM] : Mob Killed, Mob Id :0
[27/11/2014 01:29:05 PM] : Mob killing reward added to main amount.
[27/11/2014 01:29:06 PM] : Game Play Window Closed.
[27/11/2014 01:29:06 PM] : Game Closed
