[27/11/2014 01:43:27 PM] : Game Initialized.
[27/11/2014 01:43:32 PM] : Game Play Started.
[27/11/2014 01:43:32 PM] : Game Play Screen initialized.
[27/11/2014 01:43:33 PM] : Basic Images are loaded successfully.
[27/11/2014 01:43:33 PM] : Game Loaded
[27/11/2014 01:43:33 PM] : 10 New Creatures Created.
[27/11/2014 01:43:33 PM] : Game Loaded
[27/11/2014 01:43:33 PM] : 10 New Creatures Created.
[27/11/2014 01:43:33 PM] : Game Play Start
[27/11/2014 01:43:34 PM] : Mob Id:0 get started moving.
[27/11/2014 01:43:35 PM] : Mob Id:1 get started moving.
[27/11/2014 01:43:36 PM] : Mob Killed, Mob Id :0
[27/11/2014 01:43:36 PM] : Mob killing reward added to main amount.
[27/11/2014 01:43:37 PM] : Mob Id:2 get started moving.
[27/11/2014 01:43:38 PM] : Mob Id:3 get started moving.
[27/11/2014 01:43:38 PM] : Mob Killed, Mob Id :1
[27/11/2014 01:43:38 PM] : Mob killing reward added to main amount.
[27/11/2014 01:43:39 PM] : Mob Id:4 get started moving.
[27/11/2014 01:43:40 PM] : Mob Killed, Mob Id :2
[27/11/2014 01:43:40 PM] : Mob killing reward added to main amount.
[27/11/2014 01:43:40 PM] : Mob Id:5 get started moving.
[27/11/2014 01:43:41 PM] : Mob Id:6 get started moving.
[27/11/2014 01:43:42 PM] : Mob Killed, Mob Id :4
[27/11/2014 01:43:42 PM] : Mob killing reward added to main amount.
[27/11/2014 01:43:42 PM] : Mob Id:7 get started moving.
[27/11/2014 01:43:42 PM] : Mob Killed, Mob Id :3
[27/11/2014 01:43:42 PM] : Mob killing reward added to main amount.
[27/11/2014 01:43:43 PM] : Mob Killed, Mob Id :5
[27/11/2014 01:43:43 PM] : Mob killing reward added to main amount.
[27/11/2014 01:43:43 PM] : Mob Id:8 get started moving.
[27/11/2014 01:43:45 PM] : Mob Id:9 get started moving.
[27/11/2014 01:43:45 PM] : Mob Killed, Mob Id :6
[27/11/2014 01:43:45 PM] : Mob killing reward added to main amount.
[27/11/2014 01:43:47 PM] : Mob Killed, Mob Id :8
[27/11/2014 01:43:47 PM] : Mob killing reward added to main amount.
[27/11/2014 01:43:47 PM] : Mob Killed, Mob Id :7
[27/11/2014 01:43:47 PM] : Mob killing reward added to main amount.
[27/11/2014 01:43:48 PM] : Mob Killed, Mob Id :9
[27/11/2014 01:43:48 PM] : Mob killing reward added to main amount.
[27/11/2014 01:43:48 PM] : Game Saved
[27/11/2014 01:43:48 PM] : Game Level Upgraded to : 3
[27/11/2014 01:43:48 PM] : new Creatures : 20
[27/11/2014 01:43:48 PM] : Mob Id:0 get started moving.
[27/11/2014 01:43:49 PM] : Mob Id:1 get started moving.
[27/11/2014 01:43:50 PM] : Game Play Window Closed.
[27/11/2014 01:43:50 PM] : Game Closed
