[27/11/2014 01:46:30 PM] : Game Initialized.
[27/11/2014 01:46:34 PM] : Game Play Started.
[27/11/2014 01:46:34 PM] : Game Play Screen initialized.
[27/11/2014 01:46:34 PM] : Basic Images are loaded successfully.
[27/11/2014 01:46:34 PM] : Game Loaded
[27/11/2014 01:46:34 PM] : 10 New Creatures Created.
[27/11/2014 01:46:35 PM] : Game Play Start
[27/11/2014 01:46:36 PM] : Mob Id:0 get started moving.
[27/11/2014 01:46:37 PM] : Mob Id:1 get started moving.
[27/11/2014 01:46:38 PM] : Mob Killed, Mob Id :0
[27/11/2014 01:46:38 PM] : Mob killing reward added to main amount.
[27/11/2014 01:46:38 PM] : Mob Id:2 get started moving.
[27/11/2014 01:46:39 PM] : Mob Id:3 get started moving.
[27/11/2014 01:46:40 PM] : Mob Killed, Mob Id :1
[27/11/2014 01:46:40 PM] : Mob killing reward added to main amount.
[27/11/2014 01:46:41 PM] : Mob Id:4 get started moving.
[27/11/2014 01:46:42 PM] : Mob Killed, Mob Id :2
[27/11/2014 01:46:42 PM] : Mob killing reward added to main amount.
[27/11/2014 01:46:42 PM] : Mob Id:5 get started moving.
[27/11/2014 01:46:43 PM] : Mob Id:6 get started moving.
[27/11/2014 01:46:44 PM] : Mob Killed, Mob Id :4
[27/11/2014 01:46:44 PM] : Mob killing reward added to main amount.
[27/11/2014 01:46:44 PM] : Mob Id:7 get started moving.
[27/11/2014 01:46:44 PM] : Mob Killed, Mob Id :3
[27/11/2014 01:46:44 PM] : Mob killing reward added to main amount.
[27/11/2014 01:46:45 PM] : Mob Killed, Mob Id :5
[27/11/2014 01:46:45 PM] : Mob killing reward added to main amount.
[27/11/2014 01:46:45 PM] : Mob Id:8 get started moving.
[27/11/2014 01:46:46 PM] : Mob Id:9 get started moving.
[27/11/2014 01:46:47 PM] : Mob Killed, Mob Id :6
[27/11/2014 01:46:47 PM] : Mob killing reward added to main amount.
[27/11/2014 01:46:49 PM] : Mob Killed, Mob Id :8
[27/11/2014 01:46:49 PM] : Mob killing reward added to main amount.
[27/11/2014 01:46:49 PM] : Mob Killed, Mob Id :7
[27/11/2014 01:46:49 PM] : Mob killing reward added to main amount.
[27/11/2014 01:46:49 PM] : Mob Killed, Mob Id :9
[27/11/2014 01:46:49 PM] : Mob killing reward added to main amount.
[27/11/2014 01:46:49 PM] : Game Saved
[27/11/2014 01:46:50 PM] : Game Level Upgraded to : 3
[27/11/2014 01:46:50 PM] : new Creatures : 20
[27/11/2014 01:46:50 PM] : Mob Id:0 get started moving.
[27/11/2014 01:46:51 PM] : Mob Id:1 get started moving.
[27/11/2014 01:46:52 PM] : Game Play Window Closed.
[27/11/2014 01:46:52 PM] : Game Closed
