[02/12/2014 02:41:17 AM] : Game Initialized.
[02/12/2014 02:41:19 AM] : Play button clicked.
[02/12/2014 02:41:19 AM] : MapChooser Screen open
[02/12/2014 02:41:19 AM] : Listed all mapfiles from MapFiel folder
[02/12/2014 02:41:20 AM] : Let's Play clicked.
[02/12/2014 02:41:20 AM] : User's map file:7_8.team7
[02/12/2014 02:41:20 AM] : Game Play Started.
[02/12/2014 02:41:20 AM] : Game Play Screen initialized.
[02/12/2014 02:41:20 AM] : Basic Images are loaded successfully.
[02/12/2014 02:41:20 AM] : First Level get started
[02/12/2014 02:41:20 AM] : 5 New Creatures Created.
[02/12/2014 02:41:20 AM] : First Level get started
[02/12/2014 02:41:20 AM] : 5 New Creatures Created.
[02/12/2014 02:41:21 AM] : Game Play Start
[02/12/2014 02:41:22 AM] : Tower Id:3 placed at (4,2)
[02/12/2014 02:41:22 AM] : Tower Inspection window showed for Tower:3 at (4,2)
[02/12/2014 02:41:22 AM] : Mob Id:0 get started moving.
[02/12/2014 02:41:24 AM] : Tower Id:4 placed at (1,3)
[02/12/2014 02:41:24 AM] : Tower Inspection window showed for Tower:4 at (1,3)
[02/12/2014 02:41:24 AM] : Mob Id:1 get started moving.
[02/12/2014 02:41:25 AM] : Mob Id:2 get started moving.
[02/12/2014 02:41:27 AM] : Mob Id:3 get started moving.
[02/12/2014 02:41:27 AM] : Tower Id:5 placed at (3,5)
[02/12/2014 02:41:27 AM] : Tower Inspection window showed for Tower:5 at (3,5)
[02/12/2014 02:41:29 AM] : Tower Id:6 placed at (0,4)
[02/12/2014 02:41:29 AM] : Tower Inspection window showed for Tower:6 at (0,4)
[02/12/2014 02:41:29 AM] : Mob Id:4 get started moving.
[02/12/2014 02:41:30 AM] : Tower Inspection window showed for Tower:3 at (4,2)
[02/12/2014 02:41:37 AM] : Tower Inspection window showed for Tower:4 at (1,3)
[02/12/2014 02:41:45 AM] : Mob Killed, Mob Id :0
[02/12/2014 02:41:45 AM] : Mob killing reward added to main amount.
[02/12/2014 02:41:47 AM] : Tower Inspection window showed for Tower:6 at (0,4)
[02/12/2014 02:41:48 AM] : Tower Inspection window showed for Tower:3 at (4,2)
[02/12/2014 02:41:49 AM] : Tower Inspection window showed for Tower:5 at (3,5)
[02/12/2014 02:41:49 AM] : Tower Inspection window showed for Tower:4 at (1,3)
[02/12/2014 02:41:49 AM] : Mob Killed, Mob Id :2
[02/12/2014 02:41:49 AM] : Mob killing reward added to main amount.
[02/12/2014 02:41:50 AM] : Tower Inspection window showed for Tower:6 at (0,4)
[02/12/2014 02:41:51 AM] : Game Play Window Closed.
[02/12/2014 02:41:51 AM] : Game Closed
